==============================
dataset: Motor
model  : DeepConvNet
seed   : 2024
gpu    : 3
数据比例-----训练集:验证集:测试集 = (3862, 1, 64, 1000):(966, 1, 64, 1000):(2400, 1, 64, 1000)
=====================data are prepared===============
累计用时20.8038s!
--------------------开始训练!--------------------
Epoch:10	Train_acc:0.5938	Val_acc:0.5580	Train_loss:0.834289	Val_loss:0.942161
  Train_F1:0.5754, BCA:0.5942, EER:0.2951 | Val_F1:0.5491, BCA:0.5580, EER:0.2922
Epoch:20	Train_acc:0.6573	Val_acc:0.5890	Train_loss:0.723299	Val_loss:0.909555
  Train_F1:0.6512, BCA:0.6574, EER:0.2437 | Val_F1:0.5918, BCA:0.5890, EER:0.2743
Epoch:30	Train_acc:0.6906	Val_acc:0.6294	Train_loss:0.661134	Val_loss:0.825062
  Train_F1:0.6869, BCA:0.6908, EER:0.2148 | Val_F1:0.6318, BCA:0.6294, EER:0.2575
Epoch:40	Train_acc:0.7107	Val_acc:0.6315	Train_loss:0.616762	Val_loss:0.880118
  Train_F1:0.7090, BCA:0.7109, EER:0.2049 | Val_F1:0.6312, BCA:0.6315, EER:0.2557
Epoch:50	Train_acc:0.7281	Val_acc:0.6532	Train_loss:0.591924	Val_loss:0.822499
  Train_F1:0.7279, BCA:0.7281, EER:0.1904 | Val_F1:0.6521, BCA:0.6532, EER:0.2570
Epoch:60	Train_acc:0.7529	Val_acc:0.6429	Train_loss:0.547762	Val_loss:0.842102
  Train_F1:0.7521, BCA:0.7528, EER:0.1723 | Val_F1:0.6473, BCA:0.6429, EER:0.2453
Epoch:70	Train_acc:0.7740	Val_acc:0.6636	Train_loss:0.509091	Val_loss:0.828683
  Train_F1:0.7738, BCA:0.7741, EER:0.1586 | Val_F1:0.6684, BCA:0.6636, EER:0.2415
Epoch:80	Train_acc:0.7953	Val_acc:0.6729	Train_loss:0.470924	Val_loss:0.855486
  Train_F1:0.7949, BCA:0.7953, EER:0.1408 | Val_F1:0.6775, BCA:0.6729, EER:0.2365
Epoch:90	Train_acc:0.8268	Val_acc:0.6946	Train_loss:0.404060	Val_loss:0.987704
  Train_F1:0.8268, BCA:0.8269, EER:0.1184 | Val_F1:0.6919, BCA:0.6946, EER:0.2177
Epoch:100	Train_acc:0.8615	Val_acc:0.6946	Train_loss:0.350232	Val_loss:0.943366
  Train_F1:0.8613, BCA:0.8614, EER:0.1005 | Val_F1:0.6967, BCA:0.6946, EER:0.2192
Epoch:110	Train_acc:0.8635	Val_acc:0.6946	Train_loss:0.336295	Val_loss:0.977220
  Train_F1:0.8633, BCA:0.8636, EER:0.0964 | Val_F1:0.6951, BCA:0.6946, EER:0.2241
Epoch:120	Train_acc:0.8914	Val_acc:0.7112	Train_loss:0.289094	Val_loss:0.879053
  Train_F1:0.8915, BCA:0.8914, EER:0.0799 | Val_F1:0.7128, BCA:0.7112, EER:0.2109
Epoch:130	Train_acc:0.9021	Val_acc:0.7112	Train_loss:0.247238	Val_loss:0.912030
  Train_F1:0.9021, BCA:0.9021, EER:0.0675 | Val_F1:0.7120, BCA:0.7112, EER:0.2107
Epoch:140	Train_acc:0.9214	Val_acc:0.6863	Train_loss:0.202201	Val_loss:1.226711
  Train_F1:0.9214, BCA:0.9214, EER:0.0566 | Val_F1:0.6877, BCA:0.6863, EER:0.2158
Epoch:150	Train_acc:0.9427	Val_acc:0.6998	Train_loss:0.144364	Val_loss:1.107911
  Train_F1:0.9427, BCA:0.9427, EER:0.0396 | Val_F1:0.7031, BCA:0.6998, EER:0.2200
Epoch:160	Train_acc:0.9607	Val_acc:0.6946	Train_loss:0.108355	Val_loss:1.228706
  Train_F1:0.9607, BCA:0.9607, EER:0.0278 | Val_F1:0.6967, BCA:0.6946, EER:0.2171
Early stopping triggered at epoch 165.
--------------------训练完成!--------------------
总训练轮数-165, 早停轮数-134
验证集最佳准确率为72.05%
验证集平均准确率为65.37%
=====================model are trained===============
累计用时35296.4696s!
测试集平均指标为  Acc:63.58%;  F1:63.61%;  BCA:63.58%; EER:26.61%;
=====================test are done===================
训练集:验证集:测试集=3862:966:2400
SEED       Acc        F1         BCA        EER       
2024       0.6358     0.6361     0.6358     0.2661    
2025       0.0000     0.0000     0.0000     0.0000    
2026       0.0000     0.0000     0.0000     0.0000    
2027       0.0000     0.0000     0.0000     0.0000    
2028       0.0000     0.0000     0.0000     0.0000    
Avg        0.6358     0.6361     0.6358     0.2661    
Std        0.0000     0.0000     0.0000     0.0000    
==============================
dataset: Motor
model  : DeepConvNet
seed   : 2025
gpu    : 3
数据比例-----训练集:验证集:测试集 = (3862, 1, 64, 1000):(966, 1, 64, 1000):(2400, 1, 64, 1000)
=====================data are prepared===============
累计用时72.0568s!
--------------------开始训练!--------------------
Epoch:10	Train_acc:0.4734	Val_acc:0.4576	Train_loss:1.012915	Val_loss:1.083036
  Train_F1:0.4373, BCA:0.4736, EER:0.4115 | Val_F1:0.4191, BCA:0.4576, EER:0.3962
Epoch:20	Train_acc:0.7333	Val_acc:0.6211	Train_loss:0.623728	Val_loss:0.994441
  Train_F1:0.7311, BCA:0.7336, EER:0.1999 | Val_F1:0.6210, BCA:0.6211, EER:0.2596
Epoch:30	Train_acc:0.8508	Val_acc:0.6698	Train_loss:0.375198	Val_loss:0.908374
  Train_F1:0.8504, BCA:0.8508, EER:0.1087 | Val_F1:0.6692, BCA:0.6698, EER:0.2396
Epoch:40	Train_acc:0.9057	Val_acc:0.6594	Train_loss:0.238861	Val_loss:1.199116
  Train_F1:0.9057, BCA:0.9057, EER:0.0693 | Val_F1:0.6602, BCA:0.6594, EER:0.2453
Epoch:50	Train_acc:0.9396	Val_acc:0.6605	Train_loss:0.156454	Val_loss:1.380199
  Train_F1:0.9396, BCA:0.9396, EER:0.0454 | Val_F1:0.6612, BCA:0.6605, EER:0.2394
Epoch:60	Train_acc:0.9482	Val_acc:0.6687	Train_loss:0.136403	Val_loss:1.350664
  Train_F1:0.9482, BCA:0.9482, EER:0.0358 | Val_F1:0.6702, BCA:0.6687, EER:0.2394
Epoch:70	Train_acc:0.9628	Val_acc:0.6843	Train_loss:0.105785	Val_loss:1.610829
  Train_F1:0.9628, BCA:0.9628, EER:0.0267 | Val_F1:0.6850, BCA:0.6843, EER:0.2352
Epoch:80	Train_acc:0.9760	Val_acc:0.6677	Train_loss:0.070036	Val_loss:1.520056
  Train_F1:0.9760, BCA:0.9760, EER:0.0184 | Val_F1:0.6677, BCA:0.6677, EER:0.2321
Epoch:90	Train_acc:0.9719	Val_acc:0.6781	Train_loss:0.081272	Val_loss:1.557021
  Train_F1:0.9719, BCA:0.9719, EER:0.0205 | Val_F1:0.6786, BCA:0.6781, EER:0.2267
Epoch:100	Train_acc:0.9773	Val_acc:0.6791	Train_loss:0.061532	Val_loss:1.762512
  Train_F1:0.9773, BCA:0.9774, EER:0.0167 | Val_F1:0.6786, BCA:0.6791, EER:0.2301
Early stopping triggered at epoch 107.
--------------------训练完成!--------------------
总训练轮数-107, 早停轮数-76
验证集最佳准确率为69.77%
验证集平均准确率为63.18%
=====================model are trained===============
累计用时23025.9050s!
测试集平均指标为  Acc:61.25%;  F1:61.34%;  BCA:61.25%; EER:28.48%;
=====================test are done===================
训练集:验证集:测试集=3862:966:2400
SEED       Acc        F1         BCA        EER       
2024       0.6358     0.6361     0.6358     0.2661    
2025       0.6125     0.6134     0.6125     0.2848    
2026       0.0000     0.0000     0.0000     0.0000    
2027       0.0000     0.0000     0.0000     0.0000    
2028       0.0000     0.0000     0.0000     0.0000    
Avg        0.6242     0.6247     0.6242     0.2755    
Std        0.0117     0.0114     0.0117     0.0093    
==============================
dataset: Motor
model  : DeepConvNet
seed   : 2026
gpu    : 3
数据比例-----训练集:验证集:测试集 = (3862, 1, 64, 1000):(966, 1, 64, 1000):(2400, 1, 64, 1000)
=====================data are prepared===============
累计用时45.4055s!
--------------------开始训练!--------------------
Epoch:10	Train_acc:0.5049	Val_acc:0.4824	Train_loss:0.950843	Val_loss:0.970992
  Train_F1:0.4932, BCA:0.5048, EER:0.3521 | Val_F1:0.4819, BCA:0.4824, EER:0.3582
Epoch:20	Train_acc:0.6445	Val_acc:0.6532	Train_loss:0.758914	Val_loss:0.788032
  Train_F1:0.6378, BCA:0.6447, EER:0.2566 | Val_F1:0.6557, BCA:0.6532, EER:0.2495
Epoch:30	Train_acc:0.7172	Val_acc:0.6501	Train_loss:0.657342	Val_loss:0.813131
  Train_F1:0.7147, BCA:0.7173, EER:0.2067 | Val_F1:0.6527, BCA:0.6501, EER:0.2451
Epoch:40	Train_acc:0.7716	Val_acc:0.6594	Train_loss:0.572304	Val_loss:0.798485
  Train_F1:0.7701, BCA:0.7717, EER:0.1676 | Val_F1:0.6612, BCA:0.6594, EER:0.2345
Epoch:50	Train_acc:0.7880	Val_acc:0.6957	Train_loss:0.519834	Val_loss:0.759564
  Train_F1:0.7861, BCA:0.7881, EER:0.1525 | Val_F1:0.6963, BCA:0.6957, EER:0.2101
Epoch:60	Train_acc:0.8411	Val_acc:0.7101	Train_loss:0.396792	Val_loss:0.773448
  Train_F1:0.8403, BCA:0.8413, EER:0.1174 | Val_F1:0.7116, BCA:0.7101, EER:0.2011
Epoch:70	Train_acc:0.8586	Val_acc:0.7091	Train_loss:0.352005	Val_loss:0.776064
  Train_F1:0.8582, BCA:0.8586, EER:0.1014 | Val_F1:0.7098, BCA:0.7091, EER:0.2019
Epoch:80	Train_acc:0.8703	Val_acc:0.6967	Train_loss:0.317252	Val_loss:0.828809
  Train_F1:0.8700, BCA:0.8704, EER:0.0901 | Val_F1:0.6975, BCA:0.6967, EER:0.2003
Epoch:90	Train_acc:0.8854	Val_acc:0.6936	Train_loss:0.290076	Val_loss:0.956641
  Train_F1:0.8851, BCA:0.8855, EER:0.0825 | Val_F1:0.6929, BCA:0.6936, EER:0.2065
Epoch:100	Train_acc:0.9151	Val_acc:0.7153	Train_loss:0.232842	Val_loss:0.930165
  Train_F1:0.9149, BCA:0.9151, EER:0.0604 | Val_F1:0.7160, BCA:0.7153, EER:0.2032
Epoch:110	Train_acc:0.9273	Val_acc:0.7039	Train_loss:0.187264	Val_loss:1.093181
  Train_F1:0.9273, BCA:0.9273, EER:0.0510 | Val_F1:0.7053, BCA:0.7039, EER:0.2078
Epoch:120	Train_acc:0.9388	Val_acc:0.7029	Train_loss:0.152271	Val_loss:1.140888
  Train_F1:0.9388, BCA:0.9388, EER:0.0418 | Val_F1:0.7051, BCA:0.7029, EER:0.2107
Early stopping triggered at epoch 124.
--------------------训练完成!--------------------
总训练轮数-124, 早停轮数-93
验证集最佳准确率为72.57%
验证集平均准确率为66.47%
=====================model are trained===============
累计用时26050.4158s!
测试集平均指标为  Acc:64.50%;  F1:64.54%;  BCA:64.50%; EER:25.80%;
=====================test are done===================
训练集:验证集:测试集=3862:966:2400
SEED       Acc        F1         BCA        EER       
2024       0.6358     0.6361     0.6358     0.2661    
2025       0.6125     0.6134     0.6125     0.2848    
2026       0.6450     0.6454     0.6450     0.2580    
2027       0.0000     0.0000     0.0000     0.0000    
2028       0.0000     0.0000     0.0000     0.0000    
Avg        0.6311     0.6316     0.6311     0.2697    
Std        0.0137     0.0134     0.0137     0.0112    
==============================
dataset: Motor
model  : DeepConvNet
seed   : 2027
gpu    : 3
数据比例-----训练集:验证集:测试集 = (3862, 1, 64, 1000):(966, 1, 64, 1000):(2400, 1, 64, 1000)
=====================data are prepared===============
累计用时31.7328s!
--------------------开始训练!--------------------
Epoch:10	Train_acc:0.3341	Val_acc:0.3333	Train_loss:1.098693	Val_loss:1.098554
  Train_F1:0.1674, BCA:0.3333, EER:0.5080 | Val_F1:0.1667, BCA:0.3333, EER:0.5000
Epoch:20	Train_acc:0.3211	Val_acc:0.3333	Train_loss:1.098712	Val_loss:1.098639
  Train_F1:0.2566, BCA:0.3211, EER:0.5092 | Val_F1:0.1667, BCA:0.3333, EER:0.5000
Epoch:30	Train_acc:0.3271	Val_acc:0.3333	Train_loss:1.098688	Val_loss:1.098601
  Train_F1:0.2427, BCA:0.3279, EER:0.5160 | Val_F1:0.1667, BCA:0.3333, EER:0.5000
Early stopping triggered at epoch 32.
--------------------训练完成!--------------------
总训练轮数-32, 早停轮数-1
验证集最佳准确率为33.33%
验证集平均准确率为33.33%
=====================model are trained===============
累计用时4496.7946s!
测试集平均指标为  Acc:33.33%;  F1:16.67%;  BCA:33.33%; EER:50.00%;
=====================test are done===================
训练集:验证集:测试集=3862:966:2400
SEED       Acc        F1         BCA        EER       
2024       0.6358     0.6361     0.6358     0.2661    
2025       0.6125     0.6134     0.6125     0.2848    
2026       0.6450     0.6454     0.6450     0.2580    
2027       0.3333     0.1667     0.3333     0.5000    
2028       0.0000     0.0000     0.0000     0.0000    
Avg        0.5567     0.5154     0.5567     0.3272    
Std        0.1295     0.2017     0.1295     0.1002    
==============================
dataset: Motor
model  : DeepConvNet
seed   : 2028
gpu    : 3
数据比例-----训练集:验证集:测试集 = (3862, 1, 64, 1000):(966, 1, 64, 1000):(2400, 1, 64, 1000)
=====================data are prepared===============
累计用时35.0806s!
--------------------开始训练!--------------------
Epoch:10	Train_acc:0.3159	Val_acc:0.3333	Train_loss:1.098711	Val_loss:1.098613
  Train_F1:0.3159, BCA:0.3159, EER:0.5143 | Val_F1:0.1667, BCA:0.3333, EER:0.5000
Epoch:20	Train_acc:0.3286	Val_acc:0.3333	Train_loss:1.098696	Val_loss:1.098614
  Train_F1:0.2593, BCA:0.3287, EER:0.5102 | Val_F1:0.1667, BCA:0.3333, EER:0.5000
Epoch:30	Train_acc:0.3180	Val_acc:0.3333	Train_loss:1.098676	Val_loss:1.098614
  Train_F1:0.3045, BCA:0.3180, EER:0.5113 | Val_F1:0.1667, BCA:0.3333, EER:0.5000
Early stopping triggered at epoch 32.
--------------------训练完成!--------------------
总训练轮数-32, 早停轮数-1
验证集最佳准确率为33.33%
验证集平均准确率为33.33%
=====================model are trained===============
累计用时248.5183s!
测试集平均指标为  Acc:33.33%;  F1:16.67%;  BCA:33.33%; EER:50.00%;
=====================test are done===================
训练集:验证集:测试集=3862:966:2400
SEED       Acc        F1         BCA        EER       
2024       0.6358     0.6361     0.6358     0.2661    
2025       0.6125     0.6134     0.6125     0.2848    
2026       0.6450     0.6454     0.6450     0.2580    
2027       0.3333     0.1667     0.3333     0.5000    
2028       0.3333     0.1667     0.3333     0.5000    
Avg        0.5120     0.4456     0.5120     0.3618    
Std        0.1463     0.2280     0.1463     0.1132    
--------------------------------------------------
DeepConvNet(
  (block1): Sequential(
    (0): Conv2d(1, 25, kernel_size=(1, 5), stride=(1, 1))
    (1): Conv2d(25, 25, kernel_size=(64, 1), stride=(1, 1))
    (2): BatchNorm2d(25, eps=1e-05, momentum=0.1, affine=True, track_running_stats=True)
    (3): ELU(alpha=1.0)
    (4): MaxPool2d(kernel_size=(1, 2), stride=(1, 2), padding=0, dilation=1, ceil_mode=False)
    (5): Dropout(p=0.5, inplace=False)
  )
  (block2): Sequential(
    (0): Conv2d(25, 50, kernel_size=(1, 5), stride=(1, 1))
    (1): BatchNorm2d(50, eps=1e-05, momentum=0.1, affine=True, track_running_stats=True)
    (2): ELU(alpha=1.0)
    (3): MaxPool2d(kernel_size=(1, 2), stride=(1, 2), padding=0, dilation=1, ceil_mode=False)
    (4): Dropout(p=0.5, inplace=False)
  )
  (block3): Sequential(
    (0): Conv2d(50, 100, kernel_size=(1, 5), stride=(1, 1))
    (1): BatchNorm2d(100, eps=1e-05, momentum=0.1, affine=True, track_running_stats=True)
    (2): ELU(alpha=1.0)
    (3): MaxPool2d(kernel_size=(1, 2), stride=(1, 2), padding=0, dilation=1, ceil_mode=False)
    (4): Dropout(p=0.5, inplace=False)
  )
  (clf): Classifier(
    (flatten): Flatten(start_dim=1, end_dim=-1)
    (fc1): Linear(in_features=12100, out_features=50, bias=True)
    (relu): ReLU()
    (fc2): Linear(in_features=50, out_features=3, bias=True)
    (clf): Sequential(
      (0): Flatten(start_dim=1, end_dim=-1)
      (1): Linear(in_features=12100, out_features=50, bias=True)
      (2): ReLU()
      (3): Linear(in_features=50, out_features=3, bias=True)
    )
  )
)
