==============================
dataset: Motor
model  : MSNet
seed   : 2024
gpu    : 5
数据比例-----训练集:验证集:测试集 = (3862, 1, 64, 1000):(966, 1, 64, 1000):(2400, 1, 64, 1000)
=====================data are prepared===============
累计用时69.2011s!
--------------------开始训练!--------------------
Epoch:10	Train_acc:0.7063	Val_acc:0.6056	Train_loss:0.667910	Val_loss:0.830235
  Train_F1:0.7066, BCA:0.7063, EER:0.2064 | Val_F1:0.5886, BCA:0.6056, EER:0.2764
Epoch:20	Train_acc:0.9099	Val_acc:0.6366	Train_loss:0.280952	Val_loss:0.849400
  Train_F1:0.9101, BCA:0.9099, EER:0.0663 | Val_F1:0.6368, BCA:0.6366, EER:0.2681
Epoch:30	Train_acc:0.9706	Val_acc:0.6356	Train_loss:0.113548	Val_loss:1.061345
  Train_F1:0.9706, BCA:0.9706, EER:0.0212 | Val_F1:0.6373, BCA:0.6356, EER:0.2679
Epoch:40	Train_acc:1.0000	Val_acc:0.6408	Train_loss:0.006608	Val_loss:1.328826
  Train_F1:1.0000, BCA:1.0000, EER:0.0000 | Val_F1:0.6437, BCA:0.6408, EER:0.2704
Epoch:50	Train_acc:1.0000	Val_acc:0.6346	Train_loss:0.001457	Val_loss:1.417199
  Train_F1:1.0000, BCA:1.0000, EER:0.0000 | Val_F1:0.6368, BCA:0.6346, EER:0.2642
Epoch:60	Train_acc:1.0000	Val_acc:0.6398	Train_loss:0.000828	Val_loss:1.464818
  Train_F1:1.0000, BCA:1.0000, EER:0.0000 | Val_F1:0.6411, BCA:0.6398, EER:0.2627
Early stopping triggered at epoch 66.
--------------------训练完成!--------------------
总训练轮数-66, 早停轮数-35
验证集最佳准确率为64.70%
验证集平均准确率为61.30%
=====================model are trained===============
累计用时14316.2815s!
测试集平均指标为  Acc:53.79%;  F1:53.95%;  BCA:53.79%; EER:33.25%;
=====================test are done===================
训练集:验证集:测试集=3862:966:2400
SEED       Acc        F1         BCA        EER       
2024       0.5379     0.5395     0.5379     0.3325    
2025       0.0000     0.0000     0.0000     0.0000    
2026       0.0000     0.0000     0.0000     0.0000    
2027       0.0000     0.0000     0.0000     0.0000    
2028       0.0000     0.0000     0.0000     0.0000    
Avg        0.5379     0.5395     0.5379     0.3325    
Std        0.0000     0.0000     0.0000     0.0000    
==============================
dataset: Motor
model  : MSNet
seed   : 2025
gpu    : 5
数据比例-----训练集:验证集:测试集 = (3862, 1, 64, 1000):(966, 1, 64, 1000):(2400, 1, 64, 1000)
=====================data are prepared===============
累计用时44.2824s!
--------------------开始训练!--------------------
Epoch:10	Train_acc:0.7107	Val_acc:0.5983	Train_loss:0.670045	Val_loss:0.851370
  Train_F1:0.7107, BCA:0.7109, EER:0.2054 | Val_F1:0.5869, BCA:0.5983, EER:0.2629
Epoch:20	Train_acc:0.8758	Val_acc:0.6708	Train_loss:0.328186	Val_loss:0.805450
  Train_F1:0.8758, BCA:0.8758, EER:0.0844 | Val_F1:0.6721, BCA:0.6708, EER:0.2345
Epoch:30	Train_acc:0.9807	Val_acc:0.6377	Train_loss:0.093749	Val_loss:1.179442
  Train_F1:0.9807, BCA:0.9807, EER:0.0141 | Val_F1:0.6325, BCA:0.6377, EER:0.2570
Epoch:40	Train_acc:0.9997	Val_acc:0.6625	Train_loss:0.012242	Val_loss:1.183848
  Train_F1:0.9997, BCA:0.9997, EER:0.0000 | Val_F1:0.6620, BCA:0.6625, EER:0.2484
Early stopping triggered at epoch 50.
--------------------训练完成!--------------------
总训练轮数-50, 早停轮数-19
验证集最佳准确率为67.18%
验证集平均准确率为62.60%
=====================model are trained===============
累计用时10822.9432s!
测试集平均指标为  Acc:54.46%;  F1:54.71%;  BCA:54.46%; EER:34.46%;
=====================test are done===================
训练集:验证集:测试集=3862:966:2400
SEED       Acc        F1         BCA        EER       
2024       0.5379     0.5395     0.5379     0.3325    
2025       0.5446     0.5471     0.5446     0.3446    
2026       0.0000     0.0000     0.0000     0.0000    
2027       0.0000     0.0000     0.0000     0.0000    
2028       0.0000     0.0000     0.0000     0.0000    
Avg        0.5413     0.5433     0.5413     0.3385    
Std        0.0033     0.0038     0.0033     0.0060    
==============================
dataset: Motor
model  : MSNet
seed   : 2026
gpu    : 5
数据比例-----训练集:验证集:测试集 = (3862, 1, 64, 1000):(966, 1, 64, 1000):(2400, 1, 64, 1000)
=====================data are prepared===============
累计用时40.1358s!
--------------------开始训练!--------------------
Epoch:10	Train_acc:0.7219	Val_acc:0.6004	Train_loss:0.659285	Val_loss:0.857022
  Train_F1:0.7219, BCA:0.7219, EER:0.1990 | Val_F1:0.5955, BCA:0.6004, EER:0.2668
Epoch:20	Train_acc:0.8664	Val_acc:0.6439	Train_loss:0.347279	Val_loss:0.881094
  Train_F1:0.8664, BCA:0.8665, EER:0.0948 | Val_F1:0.6410, BCA:0.6439, EER:0.2417
Epoch:30	Train_acc:0.9820	Val_acc:0.6346	Train_loss:0.099561	Val_loss:1.102483
  Train_F1:0.9820, BCA:0.9820, EER:0.0129 | Val_F1:0.6346, BCA:0.6346, EER:0.2653
Epoch:40	Train_acc:0.9997	Val_acc:0.6284	Train_loss:0.018784	Val_loss:1.279540
  Train_F1:0.9997, BCA:0.9997, EER:0.0003 | Val_F1:0.6280, BCA:0.6284, EER:0.2689
Epoch:50	Train_acc:1.0000	Val_acc:0.6346	Train_loss:0.002440	Val_loss:1.382044
  Train_F1:1.0000, BCA:1.0000, EER:0.0000 | Val_F1:0.6351, BCA:0.6346, EER:0.2692
Early stopping triggered at epoch 59.
--------------------训练完成!--------------------
总训练轮数-59, 早停轮数-28
验证集最佳准确率为65.63%
验证集平均准确率为61.32%
=====================model are trained===============
累计用时12732.4739s!
测试集平均指标为  Acc:54.12%;  F1:54.33%;  BCA:54.13%; EER:33.82%;
=====================test are done===================
训练集:验证集:测试集=3862:966:2400
SEED       Acc        F1         BCA        EER       
2024       0.5379     0.5395     0.5379     0.3325    
2025       0.5446     0.5471     0.5446     0.3446    
2026       0.5413     0.5433     0.5413     0.3382    
2027       0.0000     0.0000     0.0000     0.0000    
2028       0.0000     0.0000     0.0000     0.0000    
Avg        0.5413     0.5433     0.5413     0.3384    
Std        0.0027     0.0031     0.0027     0.0049    
==============================
dataset: Motor
model  : MSNet
seed   : 2027
gpu    : 5
数据比例-----训练集:验证集:测试集 = (3862, 1, 64, 1000):(966, 1, 64, 1000):(2400, 1, 64, 1000)
=====================data are prepared===============
累计用时66.8604s!
--------------------开始训练!--------------------
Epoch:10	Train_acc:0.7362	Val_acc:0.6294	Train_loss:0.635404	Val_loss:0.786409
  Train_F1:0.7362, BCA:0.7362, EER:0.1918 | Val_F1:0.6239, BCA:0.6294, EER:0.2637
Epoch:20	Train_acc:0.8820	Val_acc:0.6449	Train_loss:0.331261	Val_loss:0.876296
  Train_F1:0.8821, BCA:0.8821, EER:0.0855 | Val_F1:0.6443, BCA:0.6449, EER:0.2570
Epoch:30	Train_acc:0.9742	Val_acc:0.6418	Train_loss:0.106714	Val_loss:1.124533
  Train_F1:0.9742, BCA:0.9742, EER:0.0184 | Val_F1:0.6356, BCA:0.6418, EER:0.2619
Epoch:40	Train_acc:1.0000	Val_acc:0.6460	Train_loss:0.005158	Val_loss:1.270548
  Train_F1:1.0000, BCA:1.0000, EER:0.0000 | Val_F1:0.6469, BCA:0.6460, EER:0.2596
Epoch:50	Train_acc:1.0000	Val_acc:0.6480	Train_loss:0.001455	Val_loss:1.395135
  Train_F1:1.0000, BCA:1.0000, EER:0.0000 | Val_F1:0.6498, BCA:0.6480, EER:0.2567
Early stopping triggered at epoch 58.
--------------------训练完成!--------------------
总训练轮数-58, 早停轮数-27
验证集最佳准确率为65.94%
验证集平均准确率为62.13%
=====================model are trained===============
累计用时12378.2307s!
测试集平均指标为  Acc:54.42%;  F1:54.64%;  BCA:54.42%; EER:33.58%;
=====================test are done===================
训练集:验证集:测试集=3862:966:2400
SEED       Acc        F1         BCA        EER       
2024       0.5379     0.5395     0.5379     0.3325    
2025       0.5446     0.5471     0.5446     0.3446    
2026       0.5413     0.5433     0.5413     0.3382    
2027       0.5442     0.5464     0.5442     0.3358    
2028       0.0000     0.0000     0.0000     0.0000    
Avg        0.5420     0.5441     0.5420     0.3378    
Std        0.0027     0.0030     0.0027     0.0044    
==============================
dataset: Motor
model  : MSNet
seed   : 2028
gpu    : 5
数据比例-----训练集:验证集:测试集 = (3862, 1, 64, 1000):(966, 1, 64, 1000):(2400, 1, 64, 1000)
=====================data are prepared===============
累计用时56.9983s!
--------------------开始训练!--------------------
Epoch:10	Train_acc:0.6935	Val_acc:0.6046	Train_loss:0.681200	Val_loss:0.832364
  Train_F1:0.6940, BCA:0.6935, EER:0.2167 | Val_F1:0.5896, BCA:0.6046, EER:0.2389
Epoch:20	Train_acc:0.8815	Val_acc:0.6284	Train_loss:0.330007	Val_loss:0.969275
  Train_F1:0.8816, BCA:0.8815, EER:0.0835 | Val_F1:0.6342, BCA:0.6284, EER:0.2565
Epoch:30	Train_acc:0.9859	Val_acc:0.6408	Train_loss:0.075984	Val_loss:1.199343
  Train_F1:0.9859, BCA:0.9859, EER:0.0097 | Val_F1:0.6285, BCA:0.6408, EER:0.2459
Epoch:40	Train_acc:0.9943	Val_acc:0.6366	Train_loss:0.047714	Val_loss:1.279503
  Train_F1:0.9943, BCA:0.9943, EER:0.0043 | Val_F1:0.6358, BCA:0.6366, EER:0.2642
Epoch:50	Train_acc:1.0000	Val_acc:0.6335	Train_loss:0.002788	Val_loss:1.412474
  Train_F1:1.0000, BCA:1.0000, EER:0.0000 | Val_F1:0.6332, BCA:0.6335, EER:0.2521
Early stopping triggered at epoch 57.
--------------------训练完成!--------------------
总训练轮数-57, 早停轮数-26
验证集最佳准确率为65.32%
验证集平均准确率为61.83%
=====================model are trained===============
累计用时9189.6859s!
测试集平均指标为  Acc:54.42%;  F1:54.59%;  BCA:54.42%; EER:33.61%;
=====================test are done===================
训练集:验证集:测试集=3862:966:2400
SEED       Acc        F1         BCA        EER       
2024       0.5379     0.5395     0.5379     0.3325    
2025       0.5446     0.5471     0.5446     0.3446    
2026       0.5413     0.5433     0.5413     0.3382    
2027       0.5442     0.5464     0.5442     0.3358    
2028       0.5442     0.5459     0.5442     0.3361    
Avg        0.5424     0.5444     0.5424     0.3375    
Std        0.0025     0.0028     0.0025     0.0040    
--------------------------------------------------
MSNet(
  (parallel_conv): ModuleList(
    (0): Conv1d(64, 64, kernel_size=(7,), stride=(1,), bias=False)
    (1): Conv1d(64, 64, kernel_size=(15,), stride=(1,), bias=False)
    (2): Conv1d(64, 64, kernel_size=(31,), stride=(1,), bias=False)
    (3): Conv1d(64, 64, kernel_size=(63,), stride=(1,), bias=False)
    (4): Conv1d(64, 64, kernel_size=(127,), stride=(1,), bias=False)
  )
  (convblock): Sequential(
    (0): BatchNorm1d(64, eps=1e-05, momentum=0.1, affine=True, track_running_stats=True)
    (1): ReLU()
    (2): Conv1d(64, 64, kernel_size=(5,), stride=(2,), padding=(2,), bias=False)
    (3): BatchNorm1d(64, eps=1e-05, momentum=0.1, affine=True, track_running_stats=True)
    (4): ReLU()
  )
  (temporalLayer): LogVarLayer()
  (fc): Sequential(
    (0): Linear(in_features=320, out_features=3, bias=True)
    (1): LogSoftmax(dim=1)
  )
)
