==============================
dataset: Motor
model  : EEGNet
seed   : 2024
gpu    : 6
数据比例-----训练集:验证集:测试集 = (3862, 1, 64, 1000):(966, 1, 64, 1000):(2400, 1, 64, 1000)
=====================data are prepared===============
累计用时21.5804s!
--------------------开始训练!--------------------
Epoch:10	Train_acc:0.6253	Val_acc:0.6387	Train_loss:0.814440	Val_loss:0.814501
  Train_F1:0.6229, BCA:0.6254, EER:0.2731 | Val_F1:0.6378, BCA:0.6387, EER:0.2624
Epoch:20	Train_acc:0.6979	Val_acc:0.6822	Train_loss:0.691305	Val_loss:0.733400
  Train_F1:0.6967, BCA:0.6981, EER:0.2147 | Val_F1:0.6830, BCA:0.6822, EER:0.2332
Epoch:30	Train_acc:0.7281	Val_acc:0.7215	Train_loss:0.623712	Val_loss:0.670905
  Train_F1:0.7277, BCA:0.7281, EER:0.1938 | Val_F1:0.7213, BCA:0.7215, EER:0.2151
Epoch:40	Train_acc:0.7534	Val_acc:0.7277	Train_loss:0.570574	Val_loss:0.654652
  Train_F1:0.7528, BCA:0.7534, EER:0.1772 | Val_F1:0.7279, BCA:0.7277, EER:0.2016
Epoch:50	Train_acc:0.7807	Val_acc:0.7329	Train_loss:0.532457	Val_loss:0.613742
  Train_F1:0.7804, BCA:0.7807, EER:0.1566 | Val_F1:0.7325, BCA:0.7329, EER:0.1925
Epoch:60	Train_acc:0.8010	Val_acc:0.7433	Train_loss:0.480635	Val_loss:0.599118
  Train_F1:0.8007, BCA:0.8011, EER:0.1395 | Val_F1:0.7434, BCA:0.7433, EER:0.1832
Epoch:70	Train_acc:0.8133	Val_acc:0.7474	Train_loss:0.463254	Val_loss:0.598721
  Train_F1:0.8131, BCA:0.8133, EER:0.1343 | Val_F1:0.7476, BCA:0.7474, EER:0.1775
Epoch:80	Train_acc:0.8174	Val_acc:0.7453	Train_loss:0.436708	Val_loss:0.605910
  Train_F1:0.8172, BCA:0.8175, EER:0.1256 | Val_F1:0.7456, BCA:0.7453, EER:0.1799
Early stopping triggered at epoch 87.
--------------------训练完成!--------------------
总训练轮数-87, 早停轮数-56
验证集最佳准确率为75.88%
验证集平均准确率为70.06%
=====================model are trained===============
累计用时18652.9568s!
测试集平均指标为  Acc:66.67%;  F1:66.77%;  BCA:66.67%; EER:24.19%;
=====================test are done===================
训练集:验证集:测试集=3862:966:2400
SEED       Acc        F1         BCA        EER       
2024       0.6667     0.6677     0.6667     0.2419    
2025       0.0000     0.0000     0.0000     0.0000    
2026       0.0000     0.0000     0.0000     0.0000    
2027       0.0000     0.0000     0.0000     0.0000    
2028       0.0000     0.0000     0.0000     0.0000    
Avg        0.6667     0.6677     0.6667     0.2419    
Std        0.0000     0.0000     0.0000     0.0000    
==============================
dataset: Motor
model  : EEGNet
seed   : 2025
gpu    : 6
数据比例-----训练集:验证集:测试集 = (3862, 1, 64, 1000):(966, 1, 64, 1000):(2400, 1, 64, 1000)
=====================data are prepared===============
累计用时37.9769s!
--------------------开始训练!--------------------
Epoch:10	Train_acc:0.6138	Val_acc:0.6418	Train_loss:0.835680	Val_loss:0.807954
  Train_F1:0.6114, BCA:0.6140, EER:0.2807 | Val_F1:0.6296, BCA:0.6418, EER:0.2611
Epoch:20	Train_acc:0.7005	Val_acc:0.7122	Train_loss:0.688905	Val_loss:0.719643
  Train_F1:0.6998, BCA:0.7005, EER:0.2178 | Val_F1:0.7107, BCA:0.7122, EER:0.2091
Epoch:30	Train_acc:0.7398	Val_acc:0.7319	Train_loss:0.604613	Val_loss:0.668458
  Train_F1:0.7396, BCA:0.7399, EER:0.1872 | Val_F1:0.7314, BCA:0.7319, EER:0.1957
Epoch:40	Train_acc:0.7633	Val_acc:0.7391	Train_loss:0.559383	Val_loss:0.631439
  Train_F1:0.7627, BCA:0.7634, EER:0.1676 | Val_F1:0.7368, BCA:0.7391, EER:0.1843
Epoch:50	Train_acc:0.7885	Val_acc:0.7391	Train_loss:0.506546	Val_loss:0.622857
  Train_F1:0.7882, BCA:0.7886, EER:0.1506 | Val_F1:0.7389, BCA:0.7391, EER:0.1879
Epoch:60	Train_acc:0.7948	Val_acc:0.7422	Train_loss:0.499191	Val_loss:0.638219
  Train_F1:0.7950, BCA:0.7948, EER:0.1492 | Val_F1:0.7405, BCA:0.7422, EER:0.1944
Epoch:70	Train_acc:0.8049	Val_acc:0.7402	Train_loss:0.468857	Val_loss:0.624781
  Train_F1:0.8049, BCA:0.8049, EER:0.1397 | Val_F1:0.7384, BCA:0.7402, EER:0.1817
Epoch:80	Train_acc:0.8273	Val_acc:0.7578	Train_loss:0.436369	Val_loss:0.630330
  Train_F1:0.8271, BCA:0.8274, EER:0.1266 | Val_F1:0.7555, BCA:0.7578, EER:0.1765
Epoch:90	Train_acc:0.8224	Val_acc:0.7391	Train_loss:0.433720	Val_loss:0.640244
  Train_F1:0.8223, BCA:0.8224, EER:0.1259 | Val_F1:0.7390, BCA:0.7391, EER:0.1902
Epoch:100	Train_acc:0.8451	Val_acc:0.7391	Train_loss:0.402049	Val_loss:0.636524
  Train_F1:0.8450, BCA:0.8451, EER:0.1133 | Val_F1:0.7382, BCA:0.7391, EER:0.1801
Epoch:110	Train_acc:0.8430	Val_acc:0.7433	Train_loss:0.387015	Val_loss:0.652766
  Train_F1:0.8429, BCA:0.8430, EER:0.1114 | Val_F1:0.7414, BCA:0.7433, EER:0.1757
Early stopping triggered at epoch 117.
--------------------训练完成!--------------------
总训练轮数-117, 早停轮数-86
验证集最佳准确率为75.98%
验证集平均准确率为71.73%
=====================model are trained===============
累计用时25008.6980s!
测试集平均指标为  Acc:66.46%;  F1:66.44%;  BCA:66.46%; EER:24.17%;
=====================test are done===================
训练集:验证集:测试集=3862:966:2400
SEED       Acc        F1         BCA        EER       
2024       0.6667     0.6677     0.6667     0.2419    
2025       0.6646     0.6644     0.6646     0.2417    
2026       0.0000     0.0000     0.0000     0.0000    
2027       0.0000     0.0000     0.0000     0.0000    
2028       0.0000     0.0000     0.0000     0.0000    
Avg        0.6656     0.6660     0.6656     0.2418    
Std        0.0010     0.0017     0.0010     0.0001    
==============================
dataset: Motor
model  : EEGNet
seed   : 2026
gpu    : 6
数据比例-----训练集:验证集:测试集 = (3862, 1, 64, 1000):(966, 1, 64, 1000):(2400, 1, 64, 1000)
=====================data are prepared===============
累计用时74.6069s!
--------------------开始训练!--------------------
Epoch:10	Train_acc:0.6047	Val_acc:0.6335	Train_loss:0.829267	Val_loss:0.772613
  Train_F1:0.6040, BCA:0.6048, EER:0.2754 | Val_F1:0.6242, BCA:0.6335, EER:0.2477
Epoch:20	Train_acc:0.6862	Val_acc:0.7101	Train_loss:0.690820	Val_loss:0.669006
  Train_F1:0.6856, BCA:0.6862, EER:0.2242 | Val_F1:0.7112, BCA:0.7101, EER:0.2107
Epoch:30	Train_acc:0.7385	Val_acc:0.7443	Train_loss:0.598162	Val_loss:0.623660
  Train_F1:0.7388, BCA:0.7386, EER:0.1876 | Val_F1:0.7456, BCA:0.7443, EER:0.1936
Epoch:40	Train_acc:0.7557	Val_acc:0.7526	Train_loss:0.562985	Val_loss:0.622031
  Train_F1:0.7554, BCA:0.7558, EER:0.1685 | Val_F1:0.7549, BCA:0.7526, EER:0.1724
Epoch:50	Train_acc:0.7951	Val_acc:0.7681	Train_loss:0.508711	Val_loss:0.571074
  Train_F1:0.7952, BCA:0.7951, EER:0.1464 | Val_F1:0.7682, BCA:0.7681, EER:0.1605
Epoch:60	Train_acc:0.7924	Val_acc:0.7702	Train_loss:0.497577	Val_loss:0.596367
  Train_F1:0.7925, BCA:0.7926, EER:0.1444 | Val_F1:0.7716, BCA:0.7702, EER:0.1705
Epoch:70	Train_acc:0.8068	Val_acc:0.7764	Train_loss:0.460774	Val_loss:0.562694
  Train_F1:0.8071, BCA:0.8068, EER:0.1331 | Val_F1:0.7780, BCA:0.7764, EER:0.1605
Epoch:80	Train_acc:0.8190	Val_acc:0.7712	Train_loss:0.440442	Val_loss:0.599823
  Train_F1:0.8191, BCA:0.8190, EER:0.1308 | Val_F1:0.7721, BCA:0.7712, EER:0.1708
Epoch:90	Train_acc:0.8388	Val_acc:0.7795	Train_loss:0.406064	Val_loss:0.548448
  Train_F1:0.8388, BCA:0.8388, EER:0.1174 | Val_F1:0.7814, BCA:0.7795, EER:0.1566
Epoch:100	Train_acc:0.8292	Val_acc:0.7888	Train_loss:0.407868	Val_loss:0.543651
  Train_F1:0.8293, BCA:0.8292, EER:0.1180 | Val_F1:0.7892, BCA:0.7888, EER:0.1532
Epoch:110	Train_acc:0.8469	Val_acc:0.7826	Train_loss:0.381063	Val_loss:0.556286
  Train_F1:0.8470, BCA:0.8469, EER:0.1094 | Val_F1:0.7833, BCA:0.7826, EER:0.1594
Epoch:120	Train_acc:0.8495	Val_acc:0.7764	Train_loss:0.369464	Val_loss:0.570040
  Train_F1:0.8493, BCA:0.8495, EER:0.1046 | Val_F1:0.7779, BCA:0.7764, EER:0.1522
Epoch:130	Train_acc:0.8521	Val_acc:0.7805	Train_loss:0.365096	Val_loss:0.573863
  Train_F1:0.8522, BCA:0.8521, EER:0.1035 | Val_F1:0.7820, BCA:0.7805, EER:0.1537
Epoch:140	Train_acc:0.8607	Val_acc:0.7795	Train_loss:0.362536	Val_loss:0.566986
  Train_F1:0.8607, BCA:0.8607, EER:0.0991 | Val_F1:0.7807, BCA:0.7795, EER:0.1592
Early stopping triggered at epoch 148.
--------------------训练完成!--------------------
总训练轮数-148, 早停轮数-117
验证集最佳准确率为79.50%
验证集平均准确率为75.15%
=====================model are trained===============
累计用时31837.1255s!
测试集平均指标为  Acc:66.08%;  F1:66.16%;  BCA:66.08%; EER:24.94%;
=====================test are done===================
训练集:验证集:测试集=3862:966:2400
SEED       Acc        F1         BCA        EER       
2024       0.6667     0.6677     0.6667     0.2419    
2025       0.6646     0.6644     0.6646     0.2417    
2026       0.6608     0.6616     0.6608     0.2494    
2027       0.0000     0.0000     0.0000     0.0000    
2028       0.0000     0.0000     0.0000     0.0000    
Avg        0.6640     0.6646     0.6640     0.2443    
Std        0.0024     0.0025     0.0024     0.0036    
==============================
dataset: Motor
model  : EEGNet
seed   : 2027
gpu    : 6
数据比例-----训练集:验证集:测试集 = (3862, 1, 64, 1000):(966, 1, 64, 1000):(2400, 1, 64, 1000)
=====================data are prepared===============
累计用时73.5294s!
--------------------开始训练!--------------------
Epoch:10	Train_acc:0.6193	Val_acc:0.6584	Train_loss:0.821677	Val_loss:0.772769
  Train_F1:0.6176, BCA:0.6194, EER:0.2739 | Val_F1:0.6586, BCA:0.6584, EER:0.2396
Epoch:20	Train_acc:0.7060	Val_acc:0.7091	Train_loss:0.662623	Val_loss:0.661840
  Train_F1:0.7055, BCA:0.7060, EER:0.2103 | Val_F1:0.7095, BCA:0.7091, EER:0.2070
Epoch:30	Train_acc:0.7430	Val_acc:0.7381	Train_loss:0.602968	Val_loss:0.606266
  Train_F1:0.7427, BCA:0.7431, EER:0.1830 | Val_F1:0.7384, BCA:0.7381, EER:0.1871
Epoch:40	Train_acc:0.7542	Val_acc:0.7422	Train_loss:0.568774	Val_loss:0.583811
  Train_F1:0.7539, BCA:0.7542, EER:0.1756 | Val_F1:0.7416, BCA:0.7422, EER:0.1869
Epoch:50	Train_acc:0.7852	Val_acc:0.7422	Train_loss:0.520346	Val_loss:0.580011
  Train_F1:0.7853, BCA:0.7852, EER:0.1542 | Val_F1:0.7425, BCA:0.7422, EER:0.1830
Epoch:60	Train_acc:0.8102	Val_acc:0.7557	Train_loss:0.475579	Val_loss:0.565324
  Train_F1:0.8100, BCA:0.8101, EER:0.1350 | Val_F1:0.7564, BCA:0.7557, EER:0.1768
Epoch:70	Train_acc:0.8125	Val_acc:0.7505	Train_loss:0.448321	Val_loss:0.568503
  Train_F1:0.8122, BCA:0.8125, EER:0.1309 | Val_F1:0.7519, BCA:0.7505, EER:0.1809
Epoch:80	Train_acc:0.8331	Val_acc:0.7578	Train_loss:0.412245	Val_loss:0.548262
  Train_F1:0.8329, BCA:0.8332, EER:0.1177 | Val_F1:0.7591, BCA:0.7578, EER:0.1744
Epoch:90	Train_acc:0.8424	Val_acc:0.7598	Train_loss:0.394957	Val_loss:0.550818
  Train_F1:0.8424, BCA:0.8425, EER:0.1116 | Val_F1:0.7607, BCA:0.7598, EER:0.1742
Epoch:100	Train_acc:0.8510	Val_acc:0.7588	Train_loss:0.383570	Val_loss:0.539676
  Train_F1:0.8511, BCA:0.8510, EER:0.1059 | Val_F1:0.7598, BCA:0.7588, EER:0.1685
Early stopping triggered at epoch 108.
--------------------训练完成!--------------------
总训练轮数-108, 早停轮数-77
验证集最佳准确率为77.12%
验证集平均准确率为72.56%
=====================model are trained===============
累计用时13628.4909s!
测试集平均指标为  Acc:65.67%;  F1:65.66%;  BCA:65.67%; EER:24.72%;
=====================test are done===================
训练集:验证集:测试集=3862:966:2400
SEED       Acc        F1         BCA        EER       
2024       0.6667     0.6677     0.6667     0.2419    
2025       0.6646     0.6644     0.6646     0.2417    
2026       0.6608     0.6616     0.6608     0.2494    
2027       0.6567     0.6566     0.6567     0.2472    
2028       0.0000     0.0000     0.0000     0.0000    
Avg        0.6622     0.6626     0.6622     0.2450    
Std        0.0038     0.0040     0.0038     0.0033    
==============================
dataset: Motor
model  : EEGNet
seed   : 2028
gpu    : 6
数据比例-----训练集:验证集:测试集 = (3862, 1, 64, 1000):(966, 1, 64, 1000):(2400, 1, 64, 1000)
=====================data are prepared===============
累计用时18.1447s!
--------------------开始训练!--------------------
Epoch:10	Train_acc:0.6021	Val_acc:0.6480	Train_loss:0.838871	Val_loss:0.791561
  Train_F1:0.5988, BCA:0.6023, EER:0.2860 | Val_F1:0.6478, BCA:0.6480, EER:0.2601
Epoch:20	Train_acc:0.6794	Val_acc:0.7070	Train_loss:0.705918	Val_loss:0.679286
  Train_F1:0.6786, BCA:0.6796, EER:0.2303 | Val_F1:0.7070, BCA:0.7070, EER:0.2133
Epoch:30	Train_acc:0.7297	Val_acc:0.7070	Train_loss:0.629438	Val_loss:0.684534
  Train_F1:0.7293, BCA:0.7297, EER:0.1917 | Val_F1:0.7063, BCA:0.7070, EER:0.2029
Epoch:40	Train_acc:0.7583	Val_acc:0.7443	Train_loss:0.564723	Val_loss:0.632717
  Train_F1:0.7579, BCA:0.7584, EER:0.1741 | Val_F1:0.7442, BCA:0.7443, EER:0.1884
Epoch:50	Train_acc:0.7823	Val_acc:0.7443	Train_loss:0.513991	Val_loss:0.650147
  Train_F1:0.7822, BCA:0.7823, EER:0.1517 | Val_F1:0.7433, BCA:0.7443, EER:0.1799
Epoch:60	Train_acc:0.7951	Val_acc:0.7298	Train_loss:0.502752	Val_loss:0.650769
  Train_F1:0.7949, BCA:0.7951, EER:0.1479 | Val_F1:0.7306, BCA:0.7298, EER:0.1913
Epoch:70	Train_acc:0.8146	Val_acc:0.7329	Train_loss:0.456786	Val_loss:0.657823
  Train_F1:0.8147, BCA:0.8146, EER:0.1316 | Val_F1:0.7321, BCA:0.7329, EER:0.1871
Epoch:80	Train_acc:0.8276	Val_acc:0.7567	Train_loss:0.425007	Val_loss:0.654537
  Train_F1:0.8277, BCA:0.8276, EER:0.1213 | Val_F1:0.7571, BCA:0.7567, EER:0.1744
Epoch:90	Train_acc:0.8211	Val_acc:0.7578	Train_loss:0.431781	Val_loss:0.640366
  Train_F1:0.8210, BCA:0.8211, EER:0.1275 | Val_F1:0.7580, BCA:0.7578, EER:0.1801
Epoch:100	Train_acc:0.8313	Val_acc:0.7578	Train_loss:0.418728	Val_loss:0.649629
  Train_F1:0.8313, BCA:0.8313, EER:0.1205 | Val_F1:0.7578, BCA:0.7578, EER:0.1760
Early stopping triggered at epoch 110.
--------------------训练完成!--------------------
总训练轮数-110, 早停轮数-79
验证集最佳准确率为75.88%
验证集平均准确率为72.05%
=====================model are trained===============
累计用时289.5397s!
测试集平均指标为  Acc:66.33%;  F1:66.32%;  BCA:66.33%; EER:24.70%;
=====================test are done===================
训练集:验证集:测试集=3862:966:2400
SEED       Acc        F1         BCA        EER       
2024       0.6667     0.6677     0.6667     0.2419    
2025       0.6646     0.6644     0.6646     0.2417    
2026       0.6608     0.6616     0.6608     0.2494    
2027       0.6567     0.6566     0.6567     0.2472    
2028       0.6633     0.6632     0.6633     0.2470    
Avg        0.6624     0.6627     0.6624     0.2454    
Std        0.0034     0.0036     0.0034     0.0031    
--------------------------------------------------
EEGNet(
  (block1): Sequential(
    (0): ZeroPad2d((31, 32, 0, 0))
    (1): Conv2d(1, 8, kernel_size=(1, 64), stride=(1, 1), bias=False)
    (2): BatchNorm2d(8, eps=1e-05, momentum=0.1, affine=True, track_running_stats=True)
  )
  (block2): Sequential(
    (0): Conv2d(8, 16, kernel_size=(64, 1), stride=(1, 1), groups=8, bias=False)
    (1): BatchNorm2d(16, eps=1e-05, momentum=0.1, affine=True, track_running_stats=True)
    (2): ELU(alpha=1.0)
    (3): AvgPool2d(kernel_size=(1, 4), stride=(1, 4), padding=0)
    (4): Dropout(p=0.5, inplace=False)
  )
  (block3): Sequential(
    (0): ZeroPad2d((7, 8, 0, 0))
    (1): Conv2d(16, 16, kernel_size=(1, 16), stride=(1, 1), groups=16, bias=False)
    (2): BatchNorm2d(16, eps=1e-05, momentum=0.1, affine=True, track_running_stats=True)
    (3): Conv2d(16, 16, kernel_size=(1, 1), stride=(1, 1), bias=False)
    (4): BatchNorm2d(16, eps=1e-05, momentum=0.1, affine=True, track_running_stats=True)
    (5): ELU(alpha=1.0)
    (6): AvgPool2d(kernel_size=(1, 8), stride=(1, 8), padding=0)
    (7): Dropout(p=0.5, inplace=False)
  )
  (clf): Classifier(
    (flatten): Flatten(start_dim=1, end_dim=-1)
    (fc1): Linear(in_features=496, out_features=50, bias=True)
    (relu): ReLU()
    (fc2): Linear(in_features=50, out_features=3, bias=True)
    (clf): Sequential(
      (0): Flatten(start_dim=1, end_dim=-1)
      (1): Linear(in_features=496, out_features=50, bias=True)
      (2): ReLU()
      (3): Linear(in_features=50, out_features=3, bias=True)
    )
  )
)
