==============================
dataset: Motor
model  : 1D_LSTM
seed   : 2024
gpu    : 3
数据比例-----训练集:验证集:测试集 = (3862, 1, 64, 1000):(966, 1, 64, 1000):(2400, 1, 64, 1000)
=====================data are prepared===============
累计用时33.1218s!
--------------------开始训练!--------------------
Epoch:10	Train_acc:0.9732	Val_acc:0.5704	Train_loss:0.074118	Val_loss:2.135207
  Train_F1:0.9732, BCA:0.9732, EER:0.0184 | Val_F1:0.5709, BCA:0.5704, EER:0.3085
Epoch:20	Train_acc:0.9872	Val_acc:0.5518	Train_loss:0.036452	Val_loss:2.909735
  Train_F1:0.9872, BCA:0.9872, EER:0.0085 | Val_F1:0.5506, BCA:0.5518, EER:0.3253
Epoch:30	Train_acc:0.9914	Val_acc:0.5704	Train_loss:0.025194	Val_loss:2.667710
  Train_F1:0.9914, BCA:0.9914, EER:0.0055 | Val_F1:0.5698, BCA:0.5704, EER:0.3038
Epoch:40	Train_acc:0.9898	Val_acc:0.5983	Train_loss:0.026076	Val_loss:3.011893
  Train_F1:0.9898, BCA:0.9898, EER:0.0062 | Val_F1:0.5989, BCA:0.5983, EER:0.3080
Epoch:50	Train_acc:0.9953	Val_acc:0.5725	Train_loss:0.015235	Val_loss:3.182033
  Train_F1:0.9953, BCA:0.9953, EER:0.0036 | Val_F1:0.5732, BCA:0.5725, EER:0.3103
Epoch:60	Train_acc:0.9919	Val_acc:0.5766	Train_loss:0.020267	Val_loss:2.767581
  Train_F1:0.9919, BCA:0.9919, EER:0.0053 | Val_F1:0.5761, BCA:0.5766, EER:0.3067
Early stopping triggered at epoch 64.
--------------------训练完成!--------------------
总训练轮数-64, 早停轮数-33
验证集最佳准确率为59.83%
验证集平均准确率为57.50%
=====================model are trained===============
累计用时13917.8979s!
测试集平均指标为  Acc:53.42%;  F1:53.40%;  BCA:53.42%; EER:34.10%;
=====================test are done===================
训练集:验证集:测试集=3862:966:2400
SEED       Acc        F1         BCA        EER       
2024       0.5342     0.5340     0.5342     0.3410    
2025       0.0000     0.0000     0.0000     0.0000    
2026       0.0000     0.0000     0.0000     0.0000    
2027       0.0000     0.0000     0.0000     0.0000    
2028       0.0000     0.0000     0.0000     0.0000    
Avg        0.5342     0.5340     0.5342     0.3410    
Std        0.0000     0.0000     0.0000     0.0000    
==============================
dataset: Motor
model  : 1D_LSTM
seed   : 2025
gpu    : 3
数据比例-----训练集:验证集:测试集 = (3862, 1, 64, 1000):(966, 1, 64, 1000):(2400, 1, 64, 1000)
=====================data are prepared===============
累计用时38.7658s!
--------------------开始训练!--------------------
Epoch:10	Train_acc:0.9768	Val_acc:0.5290	Train_loss:0.067438	Val_loss:2.695217
  Train_F1:0.9768, BCA:0.9768, EER:0.0174 | Val_F1:0.5295, BCA:0.5290, EER:0.3305
Epoch:20	Train_acc:0.9878	Val_acc:0.5383	Train_loss:0.035809	Val_loss:2.847909
  Train_F1:0.9878, BCA:0.9878, EER:0.0095 | Val_F1:0.5382, BCA:0.5383, EER:0.3232
Epoch:30	Train_acc:0.9964	Val_acc:0.5580	Train_loss:0.009491	Val_loss:3.754559
  Train_F1:0.9964, BCA:0.9964, EER:0.0021 | Val_F1:0.5579, BCA:0.5580, EER:0.3437
Epoch:40	Train_acc:0.9904	Val_acc:0.5393	Train_loss:0.027348	Val_loss:3.227057
  Train_F1:0.9904, BCA:0.9904, EER:0.0061 | Val_F1:0.5396, BCA:0.5393, EER:0.3424
Epoch:50	Train_acc:0.9917	Val_acc:0.5404	Train_loss:0.021638	Val_loss:3.660856
  Train_F1:0.9917, BCA:0.9917, EER:0.0053 | Val_F1:0.5382, BCA:0.5404, EER:0.3357
Epoch:60	Train_acc:0.9948	Val_acc:0.5176	Train_loss:0.014984	Val_loss:3.934506
  Train_F1:0.9948, BCA:0.9948, EER:0.0035 | Val_F1:0.5152, BCA:0.5176, EER:0.3476
Early stopping triggered at epoch 68.
--------------------训练完成!--------------------
总训练轮数-68, 早停轮数-37
验证集最佳准确率为56.73%
验证集平均准确率为54.49%
=====================model are trained===============
累计用时14488.5738s!
测试集平均指标为  Acc:49.29%;  F1:49.20%;  BCA:49.29%; EER:36.95%;
=====================test are done===================
训练集:验证集:测试集=3862:966:2400
SEED       Acc        F1         BCA        EER       
2024       0.5342     0.5340     0.5342     0.3410    
2025       0.4929     0.4920     0.4929     0.3695    
2026       0.0000     0.0000     0.0000     0.0000    
2027       0.0000     0.0000     0.0000     0.0000    
2028       0.0000     0.0000     0.0000     0.0000    
Avg        0.5135     0.5130     0.5135     0.3553    
Std        0.0206     0.0210     0.0206     0.0142    
==============================
dataset: Motor
model  : 1D_LSTM
seed   : 2026
gpu    : 3
数据比例-----训练集:验证集:测试集 = (3862, 1, 64, 1000):(966, 1, 64, 1000):(2400, 1, 64, 1000)
=====================data are prepared===============
累计用时33.7825s!
--------------------开始训练!--------------------
Epoch:10	Train_acc:0.9799	Val_acc:0.5901	Train_loss:0.065001	Val_loss:2.118513
  Train_F1:0.9799, BCA:0.9799, EER:0.0163 | Val_F1:0.5891, BCA:0.5901, EER:0.2987
Epoch:20	Train_acc:0.9896	Val_acc:0.5859	Train_loss:0.030364	Val_loss:2.363332
  Train_F1:0.9896, BCA:0.9896, EER:0.0073 | Val_F1:0.5853, BCA:0.5859, EER:0.2997
Epoch:30	Train_acc:0.9935	Val_acc:0.5797	Train_loss:0.019209	Val_loss:2.768013
  Train_F1:0.9935, BCA:0.9935, EER:0.0048 | Val_F1:0.5770, BCA:0.5797, EER:0.3031
Early stopping triggered at epoch 40.
--------------------训练完成!--------------------
总训练轮数-40, 早停轮数-9
验证集最佳准确率为60.87%
验证集平均准确率为58.52%
=====================model are trained===============
累计用时8469.2827s!
测试集平均指标为  Acc:51.71%;  F1:51.64%;  BCA:51.71%; EER:35.38%;
=====================test are done===================
训练集:验证集:测试集=3862:966:2400
SEED       Acc        F1         BCA        EER       
2024       0.5342     0.5340     0.5342     0.3410    
2025       0.4929     0.4920     0.4929     0.3695    
2026       0.5171     0.5164     0.5171     0.3538    
2027       0.0000     0.0000     0.0000     0.0000    
2028       0.0000     0.0000     0.0000     0.0000    
Avg        0.5147     0.5142     0.5147     0.3548    
Std        0.0169     0.0172     0.0169     0.0116    
==============================
dataset: Motor
model  : 1D_LSTM
seed   : 2027
gpu    : 3
数据比例-----训练集:验证集:测试集 = (3862, 1, 64, 1000):(966, 1, 64, 1000):(2400, 1, 64, 1000)
=====================data are prepared===============
累计用时70.6940s!
--------------------开始训练!--------------------
Epoch:10	Train_acc:0.9682	Val_acc:0.6180	Train_loss:0.088621	Val_loss:1.891140
  Train_F1:0.9682, BCA:0.9682, EER:0.0222 | Val_F1:0.6195, BCA:0.6180, EER:0.2880
Epoch:20	Train_acc:0.9909	Val_acc:0.6242	Train_loss:0.031327	Val_loss:2.184529
  Train_F1:0.9909, BCA:0.9909, EER:0.0063 | Val_F1:0.6233, BCA:0.6242, EER:0.2785
Epoch:30	Train_acc:0.9917	Val_acc:0.6170	Train_loss:0.026632	Val_loss:2.467623
  Train_F1:0.9917, BCA:0.9917, EER:0.0057 | Val_F1:0.6185, BCA:0.6170, EER:0.2855
Epoch:40	Train_acc:0.9914	Val_acc:0.5952	Train_loss:0.025082	Val_loss:2.620133
  Train_F1:0.9914, BCA:0.9914, EER:0.0061 | Val_F1:0.5947, BCA:0.5952, EER:0.2922
Epoch:50	Train_acc:0.9927	Val_acc:0.6149	Train_loss:0.015369	Val_loss:2.791946
  Train_F1:0.9927, BCA:0.9927, EER:0.0046 | Val_F1:0.6165, BCA:0.6149, EER:0.2829
Epoch:60	Train_acc:0.9938	Val_acc:0.6087	Train_loss:0.019558	Val_loss:2.618072
  Train_F1:0.9938, BCA:0.9937, EER:0.0046 | Val_F1:0.6099, BCA:0.6087, EER:0.2919
Epoch:70	Train_acc:0.9927	Val_acc:0.6108	Train_loss:0.022342	Val_loss:2.461836
  Train_F1:0.9927, BCA:0.9927, EER:0.0051 | Val_F1:0.6121, BCA:0.6108, EER:0.2855
Epoch:80	Train_acc:0.9953	Val_acc:0.6118	Train_loss:0.015159	Val_loss:2.587564
  Train_F1:0.9953, BCA:0.9953, EER:0.0035 | Val_F1:0.6129, BCA:0.6118, EER:0.2865
Epoch:90	Train_acc:0.9982	Val_acc:0.6159	Train_loss:0.006661	Val_loss:2.987943
  Train_F1:0.9982, BCA:0.9982, EER:0.0012 | Val_F1:0.6161, BCA:0.6159, EER:0.2914
Early stopping triggered at epoch 99.
--------------------训练完成!--------------------
总训练轮数-99, 早停轮数-68
验证集最佳准确率为63.25%
验证集平均准确率为60.50%
=====================model are trained===============
累计用时21291.8652s!
测试集平均指标为  Acc:55.04%;  F1:55.05%;  BCA:55.04%; EER:33.55%;
=====================test are done===================
训练集:验证集:测试集=3862:966:2400
SEED       Acc        F1         BCA        EER       
2024       0.5342     0.5340     0.5342     0.3410    
2025       0.4929     0.4920     0.4929     0.3695    
2026       0.5171     0.5164     0.5171     0.3538    
2027       0.5504     0.5505     0.5504     0.3355    
2028       0.0000     0.0000     0.0000     0.0000    
Avg        0.5236     0.5233     0.5236     0.3499    
Std        0.0213     0.0217     0.0213     0.0131    
==============================
dataset: Motor
model  : 1D_LSTM
seed   : 2028
gpu    : 3
数据比例-----训练集:验证集:测试集 = (3862, 1, 64, 1000):(966, 1, 64, 1000):(2400, 1, 64, 1000)
=====================data are prepared===============
累计用时60.6654s!
--------------------开始训练!--------------------
Epoch:10	Train_acc:0.9641	Val_acc:0.5880	Train_loss:0.098366	Val_loss:2.116259
  Train_F1:0.9641, BCA:0.9641, EER:0.0247 | Val_F1:0.5855, BCA:0.5880, EER:0.3023
Epoch:20	Train_acc:0.9854	Val_acc:0.5870	Train_loss:0.036654	Val_loss:2.422935
  Train_F1:0.9854, BCA:0.9854, EER:0.0098 | Val_F1:0.5869, BCA:0.5870, EER:0.3100
Epoch:30	Train_acc:0.9935	Val_acc:0.5880	Train_loss:0.019666	Val_loss:2.790111
  Train_F1:0.9935, BCA:0.9935, EER:0.0047 | Val_F1:0.5870, BCA:0.5880, EER:0.3031
Epoch:40	Train_acc:0.9927	Val_acc:0.5983	Train_loss:0.022739	Val_loss:2.978103
  Train_F1:0.9927, BCA:0.9927, EER:0.0057 | Val_F1:0.5987, BCA:0.5983, EER:0.3059
Epoch:50	Train_acc:0.9956	Val_acc:0.5973	Train_loss:0.013355	Val_loss:2.912108
  Train_F1:0.9956, BCA:0.9956, EER:0.0036 | Val_F1:0.5978, BCA:0.5973, EER:0.2963
Epoch:60	Train_acc:0.9961	Val_acc:0.5983	Train_loss:0.014107	Val_loss:3.018291
  Train_F1:0.9961, BCA:0.9961, EER:0.0033 | Val_F1:0.5974, BCA:0.5983, EER:0.2997
Epoch:70	Train_acc:0.9951	Val_acc:0.5994	Train_loss:0.011846	Val_loss:3.211753
  Train_F1:0.9951, BCA:0.9951, EER:0.0027 | Val_F1:0.5992, BCA:0.5994, EER:0.2968
Epoch:80	Train_acc:0.9964	Val_acc:0.6056	Train_loss:0.010655	Val_loss:2.979518
  Train_F1:0.9964, BCA:0.9964, EER:0.0025 | Val_F1:0.6063, BCA:0.6056, EER:0.2875
Early stopping triggered at epoch 88.
--------------------训练完成!--------------------
总训练轮数-88, 早停轮数-57
验证集最佳准确率为62.01%
验证集平均准确率为58.77%
=====================model are trained===============
累计用时18917.5571s!
测试集平均指标为  Acc:50.42%;  F1:50.08%;  BCA:50.42%; EER:35.97%;
=====================test are done===================
训练集:验证集:测试集=3862:966:2400
SEED       Acc        F1         BCA        EER       
2024       0.5342     0.5340     0.5342     0.3410    
2025       0.4929     0.4920     0.4929     0.3695    
2026       0.5171     0.5164     0.5171     0.3538    
2027       0.5504     0.5505     0.5504     0.3355    
2028       0.5042     0.5008     0.5042     0.3597    
Avg        0.5197     0.5188     0.5197     0.3519    
Std        0.0206     0.0214     0.0206     0.0123    
--------------------------------------------------
CNN_LSTM(
  (block1): Sequential(
    (0): Conv2d(1, 32, kernel_size=(64, 1), stride=(1, 1), bias=False)
    (1): BatchNorm2d(32, eps=1e-05, momentum=0.1, affine=True, track_running_stats=True)
    (2): ELU(alpha=1.0)
    (3): AvgPool2d(kernel_size=(1, 2), stride=(1, 2), padding=0)
    (4): Dropout(p=0.25, inplace=False)
  )
  (block2): Sequential(
    (0): Conv2d(32, 64, kernel_size=(1, 1), stride=(1, 1), bias=False)
    (1): BatchNorm2d(64, eps=1e-05, momentum=0.1, affine=True, track_running_stats=True)
    (2): ELU(alpha=1.0)
    (3): AvgPool2d(kernel_size=(1, 2), stride=(1, 2), padding=0)
    (4): Dropout(p=0.25, inplace=False)
  )
  (block3): Sequential(
    (0): Conv2d(64, 128, kernel_size=(1, 1), stride=(1, 1), bias=False)
    (1): BatchNorm2d(128, eps=1e-05, momentum=0.1, affine=True, track_running_stats=True)
    (2): ELU(alpha=1.0)
    (3): AvgPool2d(kernel_size=(1, 2), stride=(1, 2), padding=0)
    (4): Dropout(p=0.25, inplace=False)
  )
  (convblock): Sequential(
    (0): Sequential(
      (0): Conv2d(1, 32, kernel_size=(64, 1), stride=(1, 1), bias=False)
      (1): BatchNorm2d(32, eps=1e-05, momentum=0.1, affine=True, track_running_stats=True)
      (2): ELU(alpha=1.0)
      (3): AvgPool2d(kernel_size=(1, 2), stride=(1, 2), padding=0)
      (4): Dropout(p=0.25, inplace=False)
    )
    (1): Sequential(
      (0): Conv2d(32, 64, kernel_size=(1, 1), stride=(1, 1), bias=False)
      (1): BatchNorm2d(64, eps=1e-05, momentum=0.1, affine=True, track_running_stats=True)
      (2): ELU(alpha=1.0)
      (3): AvgPool2d(kernel_size=(1, 2), stride=(1, 2), padding=0)
      (4): Dropout(p=0.25, inplace=False)
    )
    (2): Sequential(
      (0): Conv2d(64, 128, kernel_size=(1, 1), stride=(1, 1), bias=False)
      (1): BatchNorm2d(128, eps=1e-05, momentum=0.1, affine=True, track_running_stats=True)
      (2): ELU(alpha=1.0)
      (3): AvgPool2d(kernel_size=(1, 2), stride=(1, 2), padding=0)
      (4): Dropout(p=0.25, inplace=False)
    )
  )
  (lstm): LSTM(1000, 128, num_layers=2, batch_first=True)
  (clf): Sequential(
    (0): Linear(in_features=2048, out_features=128, bias=True)
    (1): Linear(in_features=128, out_features=3, bias=True)
  )
)
