==============================
dataset: Rest
model  : ShallowConvNet
seed   : 2024
gpu    : 5
数据比例-----训练集:验证集:测试集 = (960, 1, 64, 1000):(240, 1, 64, 1000):(600, 1, 64, 1000)
=====================data are prepared===============
累计用时6.9933s!
--------------------开始训练!--------------------
Epoch:10	Train_acc:0.9375	Val_acc:0.8667	Train_loss:0.171019	Val_loss:0.398050
  Train_F1:0.9375, BCA:0.9375, EER:0.9417 | Val_F1:0.8662, BCA:0.8667, EER:0.8708
Epoch:20	Train_acc:0.9719	Val_acc:0.8958	Train_loss:0.073088	Val_loss:0.299435
  Train_F1:0.9719, BCA:0.9719, EER:0.9750 | Val_F1:0.8958, BCA:0.8958, EER:0.9000
Epoch:30	Train_acc:0.9823	Val_acc:0.9042	Train_loss:0.050098	Val_loss:0.377940
  Train_F1:0.9823, BCA:0.9823, EER:0.9823 | Val_F1:0.9042, BCA:0.9042, EER:0.8958
Epoch:40	Train_acc:0.9938	Val_acc:0.9375	Train_loss:0.016489	Val_loss:0.214851
  Train_F1:0.9937, BCA:0.9938, EER:0.9979 | Val_F1:0.9375, BCA:0.9375, EER:0.9333
Epoch:50	Train_acc:1.0000	Val_acc:0.9208	Train_loss:0.007116	Val_loss:0.263289
  Train_F1:1.0000, BCA:1.0000, EER:1.0000 | Val_F1:0.9208, BCA:0.9208, EER:0.9208
Epoch:60	Train_acc:0.9979	Val_acc:0.9417	Train_loss:0.007299	Val_loss:0.282005
  Train_F1:0.9979, BCA:0.9979, EER:0.9990 | Val_F1:0.9417, BCA:0.9417, EER:0.9458
Epoch:70	Train_acc:0.9979	Val_acc:0.9333	Train_loss:0.007800	Val_loss:0.238823
  Train_F1:0.9979, BCA:0.9979, EER:0.9979 | Val_F1:0.9333, BCA:0.9333, EER:0.9417
Epoch:80	Train_acc:0.9906	Val_acc:0.9458	Train_loss:0.022705	Val_loss:0.222538
  Train_F1:0.9906, BCA:0.9906, EER:0.9896 | Val_F1:0.9458, BCA:0.9458, EER:0.9417
Epoch:90	Train_acc:0.9979	Val_acc:0.9375	Train_loss:0.007848	Val_loss:0.282069
  Train_F1:0.9979, BCA:0.9979, EER:0.9979 | Val_F1:0.9375, BCA:0.9375, EER:0.9417
Epoch:100	Train_acc:1.0000	Val_acc:0.9333	Train_loss:0.000776	Val_loss:0.360205
  Train_F1:1.0000, BCA:1.0000, EER:1.0000 | Val_F1:0.9333, BCA:0.9333, EER:0.9375
Epoch:110	Train_acc:1.0000	Val_acc:0.9250	Train_loss:0.001459	Val_loss:0.350509
  Train_F1:1.0000, BCA:1.0000, EER:1.0000 | Val_F1:0.9250, BCA:0.9250, EER:0.9292
Epoch:120	Train_acc:0.9979	Val_acc:0.9292	Train_loss:0.002798	Val_loss:0.339821
  Train_F1:0.9979, BCA:0.9979, EER:1.0000 | Val_F1:0.9292, BCA:0.9292, EER:0.9333
Epoch:130	Train_acc:0.9979	Val_acc:0.9208	Train_loss:0.009113	Val_loss:0.398759
  Train_F1:0.9979, BCA:0.9979, EER:0.9990 | Val_F1:0.9207, BCA:0.9208, EER:0.9250
Early stopping triggered at epoch 135.
--------------------训练完成!--------------------
总训练轮数-135, 早停轮数-104
验证集最佳准确率为95.42%
验证集平均准确率为91.78%
=====================model are trained===============
累计用时9156.4467s!
测试集平均指标为  Acc:79.67%;  F1:79.58%;  BCA:79.67%; EER:82.00%;
=====================test are done===================
训练集:验证集:测试集=960:240:600
SEED       Acc        F1         BCA        EER       
2024       0.7967     0.7958     0.7967     0.8200    
2025       0.0000     0.0000     0.0000     0.0000    
2026       0.0000     0.0000     0.0000     0.0000    
2027       0.0000     0.0000     0.0000     0.0000    
2028       0.0000     0.0000     0.0000     0.0000    
Avg        0.7967     0.7958     0.7967     0.8200    
Std        0.0000     0.0000     0.0000     0.0000    
==============================
dataset: Rest
model  : ShallowConvNet
seed   : 2025
gpu    : 5
数据比例-----训练集:验证集:测试集 = (960, 1, 64, 1000):(240, 1, 64, 1000):(600, 1, 64, 1000)
=====================data are prepared===============
累计用时25.0699s!
--------------------开始训练!--------------------
Epoch:10	Train_acc:0.9427	Val_acc:0.7833	Train_loss:0.144412	Val_loss:0.525131
  Train_F1:0.9427, BCA:0.9427, EER:0.9510 | Val_F1:0.7771, BCA:0.7833, EER:0.8750
Epoch:20	Train_acc:0.9625	Val_acc:0.8417	Train_loss:0.090965	Val_loss:0.586257
  Train_F1:0.9625, BCA:0.9625, EER:0.9667 | Val_F1:0.8410, BCA:0.8417, EER:0.8583
Epoch:30	Train_acc:0.9885	Val_acc:0.8875	Train_loss:0.036401	Val_loss:0.481655
  Train_F1:0.9885, BCA:0.9885, EER:0.9917 | Val_F1:0.8875, BCA:0.8875, EER:0.8958
Epoch:40	Train_acc:0.9844	Val_acc:0.8958	Train_loss:0.049259	Val_loss:0.442856
  Train_F1:0.9844, BCA:0.9844, EER:0.9854 | Val_F1:0.8957, BCA:0.8958, EER:0.9000
Epoch:50	Train_acc:0.9927	Val_acc:0.8833	Train_loss:0.018431	Val_loss:0.546560
  Train_F1:0.9927, BCA:0.9927, EER:0.9938 | Val_F1:0.8831, BCA:0.8833, EER:0.9167
Epoch:60	Train_acc:0.9958	Val_acc:0.8833	Train_loss:0.014757	Val_loss:0.591678
  Train_F1:0.9958, BCA:0.9958, EER:0.9969 | Val_F1:0.8831, BCA:0.8833, EER:0.8833
Epoch:70	Train_acc:0.9958	Val_acc:0.8958	Train_loss:0.022468	Val_loss:0.448429
  Train_F1:0.9958, BCA:0.9958, EER:0.9969 | Val_F1:0.8958, BCA:0.8958, EER:0.8958
Epoch:80	Train_acc:0.9875	Val_acc:0.8833	Train_loss:0.037607	Val_loss:0.617538
  Train_F1:0.9875, BCA:0.9875, EER:0.9885 | Val_F1:0.8833, BCA:0.8833, EER:0.8875
Early stopping triggered at epoch 87.
--------------------训练完成!--------------------
总训练轮数-87, 早停轮数-56
验证集最佳准确率为91.67%
验证集平均准确率为87.74%
=====================model are trained===============
累计用时5837.6830s!
测试集平均指标为  Acc:84.67%;  F1:84.61%;  BCA:84.67%; EER:82.33%;
=====================test are done===================
训练集:验证集:测试集=960:240:600
SEED       Acc        F1         BCA        EER       
2024       0.7967     0.7958     0.7967     0.8200    
2025       0.8467     0.8461     0.8467     0.8233    
2026       0.0000     0.0000     0.0000     0.0000    
2027       0.0000     0.0000     0.0000     0.0000    
2028       0.0000     0.0000     0.0000     0.0000    
Avg        0.8217     0.8210     0.8217     0.8217    
Std        0.0250     0.0251     0.0250     0.0017    
==============================
dataset: Rest
model  : ShallowConvNet
seed   : 2026
gpu    : 5
数据比例-----训练集:验证集:测试集 = (960, 1, 64, 1000):(240, 1, 64, 1000):(600, 1, 64, 1000)
=====================data are prepared===============
累计用时18.3408s!
--------------------开始训练!--------------------
Epoch:10	Train_acc:0.9125	Val_acc:0.8583	Train_loss:0.210327	Val_loss:0.406888
  Train_F1:0.9125, BCA:0.9125, EER:0.9104 | Val_F1:0.8583, BCA:0.8583, EER:0.8625
Epoch:20	Train_acc:0.9844	Val_acc:0.8792	Train_loss:0.049928	Val_loss:0.430131
  Train_F1:0.9844, BCA:0.9844, EER:0.9812 | Val_F1:0.8789, BCA:0.8792, EER:0.8958
Epoch:30	Train_acc:0.9948	Val_acc:0.8875	Train_loss:0.029774	Val_loss:0.514337
  Train_F1:0.9948, BCA:0.9948, EER:0.9917 | Val_F1:0.8875, BCA:0.8875, EER:0.8750
Epoch:40	Train_acc:0.9938	Val_acc:0.8792	Train_loss:0.016635	Val_loss:0.550676
  Train_F1:0.9938, BCA:0.9938, EER:0.9938 | Val_F1:0.8789, BCA:0.8792, EER:0.9000
Epoch:50	Train_acc:1.0000	Val_acc:0.8875	Train_loss:0.002223	Val_loss:0.513620
  Train_F1:1.0000, BCA:1.0000, EER:1.0000 | Val_F1:0.8875, BCA:0.8875, EER:0.8875
Early stopping triggered at epoch 56.
--------------------训练完成!--------------------
总训练轮数-56, 早停轮数-25
验证集最佳准确率为90.42%
验证集平均准确率为86.58%
=====================model are trained===============
累计用时3583.4683s!
测试集平均指标为  Acc:78.67%;  F1:78.67%;  BCA:78.67%; EER:78.67%;
=====================test are done===================
训练集:验证集:测试集=960:240:600
SEED       Acc        F1         BCA        EER       
2024       0.7967     0.7958     0.7967     0.8200    
2025       0.8467     0.8461     0.8467     0.8233    
2026       0.7867     0.7867     0.7867     0.7867    
2027       0.0000     0.0000     0.0000     0.0000    
2028       0.0000     0.0000     0.0000     0.0000    
Avg        0.8100     0.8095     0.8100     0.8100    
Std        0.0262     0.0261     0.0262     0.0166    
==============================
dataset: Rest
model  : ShallowConvNet
seed   : 2027
gpu    : 5
数据比例-----训练集:验证集:测试集 = (960, 1, 64, 1000):(240, 1, 64, 1000):(600, 1, 64, 1000)
=====================data are prepared===============
累计用时30.4070s!
--------------------开始训练!--------------------
Epoch:10	Train_acc:0.9437	Val_acc:0.9042	Train_loss:0.148394	Val_loss:0.276421
  Train_F1:0.9437, BCA:0.9438, EER:0.9385 | Val_F1:0.9040, BCA:0.9042, EER:0.9000
Epoch:20	Train_acc:0.9875	Val_acc:0.8917	Train_loss:0.053135	Val_loss:0.359829
  Train_F1:0.9875, BCA:0.9875, EER:0.9854 | Val_F1:0.8914, BCA:0.8917, EER:0.8875
Epoch:30	Train_acc:0.9906	Val_acc:0.9042	Train_loss:0.029578	Val_loss:0.433794
  Train_F1:0.9906, BCA:0.9906, EER:0.9917 | Val_F1:0.9040, BCA:0.9042, EER:0.8917
Epoch:40	Train_acc:0.9979	Val_acc:0.8958	Train_loss:0.008992	Val_loss:0.465676
  Train_F1:0.9979, BCA:0.9979, EER:0.9969 | Val_F1:0.8956, BCA:0.8958, EER:0.9083
Epoch:50	Train_acc:0.9979	Val_acc:0.8958	Train_loss:0.009017	Val_loss:0.444658
  Train_F1:0.9979, BCA:0.9979, EER:0.9979 | Val_F1:0.8958, BCA:0.8958, EER:0.9000
Early stopping triggered at epoch 53.
--------------------训练完成!--------------------
总训练轮数-53, 早停轮数-22
验证集最佳准确率为91.67%
验证集平均准确率为88.96%
=====================model are trained===============
累计用时3283.1654s!
测试集平均指标为  Acc:80.00%;  F1:79.98%;  BCA:80.00%; EER:80.67%;
=====================test are done===================
训练集:验证集:测试集=960:240:600
SEED       Acc        F1         BCA        EER       
2024       0.7967     0.7958     0.7967     0.8200    
2025       0.8467     0.8461     0.8467     0.8233    
2026       0.7867     0.7867     0.7867     0.7867    
2027       0.8000     0.7998     0.8000     0.8067    
2028       0.0000     0.0000     0.0000     0.0000    
Avg        0.8075     0.8071     0.8075     0.8092    
Std        0.0231     0.0230     0.0231     0.0144    
==============================
dataset: Rest
model  : ShallowConvNet
seed   : 2028
gpu    : 5
数据比例-----训练集:验证集:测试集 = (960, 1, 64, 1000):(240, 1, 64, 1000):(600, 1, 64, 1000)
=====================data are prepared===============
累计用时26.1837s!
--------------------开始训练!--------------------
Epoch:10	Train_acc:0.9542	Val_acc:0.9333	Train_loss:0.130801	Val_loss:0.233557
  Train_F1:0.9542, BCA:0.9542, EER:0.9542 | Val_F1:0.9333, BCA:0.9333, EER:0.9417
Epoch:20	Train_acc:0.9719	Val_acc:0.9292	Train_loss:0.088511	Val_loss:0.305385
  Train_F1:0.9719, BCA:0.9719, EER:0.9708 | Val_F1:0.9291, BCA:0.9292, EER:0.9250
Epoch:30	Train_acc:0.9781	Val_acc:0.9375	Train_loss:0.059273	Val_loss:0.257781
  Train_F1:0.9781, BCA:0.9781, EER:0.9760 | Val_F1:0.9375, BCA:0.9375, EER:0.9292
Epoch:40	Train_acc:0.9948	Val_acc:0.9292	Train_loss:0.023904	Val_loss:0.323135
  Train_F1:0.9948, BCA:0.9948, EER:0.9938 | Val_F1:0.9292, BCA:0.9292, EER:0.9250
Epoch:50	Train_acc:0.9917	Val_acc:0.9333	Train_loss:0.035114	Val_loss:0.372475
  Train_F1:0.9917, BCA:0.9917, EER:0.9906 | Val_F1:0.9333, BCA:0.9333, EER:0.9333
Epoch:60	Train_acc:0.9969	Val_acc:0.9375	Train_loss:0.010678	Val_loss:0.416159
  Train_F1:0.9969, BCA:0.9969, EER:1.0000 | Val_F1:0.9375, BCA:0.9375, EER:0.9292
Epoch:70	Train_acc:0.9938	Val_acc:0.9250	Train_loss:0.021669	Val_loss:0.621230
  Train_F1:0.9937, BCA:0.9938, EER:0.9948 | Val_F1:0.9249, BCA:0.9250, EER:0.9292
Early stopping triggered at epoch 80.
--------------------训练完成!--------------------
总训练轮数-80, 早停轮数-49
验证集最佳准确率为94.58%
验证集平均准确率为91.81%
=====================model are trained===============
累计用时4789.1285s!
测试集平均指标为  Acc:81.67%;  F1:81.61%;  BCA:81.67%; EER:85.00%;
=====================test are done===================
训练集:验证集:测试集=960:240:600
SEED       Acc        F1         BCA        EER       
2024       0.7967     0.7958     0.7967     0.8200    
2025       0.8467     0.8461     0.8467     0.8233    
2026       0.7867     0.7867     0.7867     0.7867    
2027       0.8000     0.7998     0.8000     0.8067    
2028       0.8167     0.8161     0.8167     0.8500    
Avg        0.8093     0.8089     0.8093     0.8173    
Std        0.0210     0.0209     0.0210     0.0208    
--------------------------------------------------
ShallowConvNet(
  (block1): Sequential(
    (0): Conv2d(1, 40, kernel_size=(1, 13), stride=(1, 1))
    (1): Conv2d(40, 40, kernel_size=(64, 1), stride=(1, 1))
    (2): BatchNorm2d(40, eps=1e-05, momentum=0.1, affine=True, track_running_stats=True)
    (3): ELU(alpha=1.0)
    (4): AvgPool2d(kernel_size=(1, 35), stride=(1, 7), padding=0)
    (5): ELU(alpha=1.0)
    (6): Dropout(p=0.5, inplace=False)
  )
  (clf): Classifier(
    (flatten): Flatten(start_dim=1, end_dim=-1)
    (fc1): Linear(in_features=5480, out_features=50, bias=True)
    (relu): ReLU()
    (fc2): Linear(in_features=50, out_features=2, bias=True)
    (clf): Sequential(
      (0): Flatten(start_dim=1, end_dim=-1)
      (1): Linear(in_features=5480, out_features=50, bias=True)
      (2): ReLU()
      (3): Linear(in_features=50, out_features=2, bias=True)
    )
  )
)
