==============================
dataset: Rest
model  : DeepConvNet
seed   : 2024
gpu    : 6
数据比例-----训练集:验证集:测试集 = (960, 1, 64, 1000):(240, 1, 64, 1000):(600, 1, 64, 1000)
=====================data are prepared===============
累计用时7.1463s!
--------------------开始训练!--------------------
Epoch:10	Train_acc:0.8927	Val_acc:0.7458	Train_loss:0.273380	Val_loss:0.569316
  Train_F1:0.8927, BCA:0.8927, EER:0.9000 | Val_F1:0.7317, BCA:0.7458, EER:0.8500
Epoch:20	Train_acc:0.9469	Val_acc:0.7542	Train_loss:0.132496	Val_loss:0.900594
  Train_F1:0.9469, BCA:0.9469, EER:0.9510 | Val_F1:0.7384, BCA:0.7542, EER:0.9292
Epoch:30	Train_acc:0.9625	Val_acc:0.8708	Train_loss:0.087000	Val_loss:0.595443
  Train_F1:0.9625, BCA:0.9625, EER:0.9625 | Val_F1:0.8692, BCA:0.8708, EER:0.8917
Epoch:40	Train_acc:0.9771	Val_acc:0.9417	Train_loss:0.058664	Val_loss:0.180749
  Train_F1:0.9771, BCA:0.9771, EER:0.9750 | Val_F1:0.9416, BCA:0.9417, EER:0.9583
Epoch:50	Train_acc:0.9875	Val_acc:0.8875	Train_loss:0.040663	Val_loss:0.485262
  Train_F1:0.9875, BCA:0.9875, EER:0.9885 | Val_F1:0.8865, BCA:0.8875, EER:0.9083
Epoch:60	Train_acc:0.9875	Val_acc:0.9000	Train_loss:0.045078	Val_loss:0.459144
  Train_F1:0.9875, BCA:0.9875, EER:0.9833 | Val_F1:0.8994, BCA:0.9000, EER:0.9292
Epoch:70	Train_acc:0.9927	Val_acc:0.9375	Train_loss:0.020767	Val_loss:0.199415
  Train_F1:0.9927, BCA:0.9927, EER:0.9948 | Val_F1:0.9375, BCA:0.9375, EER:0.9375
Early stopping triggered at epoch 71.
--------------------训练完成!--------------------
总训练轮数-71, 早停轮数-40
验证集最佳准确率为94.17%
验证集平均准确率为86.40%
=====================model are trained===============
累计用时4844.4401s!
测试集平均指标为  Acc:83.67%;  F1:83.49%;  BCA:83.67%; EER:83.00%;
=====================test are done===================
训练集:验证集:测试集=960:240:600
SEED       Acc        F1         BCA        EER       
2024       0.8367     0.8349     0.8367     0.8300    
2025       0.0000     0.0000     0.0000     0.0000    
2026       0.0000     0.0000     0.0000     0.0000    
2027       0.0000     0.0000     0.0000     0.0000    
2028       0.0000     0.0000     0.0000     0.0000    
Avg        0.8367     0.8349     0.8367     0.8300    
Std        0.0000     0.0000     0.0000     0.0000    
==============================
dataset: Rest
model  : DeepConvNet
seed   : 2025
gpu    : 6
数据比例-----训练集:验证集:测试集 = (960, 1, 64, 1000):(240, 1, 64, 1000):(600, 1, 64, 1000)
=====================data are prepared===============
累计用时23.5859s!
--------------------开始训练!--------------------
Epoch:10	Train_acc:0.9062	Val_acc:0.6792	Train_loss:0.252806	Val_loss:0.806154
  Train_F1:0.9062, BCA:0.9062, EER:0.9042 | Val_F1:0.6520, BCA:0.6792, EER:0.7958
Epoch:20	Train_acc:0.9604	Val_acc:0.7458	Train_loss:0.104978	Val_loss:1.058236
  Train_F1:0.9604, BCA:0.9604, EER:0.9604 | Val_F1:0.7306, BCA:0.7458, EER:0.8458
Epoch:30	Train_acc:0.9927	Val_acc:0.8125	Train_loss:0.030279	Val_loss:1.029386
  Train_F1:0.9927, BCA:0.9927, EER:0.9958 | Val_F1:0.8069, BCA:0.8125, EER:0.8833
Epoch:40	Train_acc:0.9792	Val_acc:0.8125	Train_loss:0.050391	Val_loss:0.796883
  Train_F1:0.9792, BCA:0.9792, EER:0.9771 | Val_F1:0.8089, BCA:0.8125, EER:0.8708
Epoch:50	Train_acc:0.9917	Val_acc:0.8250	Train_loss:0.023167	Val_loss:0.912159
  Train_F1:0.9917, BCA:0.9917, EER:0.9948 | Val_F1:0.8218, BCA:0.8250, EER:0.8875
Epoch:60	Train_acc:0.9938	Val_acc:0.8292	Train_loss:0.019463	Val_loss:1.018468
  Train_F1:0.9938, BCA:0.9938, EER:0.9938 | Val_F1:0.8266, BCA:0.8292, EER:0.8958
Epoch:70	Train_acc:0.9885	Val_acc:0.8667	Train_loss:0.025422	Val_loss:0.767156
  Train_F1:0.9885, BCA:0.9885, EER:0.9896 | Val_F1:0.8657, BCA:0.8667, EER:0.9000
Epoch:80	Train_acc:0.9938	Val_acc:0.8792	Train_loss:0.023601	Val_loss:0.797552
  Train_F1:0.9937, BCA:0.9938, EER:0.9948 | Val_F1:0.8786, BCA:0.8792, EER:0.8750
Epoch:90	Train_acc:0.9917	Val_acc:0.8042	Train_loss:0.014666	Val_loss:1.631845
  Train_F1:0.9917, BCA:0.9917, EER:0.9906 | Val_F1:0.7970, BCA:0.8042, EER:0.9000
Epoch:100	Train_acc:0.9958	Val_acc:0.8625	Train_loss:0.014302	Val_loss:0.921696
  Train_F1:0.9958, BCA:0.9958, EER:0.9927 | Val_F1:0.8614, BCA:0.8625, EER:0.8958
Epoch:110	Train_acc:1.0000	Val_acc:0.8667	Train_loss:0.003348	Val_loss:0.817905
  Train_F1:1.0000, BCA:1.0000, EER:1.0000 | Val_F1:0.8659, BCA:0.8667, EER:0.8917
Early stopping triggered at epoch 111.
--------------------训练完成!--------------------
总训练轮数-111, 早停轮数-80
验证集最佳准确率为87.92%
验证集平均准确率为81.12%
=====================model are trained===============
累计用时7616.2987s!
测试集平均指标为  Acc:84.67%;  F1:84.66%;  BCA:84.67%; EER:84.00%;
=====================test are done===================
训练集:验证集:测试集=960:240:600
SEED       Acc        F1         BCA        EER       
2024       0.8367     0.8349     0.8367     0.8300    
2025       0.8467     0.8466     0.8467     0.8400    
2026       0.0000     0.0000     0.0000     0.0000    
2027       0.0000     0.0000     0.0000     0.0000    
2028       0.0000     0.0000     0.0000     0.0000    
Avg        0.8417     0.8407     0.8417     0.8350    
Std        0.0050     0.0058     0.0050     0.0050    
==============================
dataset: Rest
model  : DeepConvNet
seed   : 2026
gpu    : 6
数据比例-----训练集:验证集:测试集 = (960, 1, 64, 1000):(240, 1, 64, 1000):(600, 1, 64, 1000)
=====================data are prepared===============
累计用时25.2675s!
--------------------开始训练!--------------------
Epoch:10	Train_acc:0.8927	Val_acc:0.7542	Train_loss:0.255993	Val_loss:0.590638
  Train_F1:0.8927, BCA:0.8927, EER:0.8958 | Val_F1:0.7460, BCA:0.7542, EER:0.8292
Epoch:20	Train_acc:0.9583	Val_acc:0.8583	Train_loss:0.105418	Val_loss:0.444811
  Train_F1:0.9583, BCA:0.9583, EER:0.9521 | Val_F1:0.8564, BCA:0.8583, EER:0.8958
Epoch:30	Train_acc:0.9854	Val_acc:0.7667	Train_loss:0.042236	Val_loss:1.281120
  Train_F1:0.9854, BCA:0.9854, EER:0.9854 | Val_F1:0.7542, BCA:0.7667, EER:0.9083
Epoch:40	Train_acc:0.9833	Val_acc:0.8042	Train_loss:0.047734	Val_loss:0.976912
  Train_F1:0.9833, BCA:0.9833, EER:0.9812 | Val_F1:0.7977, BCA:0.8042, EER:0.8958
Epoch:50	Train_acc:0.9969	Val_acc:0.8708	Train_loss:0.021561	Val_loss:0.782618
  Train_F1:0.9969, BCA:0.9969, EER:0.9958 | Val_F1:0.8696, BCA:0.8708, EER:0.9167
Epoch:60	Train_acc:0.9917	Val_acc:0.8083	Train_loss:0.028233	Val_loss:1.086172
  Train_F1:0.9917, BCA:0.9917, EER:0.9917 | Val_F1:0.8023, BCA:0.8083, EER:0.9125
Epoch:70	Train_acc:0.9906	Val_acc:0.8250	Train_loss:0.024022	Val_loss:1.076730
  Train_F1:0.9906, BCA:0.9906, EER:0.9927 | Val_F1:0.8214, BCA:0.8250, EER:0.9250
Epoch:80	Train_acc:0.9958	Val_acc:0.8500	Train_loss:0.016960	Val_loss:1.248511
  Train_F1:0.9958, BCA:0.9958, EER:0.9938 | Val_F1:0.8479, BCA:0.8500, EER:0.8833
Epoch:90	Train_acc:0.9938	Val_acc:0.8500	Train_loss:0.020677	Val_loss:1.042277
  Train_F1:0.9938, BCA:0.9938, EER:0.9938 | Val_F1:0.8479, BCA:0.8500, EER:0.9167
Epoch:100	Train_acc:0.9906	Val_acc:0.9000	Train_loss:0.043443	Val_loss:0.722598
  Train_F1:0.9906, BCA:0.9906, EER:0.9896 | Val_F1:0.8997, BCA:0.9000, EER:0.8917
Epoch:110	Train_acc:0.9969	Val_acc:0.9042	Train_loss:0.010434	Val_loss:0.752466
  Train_F1:0.9969, BCA:0.9969, EER:0.9979 | Val_F1:0.9039, BCA:0.9042, EER:0.9333
Early stopping triggered at epoch 112.
--------------------训练完成!--------------------
总训练轮数-112, 早停轮数-81
验证集最佳准确率为91.25%
验证集平均准确率为82.62%
=====================model are trained===============
累计用时7305.1433s!
测试集平均指标为  Acc:83.00%;  F1:82.87%;  BCA:83.00%; EER:84.50%;
=====================test are done===================
训练集:验证集:测试集=960:240:600
SEED       Acc        F1         BCA        EER       
2024       0.8367     0.8349     0.8367     0.8300    
2025       0.8467     0.8466     0.8467     0.8400    
2026       0.8300     0.8287     0.8300     0.8450    
2027       0.0000     0.0000     0.0000     0.0000    
2028       0.0000     0.0000     0.0000     0.0000    
Avg        0.8378     0.8367     0.8378     0.8383    
Std        0.0068     0.0074     0.0068     0.0062    
==============================
dataset: Rest
model  : DeepConvNet
seed   : 2027
gpu    : 6
数据比例-----训练集:验证集:测试集 = (960, 1, 64, 1000):(240, 1, 64, 1000):(600, 1, 64, 1000)
=====================data are prepared===============
累计用时30.0730s!
--------------------开始训练!--------------------
Epoch:10	Train_acc:0.9021	Val_acc:0.8042	Train_loss:0.249813	Val_loss:0.463758
  Train_F1:0.9021, BCA:0.9021, EER:0.9031 | Val_F1:0.7999, BCA:0.8042, EER:0.8500
Epoch:20	Train_acc:0.9667	Val_acc:0.8083	Train_loss:0.099349	Val_loss:0.559184
  Train_F1:0.9667, BCA:0.9667, EER:0.9688 | Val_F1:0.8034, BCA:0.8083, EER:0.9042
Epoch:30	Train_acc:0.9823	Val_acc:0.9125	Train_loss:0.047513	Val_loss:0.381256
  Train_F1:0.9823, BCA:0.9823, EER:0.9854 | Val_F1:0.9124, BCA:0.9125, EER:0.9250
Epoch:40	Train_acc:0.9969	Val_acc:0.9000	Train_loss:0.016407	Val_loss:0.419295
  Train_F1:0.9969, BCA:0.9969, EER:0.9969 | Val_F1:0.8997, BCA:0.9000, EER:0.9292
Epoch:50	Train_acc:0.9969	Val_acc:0.8958	Train_loss:0.010028	Val_loss:0.488157
  Train_F1:0.9969, BCA:0.9969, EER:0.9969 | Val_F1:0.8956, BCA:0.8958, EER:0.9000
Epoch:60	Train_acc:0.9917	Val_acc:0.9042	Train_loss:0.024823	Val_loss:0.498508
  Train_F1:0.9917, BCA:0.9917, EER:0.9927 | Val_F1:0.9042, BCA:0.9042, EER:0.9083
Epoch:70	Train_acc:0.9958	Val_acc:0.8917	Train_loss:0.011846	Val_loss:0.600223
  Train_F1:0.9958, BCA:0.9958, EER:0.9969 | Val_F1:0.8913, BCA:0.8917, EER:0.9042
Early stopping triggered at epoch 73.
--------------------训练完成!--------------------
总训练轮数-73, 早停轮数-42
验证集最佳准确率为92.92%
验证集平均准确率为87.04%
=====================model are trained===============
累计用时4432.6965s!
测试集平均指标为  Acc:83.00%;  F1:82.93%;  BCA:83.00%; EER:82.33%;
=====================test are done===================
训练集:验证集:测试集=960:240:600
SEED       Acc        F1         BCA        EER       
2024       0.8367     0.8349     0.8367     0.8300    
2025       0.8467     0.8466     0.8467     0.8400    
2026       0.8300     0.8287     0.8300     0.8450    
2027       0.8300     0.8293     0.8300     0.8233    
2028       0.0000     0.0000     0.0000     0.0000    
Avg        0.8358     0.8349     0.8358     0.8346    
Std        0.0068     0.0072     0.0068     0.0084    
==============================
dataset: Rest
model  : DeepConvNet
seed   : 2028
gpu    : 6
数据比例-----训练集:验证集:测试集 = (960, 1, 64, 1000):(240, 1, 64, 1000):(600, 1, 64, 1000)
=====================data are prepared===============
累计用时25.6867s!
--------------------开始训练!--------------------
Epoch:10	Train_acc:0.8729	Val_acc:0.7667	Train_loss:0.311043	Val_loss:0.578738
  Train_F1:0.8729, BCA:0.8729, EER:0.8698 | Val_F1:0.7586, BCA:0.7667, EER:0.8667
Epoch:20	Train_acc:0.9219	Val_acc:0.7000	Train_loss:0.187972	Val_loss:0.815859
  Train_F1:0.9219, BCA:0.9219, EER:0.9229 | Val_F1:0.6755, BCA:0.7000, EER:0.8958
Epoch:30	Train_acc:0.9583	Val_acc:0.8083	Train_loss:0.105838	Val_loss:0.659169
  Train_F1:0.9583, BCA:0.9583, EER:0.9625 | Val_F1:0.8029, BCA:0.8083, EER:0.9250
Epoch:40	Train_acc:0.9844	Val_acc:0.8583	Train_loss:0.039452	Val_loss:0.587066
  Train_F1:0.9844, BCA:0.9844, EER:0.9833 | Val_F1:0.8571, BCA:0.8583, EER:0.9167
Epoch:50	Train_acc:0.9906	Val_acc:0.8667	Train_loss:0.027006	Val_loss:0.569252
  Train_F1:0.9906, BCA:0.9906, EER:0.9938 | Val_F1:0.8655, BCA:0.8667, EER:0.9292
Epoch:60	Train_acc:0.9938	Val_acc:0.8292	Train_loss:0.026377	Val_loss:0.739786
  Train_F1:0.9937, BCA:0.9938, EER:0.9917 | Val_F1:0.8263, BCA:0.8292, EER:0.9333
Epoch:70	Train_acc:0.9969	Val_acc:0.8708	Train_loss:0.013552	Val_loss:0.630371
  Train_F1:0.9969, BCA:0.9969, EER:0.9938 | Val_F1:0.8698, BCA:0.8708, EER:0.9125
Epoch:80	Train_acc:0.9906	Val_acc:0.7958	Train_loss:0.023324	Val_loss:1.026836
  Train_F1:0.9906, BCA:0.9906, EER:0.9896 | Val_F1:0.7897, BCA:0.7958, EER:0.9375
Epoch:90	Train_acc:0.9990	Val_acc:0.8958	Train_loss:0.009710	Val_loss:0.492945
  Train_F1:0.9990, BCA:0.9990, EER:1.0000 | Val_F1:0.8957, BCA:0.8958, EER:0.9167
Epoch:100	Train_acc:1.0000	Val_acc:0.8667	Train_loss:0.006100	Val_loss:0.678053
  Train_F1:1.0000, BCA:1.0000, EER:1.0000 | Val_F1:0.8655, BCA:0.8667, EER:0.9375
Epoch:110	Train_acc:0.9979	Val_acc:0.8917	Train_loss:0.008093	Val_loss:0.542841
  Train_F1:0.9979, BCA:0.9979, EER:0.9979 | Val_F1:0.8914, BCA:0.8917, EER:0.9375
Epoch:120	Train_acc:0.9979	Val_acc:0.9000	Train_loss:0.010931	Val_loss:0.590810
  Train_F1:0.9979, BCA:0.9979, EER:0.9979 | Val_F1:0.8997, BCA:0.9000, EER:0.9458
Epoch:130	Train_acc:0.9979	Val_acc:0.8958	Train_loss:0.010422	Val_loss:0.474950
  Train_F1:0.9979, BCA:0.9979, EER:0.9958 | Val_F1:0.8956, BCA:0.8958, EER:0.9292
Early stopping triggered at epoch 137.
--------------------训练完成!--------------------
总训练轮数-137, 早停轮数-106
验证集最佳准确率为92.92%
验证集平均准确率为85.38%
=====================model are trained===============
累计用时8000.7367s!
测试集平均指标为  Acc:83.33%;  F1:83.15%;  BCA:83.33%; EER:82.33%;
=====================test are done===================
训练集:验证集:测试集=960:240:600
SEED       Acc        F1         BCA        EER       
2024       0.8367     0.8349     0.8367     0.8300    
2025       0.8467     0.8466     0.8467     0.8400    
2026       0.8300     0.8287     0.8300     0.8450    
2027       0.8300     0.8293     0.8300     0.8233    
2028       0.8333     0.8315     0.8333     0.8233    
Avg        0.8353     0.8342     0.8353     0.8323    
Std        0.0062     0.0066     0.0062     0.0088    
--------------------------------------------------
DeepConvNet(
  (block1): Sequential(
    (0): Conv2d(1, 25, kernel_size=(1, 5), stride=(1, 1))
    (1): Conv2d(25, 25, kernel_size=(64, 1), stride=(1, 1))
    (2): BatchNorm2d(25, eps=1e-05, momentum=0.1, affine=True, track_running_stats=True)
    (3): ELU(alpha=1.0)
    (4): MaxPool2d(kernel_size=(1, 2), stride=(1, 2), padding=0, dilation=1, ceil_mode=False)
    (5): Dropout(p=0.5, inplace=False)
  )
  (block2): Sequential(
    (0): Conv2d(25, 50, kernel_size=(1, 5), stride=(1, 1))
    (1): BatchNorm2d(50, eps=1e-05, momentum=0.1, affine=True, track_running_stats=True)
    (2): ELU(alpha=1.0)
    (3): MaxPool2d(kernel_size=(1, 2), stride=(1, 2), padding=0, dilation=1, ceil_mode=False)
    (4): Dropout(p=0.5, inplace=False)
  )
  (block3): Sequential(
    (0): Conv2d(50, 100, kernel_size=(1, 5), stride=(1, 1))
    (1): BatchNorm2d(100, eps=1e-05, momentum=0.1, affine=True, track_running_stats=True)
    (2): ELU(alpha=1.0)
    (3): MaxPool2d(kernel_size=(1, 2), stride=(1, 2), padding=0, dilation=1, ceil_mode=False)
    (4): Dropout(p=0.5, inplace=False)
  )
  (clf): Classifier(
    (flatten): Flatten(start_dim=1, end_dim=-1)
    (fc1): Linear(in_features=12100, out_features=50, bias=True)
    (relu): ReLU()
    (fc2): Linear(in_features=50, out_features=2, bias=True)
    (clf): Sequential(
      (0): Flatten(start_dim=1, end_dim=-1)
      (1): Linear(in_features=12100, out_features=50, bias=True)
      (2): ReLU()
      (3): Linear(in_features=50, out_features=2, bias=True)
    )
  )
)
