==============================
dataset: Rest
model  : MSNet
seed   : 2024
gpu    : 4
数据比例-----训练集:验证集:测试集 = (960, 1, 64, 1000):(240, 1, 64, 1000):(600, 1, 64, 1000)
=====================data are prepared===============
累计用时6.9714s!
--------------------开始训练!--------------------
Epoch:10	Train_acc:0.9365	Val_acc:0.8667	Train_loss:0.174380	Val_loss:0.319945
  Train_F1:0.9365, BCA:0.9365, EER:0.9344 | Val_F1:0.8653, BCA:0.8667, EER:0.9083
Epoch:20	Train_acc:0.9990	Val_acc:0.9375	Train_loss:0.030125	Val_loss:0.231386
  Train_F1:0.9990, BCA:0.9990, EER:1.0000 | Val_F1:0.9375, BCA:0.9375, EER:0.9292
Epoch:30	Train_acc:1.0000	Val_acc:0.9333	Train_loss:0.002543	Val_loss:0.261323
  Train_F1:1.0000, BCA:1.0000, EER:1.0000 | Val_F1:0.9333, BCA:0.9333, EER:0.9417
Epoch:40	Train_acc:1.0000	Val_acc:0.9292	Train_loss:0.000963	Val_loss:0.277110
  Train_F1:1.0000, BCA:1.0000, EER:1.0000 | Val_F1:0.9291, BCA:0.9292, EER:0.9458
Epoch:50	Train_acc:1.0000	Val_acc:0.9250	Train_loss:0.000564	Val_loss:0.287223
  Train_F1:1.0000, BCA:1.0000, EER:1.0000 | Val_F1:0.9249, BCA:0.9250, EER:0.9417
Early stopping triggered at epoch 51.
--------------------训练完成!--------------------
总训练轮数-51, 早停轮数-20
验证集最佳准确率为93.75%
验证集平均准确率为90.86%
=====================model are trained===============
累计用时3541.5593s!
测试集平均指标为  Acc:80.83%;  F1:80.82%;  BCA:80.83%; EER:80.33%;
=====================test are done===================
训练集:验证集:测试集=960:240:600
SEED       Acc        F1         BCA        EER       
2024       0.8083     0.8082     0.8083     0.8033    
2025       0.0000     0.0000     0.0000     0.0000    
2026       0.0000     0.0000     0.0000     0.0000    
2027       0.0000     0.0000     0.0000     0.0000    
2028       0.0000     0.0000     0.0000     0.0000    
Avg        0.8083     0.8082     0.8083     0.8033    
Std        0.0000     0.0000     0.0000     0.0000    
==============================
dataset: Rest
model  : MSNet
seed   : 2025
gpu    : 4
数据比例-----训练集:验证集:测试集 = (960, 1, 64, 1000):(240, 1, 64, 1000):(600, 1, 64, 1000)
=====================data are prepared===============
累计用时35.3681s!
--------------------开始训练!--------------------
Epoch:10	Train_acc:0.9354	Val_acc:0.8625	Train_loss:0.184145	Val_loss:0.359219
  Train_F1:0.9354, BCA:0.9354, EER:0.9323 | Val_F1:0.8624, BCA:0.8625, EER:0.8500
Epoch:20	Train_acc:0.9896	Val_acc:0.8375	Train_loss:0.055677	Val_loss:0.375231
  Train_F1:0.9896, BCA:0.9896, EER:0.9927 | Val_F1:0.8367, BCA:0.8375, EER:0.8750
Epoch:30	Train_acc:0.9990	Val_acc:0.8625	Train_loss:0.017275	Val_loss:0.382395
  Train_F1:0.9990, BCA:0.9990, EER:1.0000 | Val_F1:0.8624, BCA:0.8625, EER:0.8583
Epoch:40	Train_acc:1.0000	Val_acc:0.8667	Train_loss:0.002311	Val_loss:0.433095
  Train_F1:1.0000, BCA:1.0000, EER:1.0000 | Val_F1:0.8663, BCA:0.8667, EER:0.8667
Early stopping triggered at epoch 46.
--------------------训练完成!--------------------
总训练轮数-46, 早停轮数-15
验证集最佳准确率为87.50%
验证集平均准确率为84.78%
=====================model are trained===============
累计用时3227.1608s!
测试集平均指标为  Acc:81.33%;  F1:81.30%;  BCA:81.33%; EER:80.33%;
=====================test are done===================
训练集:验证集:测试集=960:240:600
SEED       Acc        F1         BCA        EER       
2024       0.8083     0.8082     0.8083     0.8033    
2025       0.8133     0.8130     0.8133     0.8033    
2026       0.0000     0.0000     0.0000     0.0000    
2027       0.0000     0.0000     0.0000     0.0000    
2028       0.0000     0.0000     0.0000     0.0000    
Avg        0.8108     0.8106     0.8108     0.8033    
Std        0.0025     0.0024     0.0025     0.0000    
==============================
dataset: Rest
model  : MSNet
seed   : 2026
gpu    : 4
数据比例-----训练集:验证集:测试集 = (960, 1, 64, 1000):(240, 1, 64, 1000):(600, 1, 64, 1000)
=====================data are prepared===============
累计用时38.5542s!
--------------------开始训练!--------------------
Epoch:10	Train_acc:0.9365	Val_acc:0.8917	Train_loss:0.195493	Val_loss:0.318173
  Train_F1:0.9364, BCA:0.9365, EER:0.9323 | Val_F1:0.8916, BCA:0.8917, EER:0.8792
Epoch:20	Train_acc:0.9719	Val_acc:0.9167	Train_loss:0.089438	Val_loss:0.231502
  Train_F1:0.9719, BCA:0.9719, EER:0.9708 | Val_F1:0.9167, BCA:0.9167, EER:0.9167
Epoch:30	Train_acc:1.0000	Val_acc:0.9083	Train_loss:0.007211	Val_loss:0.260799
  Train_F1:1.0000, BCA:1.0000, EER:1.0000 | Val_F1:0.9083, BCA:0.9083, EER:0.8958
Epoch:40	Train_acc:1.0000	Val_acc:0.9083	Train_loss:0.001943	Val_loss:0.281385
  Train_F1:1.0000, BCA:1.0000, EER:1.0000 | Val_F1:0.9083, BCA:0.9083, EER:0.9167
Epoch:50	Train_acc:1.0000	Val_acc:0.9167	Train_loss:0.000747	Val_loss:0.298738
  Train_F1:1.0000, BCA:1.0000, EER:1.0000 | Val_F1:0.9167, BCA:0.9167, EER:0.9250
Epoch:60	Train_acc:1.0000	Val_acc:0.9125	Train_loss:0.000401	Val_loss:0.315436
  Train_F1:1.0000, BCA:1.0000, EER:1.0000 | Val_F1:0.9125, BCA:0.9125, EER:0.9167
Early stopping triggered at epoch 67.
--------------------训练完成!--------------------
总训练轮数-67, 早停轮数-36
验证集最佳准确率为92.08%
验证集平均准确率为90.13%
=====================model are trained===============
累计用时4703.1249s!
测试集平均指标为  Acc:80.17%;  F1:80.16%;  BCA:80.17%; EER:79.67%;
=====================test are done===================
训练集:验证集:测试集=960:240:600
SEED       Acc        F1         BCA        EER       
2024       0.8083     0.8082     0.8083     0.8033    
2025       0.8133     0.8130     0.8133     0.8033    
2026       0.8017     0.8016     0.8017     0.7967    
2027       0.0000     0.0000     0.0000     0.0000    
2028       0.0000     0.0000     0.0000     0.0000    
Avg        0.8078     0.8076     0.8078     0.8011    
Std        0.0048     0.0047     0.0048     0.0031    
==============================
dataset: Rest
model  : MSNet
seed   : 2027
gpu    : 4
数据比例-----训练集:验证集:测试集 = (960, 1, 64, 1000):(240, 1, 64, 1000):(600, 1, 64, 1000)
=====================data are prepared===============
累计用时42.3417s!
--------------------开始训练!--------------------
Epoch:10	Train_acc:0.9448	Val_acc:0.8917	Train_loss:0.169342	Val_loss:0.314306
  Train_F1:0.9448, BCA:0.9448, EER:0.9437 | Val_F1:0.8914, BCA:0.8917, EER:0.8750
Epoch:20	Train_acc:0.9969	Val_acc:0.9042	Train_loss:0.047042	Val_loss:0.219829
  Train_F1:0.9969, BCA:0.9969, EER:0.9958 | Val_F1:0.9042, BCA:0.9042, EER:0.8917
Epoch:30	Train_acc:1.0000	Val_acc:0.9208	Train_loss:0.005274	Val_loss:0.247660
  Train_F1:1.0000, BCA:1.0000, EER:1.0000 | Val_F1:0.9208, BCA:0.9208, EER:0.9125
Epoch:40	Train_acc:1.0000	Val_acc:0.9292	Train_loss:0.001125	Val_loss:0.244476
  Train_F1:1.0000, BCA:1.0000, EER:1.0000 | Val_F1:0.9292, BCA:0.9292, EER:0.9333
Epoch:50	Train_acc:1.0000	Val_acc:0.9292	Train_loss:0.000618	Val_loss:0.245688
  Train_F1:1.0000, BCA:1.0000, EER:1.0000 | Val_F1:0.9292, BCA:0.9292, EER:0.9292
Epoch:60	Train_acc:1.0000	Val_acc:0.9250	Train_loss:0.000301	Val_loss:0.254137
  Train_F1:1.0000, BCA:1.0000, EER:1.0000 | Val_F1:0.9250, BCA:0.9250, EER:0.9375
Epoch:70	Train_acc:1.0000	Val_acc:0.9333	Train_loss:0.000220	Val_loss:0.252584
  Train_F1:1.0000, BCA:1.0000, EER:1.0000 | Val_F1:0.9333, BCA:0.9333, EER:0.9333
Early stopping triggered at epoch 72.
--------------------训练完成!--------------------
总训练轮数-72, 早停轮数-41
验证集最佳准确率为93.75%
验证集平均准确率为91.27%
=====================model are trained===============
累计用时4911.2306s!
测试集平均指标为  Acc:81.17%;  F1:81.15%;  BCA:81.17%; EER:81.50%;
=====================test are done===================
训练集:验证集:测试集=960:240:600
SEED       Acc        F1         BCA        EER       
2024       0.8083     0.8082     0.8083     0.8033    
2025       0.8133     0.8130     0.8133     0.8033    
2026       0.8017     0.8016     0.8017     0.7967    
2027       0.8117     0.8115     0.8117     0.8150    
2028       0.0000     0.0000     0.0000     0.0000    
Avg        0.8087     0.8086     0.8087     0.8046    
Std        0.0045     0.0044     0.0045     0.0066    
==============================
dataset: Rest
model  : MSNet
seed   : 2028
gpu    : 4
数据比例-----训练集:验证集:测试集 = (960, 1, 64, 1000):(240, 1, 64, 1000):(600, 1, 64, 1000)
=====================data are prepared===============
累计用时29.2472s!
--------------------开始训练!--------------------
Epoch:10	Train_acc:0.9521	Val_acc:0.9000	Train_loss:0.153156	Val_loss:0.264465
  Train_F1:0.9521, BCA:0.9521, EER:0.9500 | Val_F1:0.8997, BCA:0.9000, EER:0.9125
Epoch:20	Train_acc:0.9906	Val_acc:0.9208	Train_loss:0.049886	Val_loss:0.217853
  Train_F1:0.9906, BCA:0.9906, EER:0.9906 | Val_F1:0.9208, BCA:0.9208, EER:0.9333
Epoch:30	Train_acc:1.0000	Val_acc:0.9292	Train_loss:0.003360	Val_loss:0.219416
  Train_F1:1.0000, BCA:1.0000, EER:1.0000 | Val_F1:0.9291, BCA:0.9292, EER:0.9250
Epoch:40	Train_acc:1.0000	Val_acc:0.9208	Train_loss:0.001036	Val_loss:0.232863
  Train_F1:1.0000, BCA:1.0000, EER:1.0000 | Val_F1:0.9208, BCA:0.9208, EER:0.9208
Epoch:50	Train_acc:1.0000	Val_acc:0.9333	Train_loss:0.000528	Val_loss:0.236723
  Train_F1:1.0000, BCA:1.0000, EER:1.0000 | Val_F1:0.9333, BCA:0.9333, EER:0.9208
Early stopping triggered at epoch 57.
--------------------训练完成!--------------------
总训练轮数-57, 早停轮数-26
验证集最佳准确率为93.33%
验证集平均准确率为91.44%
=====================model are trained===============
累计用时3752.1752s!
测试集平均指标为  Acc:80.50%;  F1:80.45%;  BCA:80.50%; EER:80.17%;
=====================test are done===================
训练集:验证集:测试集=960:240:600
SEED       Acc        F1         BCA        EER       
2024       0.8083     0.8082     0.8083     0.8033    
2025       0.8133     0.8130     0.8133     0.8033    
2026       0.8017     0.8016     0.8017     0.7967    
2027       0.8117     0.8115     0.8117     0.8150    
2028       0.8050     0.8045     0.8050     0.8017    
Avg        0.8080     0.8078     0.8080     0.8040    
Std        0.0043     0.0043     0.0043     0.0060    
--------------------------------------------------
MSNet(
  (parallel_conv): ModuleList(
    (0): Conv1d(64, 64, kernel_size=(7,), stride=(1,), bias=False)
    (1): Conv1d(64, 64, kernel_size=(15,), stride=(1,), bias=False)
    (2): Conv1d(64, 64, kernel_size=(31,), stride=(1,), bias=False)
    (3): Conv1d(64, 64, kernel_size=(63,), stride=(1,), bias=False)
    (4): Conv1d(64, 64, kernel_size=(127,), stride=(1,), bias=False)
  )
  (convblock): Sequential(
    (0): BatchNorm1d(64, eps=1e-05, momentum=0.1, affine=True, track_running_stats=True)
    (1): ReLU()
    (2): Conv1d(64, 64, kernel_size=(5,), stride=(2,), padding=(2,), bias=False)
    (3): BatchNorm1d(64, eps=1e-05, momentum=0.1, affine=True, track_running_stats=True)
    (4): ReLU()
  )
  (temporalLayer): LogVarLayer()
  (fc): Sequential(
    (0): Linear(in_features=320, out_features=2, bias=True)
    (1): LogSoftmax(dim=1)
  )
)
