==============================
dataset: Rest
model  : BrainprintNet
seed   : 2024
gpu    : 4
数据比例-----训练集:验证集:测试集 = (960, 1, 64, 1000):(240, 1, 64, 1000):(600, 1, 64, 1000)
=====================data are prepared===============
累计用时6.2968s!
--------------------开始训练!--------------------
Epoch:10	Train_acc:0.9417	Val_acc:0.9083	Train_loss:0.169205	Val_loss:0.234287
  Train_F1:0.9417, BCA:0.9417, EER:0.9396 | Val_F1:0.9083, BCA:0.9083, EER:0.9125
Epoch:20	Train_acc:0.9927	Val_acc:0.9417	Train_loss:0.054476	Val_loss:0.134732
  Train_F1:0.9927, BCA:0.9927, EER:0.9938 | Val_F1:0.9417, BCA:0.9417, EER:0.9542
Epoch:30	Train_acc:0.9990	Val_acc:0.9583	Train_loss:0.025844	Val_loss:0.112799
  Train_F1:0.9990, BCA:0.9990, EER:0.9979 | Val_F1:0.9583, BCA:0.9583, EER:0.9583
Epoch:40	Train_acc:1.0000	Val_acc:0.9333	Train_loss:0.011039	Val_loss:0.125220
  Train_F1:1.0000, BCA:1.0000, EER:1.0000 | Val_F1:0.9332, BCA:0.9333, EER:0.9708
Epoch:50	Train_acc:1.0000	Val_acc:0.9583	Train_loss:0.006701	Val_loss:0.091433
  Train_F1:1.0000, BCA:1.0000, EER:1.0000 | Val_F1:0.9583, BCA:0.9583, EER:0.9500
Epoch:60	Train_acc:1.0000	Val_acc:0.9583	Train_loss:0.004352	Val_loss:0.089175
  Train_F1:1.0000, BCA:1.0000, EER:1.0000 | Val_F1:0.9583, BCA:0.9583, EER:0.9583
Epoch:70	Train_acc:1.0000	Val_acc:0.9625	Train_loss:0.003154	Val_loss:0.079135
  Train_F1:1.0000, BCA:1.0000, EER:1.0000 | Val_F1:0.9625, BCA:0.9625, EER:0.9667
Epoch:80	Train_acc:1.0000	Val_acc:0.9625	Train_loss:0.002164	Val_loss:0.082393
  Train_F1:1.0000, BCA:1.0000, EER:1.0000 | Val_F1:0.9625, BCA:0.9625, EER:0.9708
Epoch:90	Train_acc:1.0000	Val_acc:0.9583	Train_loss:0.001771	Val_loss:0.097505
  Train_F1:1.0000, BCA:1.0000, EER:1.0000 | Val_F1:0.9583, BCA:0.9583, EER:0.9667
Early stopping triggered at epoch 95.
--------------------训练完成!--------------------
总训练轮数-95, 早停轮数-64
验证集最佳准确率为97.08%
验证集平均准确率为94.17%
=====================model are trained===============
累计用时13018.2737s!
测试集平均指标为  Acc:87.67%;  F1:87.67%;  BCA:87.67%; EER:87.50%;
=====================test are done===================
训练集:验证集:测试集=960:240:600
SEED       Acc        F1         BCA        EER       
2024       0.8767     0.8767     0.8767     0.8750    
2025       0.0000     0.0000     0.0000     0.0000    
2026       0.0000     0.0000     0.0000     0.0000    
2027       0.0000     0.0000     0.0000     0.0000    
2028       0.0000     0.0000     0.0000     0.0000    
Avg        0.8767     0.8767     0.8767     0.8750    
Std        0.0000     0.0000     0.0000     0.0000    
==============================
dataset: Rest
model  : BrainprintNet
seed   : 2025
gpu    : 4
数据比例-----训练集:验证集:测试集 = (960, 1, 64, 1000):(240, 1, 64, 1000):(600, 1, 64, 1000)
=====================data are prepared===============
累计用时29.3683s!
--------------------开始训练!--------------------
Epoch:10	Train_acc:0.9615	Val_acc:0.8875	Train_loss:0.126691	Val_loss:0.267977
  Train_F1:0.9615, BCA:0.9615, EER:0.9604 | Val_F1:0.8875, BCA:0.8875, EER:0.8958
Epoch:20	Train_acc:0.9990	Val_acc:0.9250	Train_loss:0.038148	Val_loss:0.202380
  Train_F1:0.9990, BCA:0.9990, EER:0.9979 | Val_F1:0.9250, BCA:0.9250, EER:0.9292
Epoch:30	Train_acc:1.0000	Val_acc:0.9333	Train_loss:0.016095	Val_loss:0.200885
  Train_F1:1.0000, BCA:1.0000, EER:1.0000 | Val_F1:0.9333, BCA:0.9333, EER:0.9375
Epoch:40	Train_acc:1.0000	Val_acc:0.9333	Train_loss:0.007092	Val_loss:0.197648
  Train_F1:1.0000, BCA:1.0000, EER:1.0000 | Val_F1:0.9333, BCA:0.9333, EER:0.9333
Epoch:50	Train_acc:1.0000	Val_acc:0.9333	Train_loss:0.004707	Val_loss:0.179863
  Train_F1:1.0000, BCA:1.0000, EER:1.0000 | Val_F1:0.9333, BCA:0.9333, EER:0.9292
Epoch:60	Train_acc:1.0000	Val_acc:0.9333	Train_loss:0.003028	Val_loss:0.201221
  Train_F1:1.0000, BCA:1.0000, EER:1.0000 | Val_F1:0.9333, BCA:0.9333, EER:0.9333
Early stopping triggered at epoch 62.
--------------------训练完成!--------------------
总训练轮数-62, 早停轮数-31
验证集最佳准确率为93.75%
验证集平均准确率为91.54%
=====================model are trained===============
累计用时7695.9625s!
测试集平均指标为  Acc:85.50%;  F1:85.50%;  BCA:85.50%; EER:86.00%;
=====================test are done===================
训练集:验证集:测试集=960:240:600
SEED       Acc        F1         BCA        EER       
2024       0.8767     0.8767     0.8767     0.8750    
2025       0.8550     0.8550     0.8550     0.8600    
2026       0.0000     0.0000     0.0000     0.0000    
2027       0.0000     0.0000     0.0000     0.0000    
2028       0.0000     0.0000     0.0000     0.0000    
Avg        0.8658     0.8658     0.8658     0.8675    
Std        0.0108     0.0108     0.0108     0.0075    
==============================
dataset: Rest
model  : BrainprintNet
seed   : 2026
gpu    : 4
数据比例-----训练集:验证集:测试集 = (960, 1, 64, 1000):(240, 1, 64, 1000):(600, 1, 64, 1000)
=====================data are prepared===============
累计用时30.5033s!
--------------------开始训练!--------------------
Epoch:10	Train_acc:0.9479	Val_acc:0.9000	Train_loss:0.163504	Val_loss:0.253518
  Train_F1:0.9479, BCA:0.9479, EER:0.9490 | Val_F1:0.8996, BCA:0.9000, EER:0.9167
Epoch:20	Train_acc:0.9885	Val_acc:0.9458	Train_loss:0.063209	Val_loss:0.141490
  Train_F1:0.9885, BCA:0.9885, EER:0.9875 | Val_F1:0.9458, BCA:0.9458, EER:0.9583
Epoch:30	Train_acc:1.0000	Val_acc:0.9458	Train_loss:0.022309	Val_loss:0.130076
  Train_F1:1.0000, BCA:1.0000, EER:1.0000 | Val_F1:0.9458, BCA:0.9458, EER:0.9417
Epoch:40	Train_acc:1.0000	Val_acc:0.9625	Train_loss:0.012265	Val_loss:0.125585
  Train_F1:1.0000, BCA:1.0000, EER:1.0000 | Val_F1:0.9625, BCA:0.9625, EER:0.9417
Epoch:50	Train_acc:1.0000	Val_acc:0.9625	Train_loss:0.006144	Val_loss:0.121652
  Train_F1:1.0000, BCA:1.0000, EER:1.0000 | Val_F1:0.9625, BCA:0.9625, EER:0.9583
Early stopping triggered at epoch 58.
--------------------训练完成!--------------------
总训练轮数-58, 早停轮数-27
验证集最佳准确率为96.25%
验证集平均准确率为93.96%
=====================model are trained===============
累计用时6739.4846s!
测试集平均指标为  Acc:85.67%;  F1:85.66%;  BCA:85.67%; EER:86.67%;
=====================test are done===================
训练集:验证集:测试集=960:240:600
SEED       Acc        F1         BCA        EER       
2024       0.8767     0.8767     0.8767     0.8750    
2025       0.8550     0.8550     0.8550     0.8600    
2026       0.8567     0.8566     0.8567     0.8667    
2027       0.0000     0.0000     0.0000     0.0000    
2028       0.0000     0.0000     0.0000     0.0000    
Avg        0.8628     0.8628     0.8628     0.8672    
Std        0.0098     0.0099     0.0098     0.0061    
==============================
dataset: Rest
model  : BrainprintNet
seed   : 2027
gpu    : 4
数据比例-----训练集:验证集:测试集 = (960, 1, 64, 1000):(240, 1, 64, 1000):(600, 1, 64, 1000)
=====================data are prepared===============
累计用时24.9023s!
--------------------开始训练!--------------------
Epoch:10	Train_acc:0.9531	Val_acc:0.9208	Train_loss:0.170583	Val_loss:0.218338
  Train_F1:0.9531, BCA:0.9531, EER:0.9552 | Val_F1:0.9207, BCA:0.9208, EER:0.9083
Epoch:20	Train_acc:0.9844	Val_acc:0.9417	Train_loss:0.066499	Val_loss:0.160400
  Train_F1:0.9844, BCA:0.9844, EER:0.9854 | Val_F1:0.9417, BCA:0.9417, EER:0.9458
Epoch:30	Train_acc:0.9979	Val_acc:0.9500	Train_loss:0.030725	Val_loss:0.136480
  Train_F1:0.9979, BCA:0.9979, EER:1.0000 | Val_F1:0.9500, BCA:0.9500, EER:0.9500
Epoch:40	Train_acc:1.0000	Val_acc:0.9542	Train_loss:0.013000	Val_loss:0.136141
  Train_F1:1.0000, BCA:1.0000, EER:1.0000 | Val_F1:0.9541, BCA:0.9542, EER:0.9417
Epoch:50	Train_acc:1.0000	Val_acc:0.9583	Train_loss:0.008213	Val_loss:0.149815
  Train_F1:1.0000, BCA:1.0000, EER:1.0000 | Val_F1:0.9583, BCA:0.9583, EER:0.9417
Epoch:60	Train_acc:1.0000	Val_acc:0.9625	Train_loss:0.005661	Val_loss:0.142855
  Train_F1:1.0000, BCA:1.0000, EER:1.0000 | Val_F1:0.9625, BCA:0.9625, EER:0.9333
Epoch:70	Train_acc:1.0000	Val_acc:0.9583	Train_loss:0.005407	Val_loss:0.139604
  Train_F1:1.0000, BCA:1.0000, EER:1.0000 | Val_F1:0.9583, BCA:0.9583, EER:0.9292
Epoch:80	Train_acc:1.0000	Val_acc:0.9583	Train_loss:0.003001	Val_loss:0.131698
  Train_F1:1.0000, BCA:1.0000, EER:1.0000 | Val_F1:0.9583, BCA:0.9583, EER:0.9375
Early stopping triggered at epoch 83.
--------------------训练完成!--------------------
总训练轮数-83, 早停轮数-52
验证集最佳准确率为96.25%
验证集平均准确率为94.47%
=====================model are trained===============
累计用时9492.0818s!
测试集平均指标为  Acc:86.67%;  F1:86.66%;  BCA:86.67%; EER:85.17%;
=====================test are done===================
训练集:验证集:测试集=960:240:600
SEED       Acc        F1         BCA        EER       
2024       0.8767     0.8767     0.8767     0.8750    
2025       0.8550     0.8550     0.8550     0.8600    
2026       0.8567     0.8566     0.8567     0.8667    
2027       0.8667     0.8666     0.8667     0.8517    
2028       0.0000     0.0000     0.0000     0.0000    
Avg        0.8638     0.8637     0.8638     0.8633    
Std        0.0087     0.0087     0.0087     0.0086    
==============================
dataset: Rest
model  : BrainprintNet
seed   : 2028
gpu    : 4
数据比例-----训练集:验证集:测试集 = (960, 1, 64, 1000):(240, 1, 64, 1000):(600, 1, 64, 1000)
=====================data are prepared===============
累计用时23.0891s!
--------------------开始训练!--------------------
Epoch:10	Train_acc:0.9427	Val_acc:0.9083	Train_loss:0.156339	Val_loss:0.270423
  Train_F1:0.9427, BCA:0.9427, EER:0.9437 | Val_F1:0.9082, BCA:0.9083, EER:0.9167
Epoch:20	Train_acc:0.9927	Val_acc:0.9458	Train_loss:0.050197	Val_loss:0.180497
  Train_F1:0.9927, BCA:0.9927, EER:0.9938 | Val_F1:0.9458, BCA:0.9458, EER:0.9542
Epoch:30	Train_acc:1.0000	Val_acc:0.9500	Train_loss:0.018440	Val_loss:0.167081
  Train_F1:1.0000, BCA:1.0000, EER:1.0000 | Val_F1:0.9500, BCA:0.9500, EER:0.9458
Epoch:40	Train_acc:1.0000	Val_acc:0.9458	Train_loss:0.009459	Val_loss:0.166288
  Train_F1:1.0000, BCA:1.0000, EER:1.0000 | Val_F1:0.9458, BCA:0.9458, EER:0.9500
Early stopping triggered at epoch 50.
--------------------训练完成!--------------------
总训练轮数-50, 早停轮数-19
验证集最佳准确率为95.00%
验证集平均准确率为93.01%
=====================model are trained===============
累计用时6487.9630s!
测试集平均指标为  Acc:88.17%;  F1:88.16%;  BCA:88.17%; EER:87.50%;
=====================test are done===================
训练集:验证集:测试集=960:240:600
SEED       Acc        F1         BCA        EER       
2024       0.8767     0.8767     0.8767     0.8750    
2025       0.8550     0.8550     0.8550     0.8600    
2026       0.8567     0.8566     0.8567     0.8667    
2027       0.8667     0.8666     0.8667     0.8517    
2028       0.8817     0.8816     0.8817     0.8750    
Avg        0.8673     0.8673     0.8673     0.8657    
Std        0.0106     0.0106     0.0106     0.0090    
--------------------------------------------------
BrainprintNet(
  (parallel_conv): ModuleList(
    (0): Conv2d(12, 12, kernel_size=(1, 7), stride=(1, 1), groups=12, bias=False)
    (1): Conv2d(12, 12, kernel_size=(1, 15), stride=(1, 1), groups=12, bias=False)
    (2): Conv2d(12, 12, kernel_size=(1, 31), stride=(1, 1), groups=12, bias=False)
    (3): Conv2d(12, 12, kernel_size=(1, 63), stride=(1, 1), groups=12, bias=False)
    (4): Conv2d(12, 12, kernel_size=(1, 127), stride=(1, 1), groups=12, bias=False)
  )
  (convblock): Sequential(
    (0): BatchNorm2d(12, eps=1e-05, momentum=0.1, affine=True, track_running_stats=True)
    (1): ReLU()
    (2): Conv2d(12, 96, kernel_size=(64, 1), stride=(1, 1), bias=False)
  )
  (temporalLayer): LogVarLayer()
  (fc): Sequential(
    (0): Linear(in_features=480, out_features=2, bias=True)
    (1): LogSoftmax(dim=1)
  )
)
