==============================
dataset: Rest
model  : EEGNet
seed   : 2024
gpu    : 5
数据比例-----训练集:验证集:测试集 = (960, 1, 64, 1000):(240, 1, 64, 1000):(600, 1, 64, 1000)
=====================data are prepared===============
累计用时6.4847s!
--------------------开始训练!--------------------
Epoch:10	Train_acc:0.8969	Val_acc:0.8958	Train_loss:0.255947	Val_loss:0.258727
  Train_F1:0.8969, BCA:0.8969, EER:0.9010 | Val_F1:0.8957, BCA:0.8958, EER:0.9000
Epoch:20	Train_acc:0.9208	Val_acc:0.9125	Train_loss:0.197635	Val_loss:0.199522
  Train_F1:0.9208, BCA:0.9208, EER:0.9250 | Val_F1:0.9124, BCA:0.9125, EER:0.9333
Epoch:30	Train_acc:0.9469	Val_acc:0.9292	Train_loss:0.131057	Val_loss:0.193995
  Train_F1:0.9469, BCA:0.9469, EER:0.9437 | Val_F1:0.9291, BCA:0.9292, EER:0.9208
Epoch:40	Train_acc:0.9500	Val_acc:0.9333	Train_loss:0.110525	Val_loss:0.157497
  Train_F1:0.9500, BCA:0.9500, EER:0.9500 | Val_F1:0.9333, BCA:0.9333, EER:0.9292
Epoch:50	Train_acc:0.9667	Val_acc:0.9333	Train_loss:0.093127	Val_loss:0.145485
  Train_F1:0.9667, BCA:0.9667, EER:0.9677 | Val_F1:0.9333, BCA:0.9333, EER:0.9375
Epoch:60	Train_acc:0.9688	Val_acc:0.9333	Train_loss:0.087924	Val_loss:0.169920
  Train_F1:0.9687, BCA:0.9688, EER:0.9688 | Val_F1:0.9333, BCA:0.9333, EER:0.9333
Epoch:70	Train_acc:0.9740	Val_acc:0.9292	Train_loss:0.066559	Val_loss:0.189030
  Train_F1:0.9740, BCA:0.9740, EER:0.9792 | Val_F1:0.9291, BCA:0.9292, EER:0.9333
Epoch:80	Train_acc:0.9771	Val_acc:0.9458	Train_loss:0.069813	Val_loss:0.136955
  Train_F1:0.9771, BCA:0.9771, EER:0.9771 | Val_F1:0.9458, BCA:0.9458, EER:0.9500
Early stopping triggered at epoch 88.
--------------------训练完成!--------------------
总训练轮数-88, 早停轮数-57
验证集最佳准确率为95.00%
验证集平均准确率为92.16%
=====================model are trained===============
累计用时5994.4379s!
测试集平均指标为  Acc:83.83%;  F1:83.83%;  BCA:83.83%; EER:84.00%;
=====================test are done===================
训练集:验证集:测试集=960:240:600
SEED       Acc        F1         BCA        EER       
2024       0.8383     0.8383     0.8383     0.8400    
2025       0.0000     0.0000     0.0000     0.0000    
2026       0.0000     0.0000     0.0000     0.0000    
2027       0.0000     0.0000     0.0000     0.0000    
2028       0.0000     0.0000     0.0000     0.0000    
Avg        0.8383     0.8383     0.8383     0.8400    
Std        0.0000     0.0000     0.0000     0.0000    
==============================
dataset: Rest
model  : EEGNet
seed   : 2025
gpu    : 5
数据比例-----训练集:验证集:测试集 = (960, 1, 64, 1000):(240, 1, 64, 1000):(600, 1, 64, 1000)
=====================data are prepared===============
累计用时24.4130s!
--------------------开始训练!--------------------
Epoch:10	Train_acc:0.8833	Val_acc:0.8083	Train_loss:0.316610	Val_loss:0.470321
  Train_F1:0.8833, BCA:0.8833, EER:0.8802 | Val_F1:0.8075, BCA:0.8083, EER:0.8250
Epoch:20	Train_acc:0.9344	Val_acc:0.8667	Train_loss:0.169242	Val_loss:0.309799
  Train_F1:0.9344, BCA:0.9344, EER:0.9365 | Val_F1:0.8661, BCA:0.8667, EER:0.8833
Epoch:30	Train_acc:0.9406	Val_acc:0.8875	Train_loss:0.154139	Val_loss:0.283408
  Train_F1:0.9406, BCA:0.9406, EER:0.9375 | Val_F1:0.8873, BCA:0.8875, EER:0.8875
Epoch:40	Train_acc:0.9708	Val_acc:0.8917	Train_loss:0.083708	Val_loss:0.237532
  Train_F1:0.9708, BCA:0.9708, EER:0.9646 | Val_F1:0.8914, BCA:0.8917, EER:0.9042
Epoch:50	Train_acc:0.9729	Val_acc:0.8958	Train_loss:0.084266	Val_loss:0.291537
  Train_F1:0.9729, BCA:0.9729, EER:0.9740 | Val_F1:0.8957, BCA:0.8958, EER:0.8833
Epoch:60	Train_acc:0.9604	Val_acc:0.9000	Train_loss:0.082284	Val_loss:0.230455
  Train_F1:0.9604, BCA:0.9604, EER:0.9604 | Val_F1:0.8996, BCA:0.9000, EER:0.9250
Early stopping triggered at epoch 65.
--------------------训练完成!--------------------
总训练轮数-65, 早停轮数-34
验证集最佳准确率为92.08%
验证集平均准确率为87.81%
=====================model are trained===============
累计用时4443.2987s!
测试集平均指标为  Acc:87.00%;  F1:86.96%;  BCA:87.00%; EER:87.00%;
=====================test are done===================
训练集:验证集:测试集=960:240:600
SEED       Acc        F1         BCA        EER       
2024       0.8383     0.8383     0.8383     0.8400    
2025       0.8700     0.8696     0.8700     0.8700    
2026       0.0000     0.0000     0.0000     0.0000    
2027       0.0000     0.0000     0.0000     0.0000    
2028       0.0000     0.0000     0.0000     0.0000    
Avg        0.8542     0.8540     0.8542     0.8550    
Std        0.0158     0.0156     0.0158     0.0150    
==============================
dataset: Rest
model  : EEGNet
seed   : 2026
gpu    : 5
数据比例-----训练集:验证集:测试集 = (960, 1, 64, 1000):(240, 1, 64, 1000):(600, 1, 64, 1000)
=====================data are prepared===============
累计用时24.8010s!
--------------------开始训练!--------------------
Epoch:10	Train_acc:0.8688	Val_acc:0.8375	Train_loss:0.322954	Val_loss:0.384429
  Train_F1:0.8687, BCA:0.8687, EER:0.8635 | Val_F1:0.8370, BCA:0.8375, EER:0.8833
Epoch:20	Train_acc:0.9000	Val_acc:0.9208	Train_loss:0.258248	Val_loss:0.276420
  Train_F1:0.9000, BCA:0.9000, EER:0.9000 | Val_F1:0.9207, BCA:0.9208, EER:0.9000
Epoch:30	Train_acc:0.9281	Val_acc:0.9167	Train_loss:0.159028	Val_loss:0.214847
  Train_F1:0.9281, BCA:0.9281, EER:0.9302 | Val_F1:0.9165, BCA:0.9167, EER:0.9167
Epoch:40	Train_acc:0.9531	Val_acc:0.9083	Train_loss:0.120559	Val_loss:0.173321
  Train_F1:0.9531, BCA:0.9531, EER:0.9583 | Val_F1:0.9082, BCA:0.9083, EER:0.9125
Epoch:50	Train_acc:0.9542	Val_acc:0.9083	Train_loss:0.100705	Val_loss:0.254176
  Train_F1:0.9542, BCA:0.9542, EER:0.9521 | Val_F1:0.9082, BCA:0.9083, EER:0.8875
Epoch:60	Train_acc:0.9708	Val_acc:0.9292	Train_loss:0.076152	Val_loss:0.193607
  Train_F1:0.9708, BCA:0.9708, EER:0.9729 | Val_F1:0.9290, BCA:0.9292, EER:0.9125
Early stopping triggered at epoch 66.
--------------------训练完成!--------------------
总训练轮数-66, 早停轮数-35
验证集最佳准确率为94.17%
验证集平均准确率为89.76%
=====================model are trained===============
累计用时4427.9300s!
测试集平均指标为  Acc:84.83%;  F1:84.81%;  BCA:84.83%; EER:85.83%;
=====================test are done===================
训练集:验证集:测试集=960:240:600
SEED       Acc        F1         BCA        EER       
2024       0.8383     0.8383     0.8383     0.8400    
2025       0.8700     0.8696     0.8700     0.8700    
2026       0.8483     0.8481     0.8483     0.8583    
2027       0.0000     0.0000     0.0000     0.0000    
2028       0.0000     0.0000     0.0000     0.0000    
Avg        0.8522     0.8520     0.8522     0.8561    
Std        0.0132     0.0131     0.0132     0.0123    
==============================
dataset: Rest
model  : EEGNet
seed   : 2027
gpu    : 5
数据比例-----训练集:验证集:测试集 = (960, 1, 64, 1000):(240, 1, 64, 1000):(600, 1, 64, 1000)
=====================data are prepared===============
累计用时22.3358s!
--------------------开始训练!--------------------
Epoch:10	Train_acc:0.8698	Val_acc:0.8625	Train_loss:0.327557	Val_loss:0.321530
  Train_F1:0.8697, BCA:0.8698, EER:0.8719 | Val_F1:0.8625, BCA:0.8625, EER:0.8667
Epoch:20	Train_acc:0.9208	Val_acc:0.9042	Train_loss:0.212504	Val_loss:0.209788
  Train_F1:0.9208, BCA:0.9208, EER:0.9208 | Val_F1:0.9041, BCA:0.9042, EER:0.9083
Epoch:30	Train_acc:0.9448	Val_acc:0.9458	Train_loss:0.140409	Val_loss:0.155747
  Train_F1:0.9448, BCA:0.9448, EER:0.9427 | Val_F1:0.9458, BCA:0.9458, EER:0.9458
Epoch:40	Train_acc:0.9458	Val_acc:0.9542	Train_loss:0.137841	Val_loss:0.131895
  Train_F1:0.9458, BCA:0.9458, EER:0.9458 | Val_F1:0.9541, BCA:0.9542, EER:0.9417
Epoch:50	Train_acc:0.9667	Val_acc:0.9500	Train_loss:0.091504	Val_loss:0.146329
  Train_F1:0.9667, BCA:0.9667, EER:0.9667 | Val_F1:0.9500, BCA:0.9500, EER:0.9375
Epoch:60	Train_acc:0.9750	Val_acc:0.9583	Train_loss:0.070657	Val_loss:0.133914
  Train_F1:0.9750, BCA:0.9750, EER:0.9750 | Val_F1:0.9583, BCA:0.9583, EER:0.9583
Epoch:70	Train_acc:0.9802	Val_acc:0.9500	Train_loss:0.057551	Val_loss:0.142567
  Train_F1:0.9802, BCA:0.9802, EER:0.9781 | Val_F1:0.9500, BCA:0.9500, EER:0.9500
Early stopping triggered at epoch 72.
--------------------训练完成!--------------------
总训练轮数-72, 早停轮数-41
验证集最佳准确率为96.67%
验证集平均准确率为92.28%
=====================model are trained===============
累计用时4534.7246s!
测试集平均指标为  Acc:88.00%;  F1:88.00%;  BCA:88.00%; EER:87.67%;
=====================test are done===================
训练集:验证集:测试集=960:240:600
SEED       Acc        F1         BCA        EER       
2024       0.8383     0.8383     0.8383     0.8400    
2025       0.8700     0.8696     0.8700     0.8700    
2026       0.8483     0.8481     0.8483     0.8583    
2027       0.8800     0.8800     0.8800     0.8767    
2028       0.0000     0.0000     0.0000     0.0000    
Avg        0.8592     0.8590     0.8592     0.8613    
Std        0.0166     0.0166     0.0166     0.0139    
==============================
dataset: Rest
model  : EEGNet
seed   : 2028
gpu    : 5
数据比例-----训练集:验证集:测试集 = (960, 1, 64, 1000):(240, 1, 64, 1000):(600, 1, 64, 1000)
=====================data are prepared===============
累计用时23.4324s!
--------------------开始训练!--------------------
Epoch:10	Train_acc:0.9052	Val_acc:0.8958	Train_loss:0.249056	Val_loss:0.254975
  Train_F1:0.9052, BCA:0.9052, EER:0.9031 | Val_F1:0.8958, BCA:0.8958, EER:0.8958
Epoch:20	Train_acc:0.9292	Val_acc:0.9208	Train_loss:0.177840	Val_loss:0.198823
  Train_F1:0.9292, BCA:0.9292, EER:0.9271 | Val_F1:0.9208, BCA:0.9208, EER:0.9292
Epoch:30	Train_acc:0.9333	Val_acc:0.9333	Train_loss:0.163795	Val_loss:0.173509
  Train_F1:0.9333, BCA:0.9333, EER:0.9354 | Val_F1:0.9333, BCA:0.9333, EER:0.9333
Epoch:40	Train_acc:0.9479	Val_acc:0.9292	Train_loss:0.135547	Val_loss:0.189500
  Train_F1:0.9479, BCA:0.9479, EER:0.9448 | Val_F1:0.9292, BCA:0.9292, EER:0.9208
Epoch:50	Train_acc:0.9573	Val_acc:0.9333	Train_loss:0.102628	Val_loss:0.191387
  Train_F1:0.9573, BCA:0.9573, EER:0.9625 | Val_F1:0.9333, BCA:0.9333, EER:0.9292
Epoch:60	Train_acc:0.9719	Val_acc:0.9167	Train_loss:0.079281	Val_loss:0.185381
  Train_F1:0.9719, BCA:0.9719, EER:0.9750 | Val_F1:0.9166, BCA:0.9167, EER:0.9292
Epoch:70	Train_acc:0.9760	Val_acc:0.9333	Train_loss:0.076035	Val_loss:0.180476
  Train_F1:0.9760, BCA:0.9760, EER:0.9750 | Val_F1:0.9333, BCA:0.9333, EER:0.9333
Epoch:80	Train_acc:0.9729	Val_acc:0.9417	Train_loss:0.074100	Val_loss:0.156856
  Train_F1:0.9729, BCA:0.9729, EER:0.9771 | Val_F1:0.9417, BCA:0.9417, EER:0.9417
Early stopping triggered at epoch 84.
--------------------训练完成!--------------------
总训练轮数-84, 早停轮数-53
验证集最佳准确率为94.58%
验证集平均准确率为92.00%
=====================model are trained===============
累计用时5030.2592s!
测试集平均指标为  Acc:86.00%;  F1:85.90%;  BCA:86.00%; EER:81.50%;
=====================test are done===================
训练集:验证集:测试集=960:240:600
SEED       Acc        F1         BCA        EER       
2024       0.8383     0.8383     0.8383     0.8400    
2025       0.8700     0.8696     0.8700     0.8700    
2026       0.8483     0.8481     0.8483     0.8583    
2027       0.8800     0.8800     0.8800     0.8767    
2028       0.8600     0.8590     0.8600     0.8150    
Avg        0.8593     0.8590     0.8593     0.8520    
Std        0.0149     0.0148     0.0149     0.0223    
--------------------------------------------------
EEGNet(
  (block1): Sequential(
    (0): ZeroPad2d((31, 32, 0, 0))
    (1): Conv2d(1, 8, kernel_size=(1, 64), stride=(1, 1), bias=False)
    (2): BatchNorm2d(8, eps=1e-05, momentum=0.1, affine=True, track_running_stats=True)
  )
  (block2): Sequential(
    (0): Conv2d(8, 16, kernel_size=(64, 1), stride=(1, 1), groups=8, bias=False)
    (1): BatchNorm2d(16, eps=1e-05, momentum=0.1, affine=True, track_running_stats=True)
    (2): ELU(alpha=1.0)
    (3): AvgPool2d(kernel_size=(1, 4), stride=(1, 4), padding=0)
    (4): Dropout(p=0.5, inplace=False)
  )
  (block3): Sequential(
    (0): ZeroPad2d((7, 8, 0, 0))
    (1): Conv2d(16, 16, kernel_size=(1, 16), stride=(1, 1), groups=16, bias=False)
    (2): BatchNorm2d(16, eps=1e-05, momentum=0.1, affine=True, track_running_stats=True)
    (3): Conv2d(16, 16, kernel_size=(1, 1), stride=(1, 1), bias=False)
    (4): BatchNorm2d(16, eps=1e-05, momentum=0.1, affine=True, track_running_stats=True)
    (5): ELU(alpha=1.0)
    (6): AvgPool2d(kernel_size=(1, 8), stride=(1, 8), padding=0)
    (7): Dropout(p=0.5, inplace=False)
  )
  (clf): Classifier(
    (flatten): Flatten(start_dim=1, end_dim=-1)
    (fc1): Linear(in_features=496, out_features=50, bias=True)
    (relu): ReLU()
    (fc2): Linear(in_features=50, out_features=2, bias=True)
    (clf): Sequential(
      (0): Flatten(start_dim=1, end_dim=-1)
      (1): Linear(in_features=496, out_features=50, bias=True)
      (2): ReLU()
      (3): Linear(in_features=50, out_features=2, bias=True)
    )
  )
)
