==============================
dataset: Steady
model  : 1D_LSTM
seed   : 2024
gpu    : 4
数据比例-----训练集:验证集:测试集 = (1224, 1, 64, 1000):(306, 1, 64, 1000):(740, 1, 64, 1000)
=====================data are prepared===============
累计用时19.5367s!
--------------------开始训练!--------------------
Epoch:10	Train_acc:0.9688	Val_acc:0.5817	Train_loss:0.078709	Val_loss:1.729623
  Train_F1:0.9688, BCA:0.9734, EER:0.0200 | Val_F1:0.5782, BCA:0.6292, EER:0.2762
Epoch:20	Train_acc:0.9934	Val_acc:0.6275	Train_loss:0.012395	Val_loss:2.393782
  Train_F1:0.9934, BCA:0.9945, EER:0.0035 | Val_F1:0.6236, BCA:0.6784, EER:0.2586
Epoch:30	Train_acc:0.9992	Val_acc:0.6078	Train_loss:0.004770	Val_loss:2.905777
  Train_F1:0.9992, BCA:0.9993, EER:0.0000 | Val_F1:0.6085, BCA:0.6550, EER:0.2755
Early stopping triggered at epoch 40.
--------------------训练完成!--------------------
总训练轮数-40, 早停轮数-9
验证集最佳准确率为64.38%
验证集平均准确率为60.65%
=====================model are trained===============
累计用时3211.6112s!
测试集平均指标为  Acc:52.03%;  F1:52.04%;  BCA:56.75%; EER:34.60%;
=====================test are done===================
训练集:验证集:测试集=1224:306:740
SEED       Acc        F1         BCA        EER       
2024       0.5203     0.5204     0.5675     0.3460    
2025       0.0000     0.0000     0.0000     0.0000    
2026       0.0000     0.0000     0.0000     0.0000    
2027       0.0000     0.0000     0.0000     0.0000    
2028       0.0000     0.0000     0.0000     0.0000    
Avg        0.5203     0.5204     0.5675     0.3460    
Std        0.0000     0.0000     0.0000     0.0000    
==============================
dataset: Steady
model  : 1D_LSTM
seed   : 2025
gpu    : 4
数据比例-----训练集:验证集:测试集 = (1224, 1, 64, 1000):(306, 1, 64, 1000):(740, 1, 64, 1000)
=====================data are prepared===============
累计用时26.0652s!
--------------------开始训练!--------------------
Epoch:10	Train_acc:0.9786	Val_acc:0.5882	Train_loss:0.058765	Val_loss:1.911927
  Train_F1:0.9786, BCA:0.9823, EER:0.0135 | Val_F1:0.5868, BCA:0.6497, EER:0.2811
Epoch:20	Train_acc:0.9942	Val_acc:0.6111	Train_loss:0.011974	Val_loss:3.167939
  Train_F1:0.9942, BCA:0.9945, EER:0.0035 | Val_F1:0.6072, BCA:0.6668, EER:0.2639
Epoch:30	Train_acc:0.9975	Val_acc:0.5882	Train_loss:0.008280	Val_loss:3.147815
  Train_F1:0.9975, BCA:0.9979, EER:0.0010 | Val_F1:0.5876, BCA:0.6499, EER:0.2901
Epoch:40	Train_acc:0.9975	Val_acc:0.5621	Train_loss:0.004994	Val_loss:3.857872
  Train_F1:0.9975, BCA:0.9980, EER:0.0014 | Val_F1:0.5568, BCA:0.6308, EER:0.2944
Early stopping triggered at epoch 48.
--------------------训练完成!--------------------
总训练轮数-48, 早停轮数-17
验证集最佳准确率为63.07%
验证集平均准确率为59.09%
=====================model are trained===============
累计用时3844.0992s!
测试集平均指标为  Acc:52.43%;  F1:52.66%;  BCA:57.59%; EER:33.00%;
=====================test are done===================
训练集:验证集:测试集=1224:306:740
SEED       Acc        F1         BCA        EER       
2024       0.5203     0.5204     0.5675     0.3460    
2025       0.5243     0.5266     0.5759     0.3300    
2026       0.0000     0.0000     0.0000     0.0000    
2027       0.0000     0.0000     0.0000     0.0000    
2028       0.0000     0.0000     0.0000     0.0000    
Avg        0.5223     0.5235     0.5717     0.3380    
Std        0.0020     0.0031     0.0042     0.0080    
==============================
dataset: Steady
model  : 1D_LSTM
seed   : 2026
gpu    : 4
数据比例-----训练集:验证集:测试集 = (1224, 1, 64, 1000):(306, 1, 64, 1000):(740, 1, 64, 1000)
=====================data are prepared===============
累计用时28.9562s!
--------------------开始训练!--------------------
Epoch:10	Train_acc:0.9737	Val_acc:0.5948	Train_loss:0.065452	Val_loss:1.883832
  Train_F1:0.9737, BCA:0.9740, EER:0.0173 | Val_F1:0.5928, BCA:0.6462, EER:0.2707
Epoch:20	Train_acc:0.9959	Val_acc:0.6307	Train_loss:0.012301	Val_loss:2.679596
  Train_F1:0.9959, BCA:0.9966, EER:0.0024 | Val_F1:0.6266, BCA:0.6812, EER:0.2726
Epoch:30	Train_acc:0.9942	Val_acc:0.6078	Train_loss:0.012616	Val_loss:2.758888
  Train_F1:0.9942, BCA:0.9938, EER:0.0032 | Val_F1:0.6035, BCA:0.6634, EER:0.2630
Epoch:40	Train_acc:0.9984	Val_acc:0.6242	Train_loss:0.003719	Val_loss:2.840291
  Train_F1:0.9984, BCA:0.9986, EER:0.0011 | Val_F1:0.6207, BCA:0.6754, EER:0.2647
Epoch:50	Train_acc:0.9992	Val_acc:0.6340	Train_loss:0.006159	Val_loss:3.223815
  Train_F1:0.9992, BCA:0.9993, EER:0.0006 | Val_F1:0.6341, BCA:0.6816, EER:0.2558
Epoch:60	Train_acc:0.9992	Val_acc:0.6242	Train_loss:0.002501	Val_loss:3.791367
  Train_F1:0.9992, BCA:0.9993, EER:0.0011 | Val_F1:0.6206, BCA:0.6765, EER:0.2621
Early stopping triggered at epoch 62.
--------------------训练完成!--------------------
总训练轮数-62, 早停轮数-31
验证集最佳准确率为65.03%
验证集平均准确率为61.46%
=====================model are trained===============
累计用时4799.1581s!
测试集平均指标为  Acc:53.78%;  F1:54.15%;  BCA:58.44%; EER:33.66%;
=====================test are done===================
训练集:验证集:测试集=1224:306:740
SEED       Acc        F1         BCA        EER       
2024       0.5203     0.5204     0.5675     0.3460    
2025       0.5243     0.5266     0.5759     0.3300    
2026       0.5378     0.5415     0.5844     0.3366    
2027       0.0000     0.0000     0.0000     0.0000    
2028       0.0000     0.0000     0.0000     0.0000    
Avg        0.5275     0.5295     0.5759     0.3375    
Std        0.0075     0.0088     0.0069     0.0066    
==============================
dataset: Steady
model  : 1D_LSTM
seed   : 2027
gpu    : 4
数据比例-----训练集:验证集:测试集 = (1224, 1, 64, 1000):(306, 1, 64, 1000):(740, 1, 64, 1000)
=====================data are prepared===============
累计用时24.2106s!
--------------------开始训练!--------------------
Epoch:10	Train_acc:0.9803	Val_acc:0.5719	Train_loss:0.046747	Val_loss:2.419595
  Train_F1:0.9803, BCA:0.9830, EER:0.0109 | Val_F1:0.5685, BCA:0.6333, EER:0.2850
Epoch:20	Train_acc:0.9951	Val_acc:0.5490	Train_loss:0.016673	Val_loss:3.543085
  Train_F1:0.9951, BCA:0.9959, EER:0.0050 | Val_F1:0.5496, BCA:0.6122, EER:0.3070
Epoch:30	Train_acc:0.9951	Val_acc:0.5359	Train_loss:0.014320	Val_loss:3.646076
  Train_F1:0.9951, BCA:0.9952, EER:0.0047 | Val_F1:0.5351, BCA:0.5984, EER:0.3024
Early stopping triggered at epoch 40.
--------------------训练完成!--------------------
总训练轮数-40, 早停轮数-9
验证集最佳准确率为59.48%
验证集平均准确率为55.39%
=====================model are trained===============
累计用时3171.9395s!
测试集平均指标为  Acc:53.65%;  F1:53.93%;  BCA:58.21%; EER:35.01%;
=====================test are done===================
训练集:验证集:测试集=1224:306:740
SEED       Acc        F1         BCA        EER       
2024       0.5203     0.5204     0.5675     0.3460    
2025       0.5243     0.5266     0.5759     0.3300    
2026       0.5378     0.5415     0.5844     0.3366    
2027       0.5365     0.5393     0.5821     0.3501    
2028       0.0000     0.0000     0.0000     0.0000    
Avg        0.5297     0.5319     0.5775     0.3407    
Std        0.0076     0.0088     0.0066     0.0079    
==============================
dataset: Steady
model  : 1D_LSTM
seed   : 2028
gpu    : 4
数据比例-----训练集:验证集:测试集 = (1224, 1, 64, 1000):(306, 1, 64, 1000):(740, 1, 64, 1000)
=====================data are prepared===============
累计用时26.9853s!
--------------------开始训练!--------------------
Epoch:10	Train_acc:0.9729	Val_acc:0.6013	Train_loss:0.063879	Val_loss:1.948269
  Train_F1:0.9728, BCA:0.9775, EER:0.0199 | Val_F1:0.6003, BCA:0.6541, EER:0.2806
Epoch:20	Train_acc:0.9975	Val_acc:0.5850	Train_loss:0.014743	Val_loss:2.833286
  Train_F1:0.9975, BCA:0.9979, EER:0.0024 | Val_F1:0.5835, BCA:0.6448, EER:0.2860
Epoch:30	Train_acc:0.9942	Val_acc:0.5817	Train_loss:0.017660	Val_loss:2.501764
  Train_F1:0.9942, BCA:0.9945, EER:0.0049 | Val_F1:0.5840, BCA:0.6341, EER:0.2851
Epoch:40	Train_acc:0.9975	Val_acc:0.6046	Train_loss:0.008066	Val_loss:2.911831
  Train_F1:0.9975, BCA:0.9980, EER:0.0011 | Val_F1:0.6033, BCA:0.6538, EER:0.2750
Epoch:50	Train_acc:0.9992	Val_acc:0.5882	Train_loss:0.005353	Val_loss:3.318313
  Train_F1:0.9992, BCA:0.9993, EER:0.0006 | Val_F1:0.5854, BCA:0.6463, EER:0.2714
Early stopping triggered at epoch 58.
--------------------训练完成!--------------------
总训练轮数-58, 早停轮数-27
验证集最佳准确率为62.42%
验证集平均准确率为58.83%
=====================model are trained===============
累计用时4658.8503s!
测试集平均指标为  Acc:55.14%;  F1:54.99%;  BCA:59.17%; EER:33.89%;
=====================test are done===================
训练集:验证集:测试集=1224:306:740
SEED       Acc        F1         BCA        EER       
2024       0.5203     0.5204     0.5675     0.3460    
2025       0.5243     0.5266     0.5759     0.3300    
2026       0.5378     0.5415     0.5844     0.3366    
2027       0.5365     0.5393     0.5821     0.3501    
2028       0.5514     0.5499     0.5917     0.3389    
Avg        0.5341     0.5355     0.5803     0.3403    
Std        0.0110     0.0106     0.0082     0.0071    
--------------------------------------------------
CNN_LSTM(
  (block1): Sequential(
    (0): Conv2d(1, 32, kernel_size=(64, 1), stride=(1, 1), bias=False)
    (1): BatchNorm2d(32, eps=1e-05, momentum=0.1, affine=True, track_running_stats=True)
    (2): ELU(alpha=1.0)
    (3): AvgPool2d(kernel_size=(1, 2), stride=(1, 2), padding=0)
    (4): Dropout(p=0.25, inplace=False)
  )
  (block2): Sequential(
    (0): Conv2d(32, 64, kernel_size=(1, 1), stride=(1, 1), bias=False)
    (1): BatchNorm2d(64, eps=1e-05, momentum=0.1, affine=True, track_running_stats=True)
    (2): ELU(alpha=1.0)
    (3): AvgPool2d(kernel_size=(1, 2), stride=(1, 2), padding=0)
    (4): Dropout(p=0.25, inplace=False)
  )
  (block3): Sequential(
    (0): Conv2d(64, 128, kernel_size=(1, 1), stride=(1, 1), bias=False)
    (1): BatchNorm2d(128, eps=1e-05, momentum=0.1, affine=True, track_running_stats=True)
    (2): ELU(alpha=1.0)
    (3): AvgPool2d(kernel_size=(1, 2), stride=(1, 2), padding=0)
    (4): Dropout(p=0.25, inplace=False)
  )
  (convblock): Sequential(
    (0): Sequential(
      (0): Conv2d(1, 32, kernel_size=(64, 1), stride=(1, 1), bias=False)
      (1): BatchNorm2d(32, eps=1e-05, momentum=0.1, affine=True, track_running_stats=True)
      (2): ELU(alpha=1.0)
      (3): AvgPool2d(kernel_size=(1, 2), stride=(1, 2), padding=0)
      (4): Dropout(p=0.25, inplace=False)
    )
    (1): Sequential(
      (0): Conv2d(32, 64, kernel_size=(1, 1), stride=(1, 1), bias=False)
      (1): BatchNorm2d(64, eps=1e-05, momentum=0.1, affine=True, track_running_stats=True)
      (2): ELU(alpha=1.0)
      (3): AvgPool2d(kernel_size=(1, 2), stride=(1, 2), padding=0)
      (4): Dropout(p=0.25, inplace=False)
    )
    (2): Sequential(
      (0): Conv2d(64, 128, kernel_size=(1, 1), stride=(1, 1), bias=False)
      (1): BatchNorm2d(128, eps=1e-05, momentum=0.1, affine=True, track_running_stats=True)
      (2): ELU(alpha=1.0)
      (3): AvgPool2d(kernel_size=(1, 2), stride=(1, 2), padding=0)
      (4): Dropout(p=0.25, inplace=False)
    )
  )
  (lstm): LSTM(1000, 128, num_layers=2, batch_first=True)
  (clf): Sequential(
    (0): Linear(in_features=2048, out_features=128, bias=True)
    (1): Linear(in_features=128, out_features=3, bias=True)
  )
)
