==============================
dataset: Steady
model  : ShallowConvNet
seed   : 2024
gpu    : 3
数据比例-----训练集:验证集:测试集 = (1224, 1, 64, 1000):(306, 1, 64, 1000):(740, 1, 64, 1000)
=====================data are prepared===============
累计用时21.1448s!
--------------------开始训练!--------------------
Epoch:10	Train_acc:0.7484	Val_acc:0.6078	Train_loss:0.484666	Val_loss:0.742706
  Train_F1:0.7481, BCA:0.7897, EER:0.1731 | Val_F1:0.5605, BCA:0.6521, EER:0.2316
Epoch:20	Train_acc:0.8832	Val_acc:0.7516	Train_loss:0.283138	Val_loss:0.568205
  Train_F1:0.8833, BCA:0.9015, EER:0.0805 | Val_F1:0.7515, BCA:0.7889, EER:0.1706
Epoch:30	Train_acc:0.9391	Val_acc:0.7810	Train_loss:0.164939	Val_loss:0.668866
  Train_F1:0.9391, BCA:0.9494, EER:0.0404 | Val_F1:0.7815, BCA:0.8074, EER:0.1525
Epoch:40	Train_acc:0.9531	Val_acc:0.7941	Train_loss:0.137575	Val_loss:0.727052
  Train_F1:0.9531, BCA:0.9611, EER:0.0320 | Val_F1:0.7895, BCA:0.8259, EER:0.1443
Epoch:50	Train_acc:0.9910	Val_acc:0.8333	Train_loss:0.054014	Val_loss:0.556836
  Train_F1:0.9910, BCA:0.9926, EER:0.0068 | Val_F1:0.8336, BCA:0.8512, EER:0.1182
Epoch:60	Train_acc:0.9803	Val_acc:0.7941	Train_loss:0.062761	Val_loss:0.650210
  Train_F1:0.9803, BCA:0.9837, EER:0.0119 | Val_F1:0.7938, BCA:0.8230, EER:0.1397
Epoch:70	Train_acc:0.9762	Val_acc:0.8007	Train_loss:0.068498	Val_loss:0.706226
  Train_F1:0.9762, BCA:0.9772, EER:0.0136 | Val_F1:0.8022, BCA:0.8149, EER:0.1344
Epoch:80	Train_acc:0.9942	Val_acc:0.8333	Train_loss:0.023487	Val_loss:0.575143
  Train_F1:0.9942, BCA:0.9952, EER:0.0031 | Val_F1:0.8331, BCA:0.8562, EER:0.1120
Epoch:90	Train_acc:0.9975	Val_acc:0.8268	Train_loss:0.012061	Val_loss:0.636296
  Train_F1:0.9975, BCA:0.9979, EER:0.0016 | Val_F1:0.8269, BCA:0.8479, EER:0.1281
Epoch:100	Train_acc:0.9951	Val_acc:0.8203	Train_loss:0.015738	Val_loss:0.868074
  Train_F1:0.9951, BCA:0.9960, EER:0.0025 | Val_F1:0.8203, BCA:0.8425, EER:0.1254
Epoch:110	Train_acc:0.9844	Val_acc:0.7908	Train_loss:0.047065	Val_loss:0.784335
  Train_F1:0.9844, BCA:0.9842, EER:0.0116 | Val_F1:0.7889, BCA:0.8243, EER:0.1333
Early stopping triggered at epoch 112.
--------------------训练完成!--------------------
总训练轮数-112, 早停轮数-81
验证集最佳准确率为84.97%
验证集平均准确率为77.67%
=====================model are trained===============
累计用时8973.5928s!
测试集平均指标为  Acc:57.70%;  F1:57.40%;  BCA:61.29%; EER:29.67%;
=====================test are done===================
训练集:验证集:测试集=1224:306:740
SEED       Acc        F1         BCA        EER       
2024       0.5770     0.5740     0.6129     0.2967    
2025       0.0000     0.0000     0.0000     0.0000    
2026       0.0000     0.0000     0.0000     0.0000    
2027       0.0000     0.0000     0.0000     0.0000    
2028       0.0000     0.0000     0.0000     0.0000    
Avg        0.5770     0.5740     0.6129     0.2967    
Std        0.0000     0.0000     0.0000     0.0000    
==============================
dataset: Steady
model  : ShallowConvNet
seed   : 2025
gpu    : 3
数据比例-----训练集:验证集:测试集 = (1224, 1, 64, 1000):(306, 1, 64, 1000):(740, 1, 64, 1000)
=====================data are prepared===============
累计用时26.3840s!
--------------------开始训练!--------------------
Epoch:10	Train_acc:0.7689	Val_acc:0.6797	Train_loss:0.472727	Val_loss:0.614821
  Train_F1:0.7694, BCA:0.8022, EER:0.1546 | Val_F1:0.6505, BCA:0.7336, EER:0.2039
Epoch:20	Train_acc:0.8956	Val_acc:0.7549	Train_loss:0.273288	Val_loss:0.524744
  Train_F1:0.8955, BCA:0.9117, EER:0.0683 | Val_F1:0.7523, BCA:0.7849, EER:0.1594
Epoch:30	Train_acc:0.9350	Val_acc:0.7582	Train_loss:0.200457	Val_loss:0.723115
  Train_F1:0.9349, BCA:0.9441, EER:0.0448 | Val_F1:0.7442, BCA:0.7959, EER:0.1474
Epoch:40	Train_acc:0.9729	Val_acc:0.8137	Train_loss:0.101499	Val_loss:0.561965
  Train_F1:0.9729, BCA:0.9761, EER:0.0180 | Val_F1:0.8106, BCA:0.8448, EER:0.1344
Epoch:50	Train_acc:0.9770	Val_acc:0.7876	Train_loss:0.074883	Val_loss:0.645249
  Train_F1:0.9770, BCA:0.9801, EER:0.0155 | Val_F1:0.7787, BCA:0.8149, EER:0.1266
Epoch:60	Train_acc:0.9910	Val_acc:0.8170	Train_loss:0.033992	Val_loss:0.538186
  Train_F1:0.9910, BCA:0.9925, EER:0.0064 | Val_F1:0.8167, BCA:0.8476, EER:0.1152
Epoch:70	Train_acc:0.9967	Val_acc:0.8529	Train_loss:0.017756	Val_loss:0.533929
  Train_F1:0.9967, BCA:0.9973, EER:0.0015 | Val_F1:0.8529, BCA:0.8750, EER:0.1025
Epoch:80	Train_acc:0.9967	Val_acc:0.8431	Train_loss:0.013244	Val_loss:0.604856
  Train_F1:0.9967, BCA:0.9973, EER:0.0022 | Val_F1:0.8425, BCA:0.8659, EER:0.1034
Epoch:90	Train_acc:0.9951	Val_acc:0.8137	Train_loss:0.016522	Val_loss:0.581253
  Train_F1:0.9951, BCA:0.9959, EER:0.0024 | Val_F1:0.8126, BCA:0.8439, EER:0.1093
Early stopping triggered at epoch 99.
--------------------训练完成!--------------------
总训练轮数-99, 早停轮数-68
验证集最佳准确率为85.29%
验证集平均准确率为78.29%
=====================model are trained===============
累计用时7757.1050s!
测试集平均指标为  Acc:57.43%;  F1:57.89%;  BCA:59.41%; EER:30.83%;
=====================test are done===================
训练集:验证集:测试集=1224:306:740
SEED       Acc        F1         BCA        EER       
2024       0.5770     0.5740     0.6129     0.2967    
2025       0.5743     0.5789     0.5941     0.3083    
2026       0.0000     0.0000     0.0000     0.0000    
2027       0.0000     0.0000     0.0000     0.0000    
2028       0.0000     0.0000     0.0000     0.0000    
Avg        0.5757     0.5764     0.6035     0.3025    
Std        0.0014     0.0024     0.0094     0.0058    
==============================
dataset: Steady
model  : ShallowConvNet
seed   : 2026
gpu    : 3
数据比例-----训练集:验证集:测试集 = (1224, 1, 64, 1000):(306, 1, 64, 1000):(740, 1, 64, 1000)
=====================data are prepared===============
累计用时26.6468s!
--------------------开始训练!--------------------
Epoch:10	Train_acc:0.7887	Val_acc:0.6503	Train_loss:0.447926	Val_loss:0.651433
  Train_F1:0.7887, BCA:0.8191, EER:0.1430 | Val_F1:0.6379, BCA:0.6925, EER:0.2047
Epoch:20	Train_acc:0.9005	Val_acc:0.6863	Train_loss:0.264466	Val_loss:0.794417
  Train_F1:0.9005, BCA:0.9174, EER:0.0696 | Val_F1:0.6658, BCA:0.7300, EER:0.2087
Epoch:30	Train_acc:0.9704	Val_acc:0.7941	Train_loss:0.118873	Val_loss:0.532654
  Train_F1:0.9704, BCA:0.9755, EER:0.0203 | Val_F1:0.7928, BCA:0.8197, EER:0.1401
Epoch:40	Train_acc:0.9786	Val_acc:0.7222	Train_loss:0.088440	Val_loss:0.847749
  Train_F1:0.9786, BCA:0.9809, EER:0.0129 | Val_F1:0.7108, BCA:0.7344, EER:0.1503
Epoch:50	Train_acc:0.9860	Val_acc:0.8301	Train_loss:0.046599	Val_loss:0.635423
  Train_F1:0.9860, BCA:0.9870, EER:0.0084 | Val_F1:0.8301, BCA:0.8533, EER:0.1291
Epoch:60	Train_acc:0.9860	Val_acc:0.7941	Train_loss:0.042667	Val_loss:0.665004
  Train_F1:0.9860, BCA:0.9883, EER:0.0076 | Val_F1:0.7955, BCA:0.8181, EER:0.1470
Epoch:70	Train_acc:0.9992	Val_acc:0.8170	Train_loss:0.008430	Val_loss:0.714819
  Train_F1:0.9992, BCA:0.9993, EER:0.0013 | Val_F1:0.8165, BCA:0.8388, EER:0.1392
Epoch:80	Train_acc:0.9984	Val_acc:0.8137	Train_loss:0.007233	Val_loss:0.639375
  Train_F1:0.9984, BCA:0.9986, EER:0.0006 | Val_F1:0.8130, BCA:0.8370, EER:0.1258
Epoch:90	Train_acc:0.9959	Val_acc:0.7778	Train_loss:0.014086	Val_loss:0.874532
  Train_F1:0.9959, BCA:0.9952, EER:0.0023 | Val_F1:0.7748, BCA:0.8054, EER:0.1464
Epoch:100	Train_acc:0.9975	Val_acc:0.7941	Train_loss:0.011886	Val_loss:0.877793
  Train_F1:0.9975, BCA:0.9979, EER:0.0022 | Val_F1:0.7950, BCA:0.8176, EER:0.1514
Early stopping triggered at epoch 107.
--------------------训练完成!--------------------
总训练轮数-107, 早停轮数-76
验证集最佳准确率为83.99%
验证集平均准确率为76.19%
=====================model are trained===============
累计用时8201.9458s!
测试集平均指标为  Acc:55.95%;  F1:53.74%;  BCA:59.21%; EER:31.55%;
=====================test are done===================
训练集:验证集:测试集=1224:306:740
SEED       Acc        F1         BCA        EER       
2024       0.5770     0.5740     0.6129     0.2967    
2025       0.5743     0.5789     0.5941     0.3083    
2026       0.5595     0.5374     0.5921     0.3155    
2027       0.0000     0.0000     0.0000     0.0000    
2028       0.0000     0.0000     0.0000     0.0000    
Avg        0.5703     0.5634     0.5997     0.3069    
Std        0.0077     0.0185     0.0094     0.0078    
==============================
dataset: Steady
model  : ShallowConvNet
seed   : 2027
gpu    : 3
数据比例-----训练集:验证集:测试集 = (1224, 1, 64, 1000):(306, 1, 64, 1000):(740, 1, 64, 1000)
=====================data are prepared===============
累计用时23.4070s!
--------------------开始训练!--------------------
Epoch:10	Train_acc:0.8109	Val_acc:0.5948	Train_loss:0.405042	Val_loss:0.713389
  Train_F1:0.8108, BCA:0.8393, EER:0.1259 | Val_F1:0.6007, BCA:0.6327, EER:0.2656
Epoch:20	Train_acc:0.9276	Val_acc:0.7451	Train_loss:0.197432	Val_loss:0.635585
  Train_F1:0.9277, BCA:0.9378, EER:0.0481 | Val_F1:0.7459, BCA:0.7737, EER:0.1697
Epoch:30	Train_acc:0.9342	Val_acc:0.7549	Train_loss:0.186039	Val_loss:0.759233
  Train_F1:0.9342, BCA:0.9437, EER:0.0424 | Val_F1:0.7511, BCA:0.7712, EER:0.1566
Epoch:40	Train_acc:0.9778	Val_acc:0.7876	Train_loss:0.076170	Val_loss:0.655891
  Train_F1:0.9778, BCA:0.9810, EER:0.0158 | Val_F1:0.7866, BCA:0.8049, EER:0.1321
Epoch:50	Train_acc:0.9959	Val_acc:0.7876	Train_loss:0.026351	Val_loss:0.666293
  Train_F1:0.9959, BCA:0.9958, EER:0.0029 | Val_F1:0.7868, BCA:0.8136, EER:0.1404
Epoch:60	Train_acc:0.9951	Val_acc:0.8007	Train_loss:0.022602	Val_loss:0.676318
  Train_F1:0.9951, BCA:0.9959, EER:0.0031 | Val_F1:0.8018, BCA:0.8168, EER:0.1338
Epoch:70	Train_acc:0.9868	Val_acc:0.7680	Train_loss:0.051934	Val_loss:0.901300
  Train_F1:0.9868, BCA:0.9862, EER:0.0140 | Val_F1:0.7633, BCA:0.7985, EER:0.1515
Early stopping triggered at epoch 80.
--------------------训练完成!--------------------
总训练轮数-80, 早停轮数-49
验证集最佳准确率为82.68%
验证集平均准确率为74.68%
=====================model are trained===============
累计用时5879.7359s!
测试集平均指标为  Acc:56.89%;  F1:57.60%;  BCA:58.97%; EER:30.75%;
=====================test are done===================
训练集:验证集:测试集=1224:306:740
SEED       Acc        F1         BCA        EER       
2024       0.5770     0.5740     0.6129     0.2967    
2025       0.5743     0.5789     0.5941     0.3083    
2026       0.5595     0.5374     0.5921     0.3155    
2027       0.5689     0.5760     0.5897     0.3075    
2028       0.0000     0.0000     0.0000     0.0000    
Avg        0.5699     0.5666     0.5972     0.3070    
Std        0.0067     0.0169     0.0092     0.0067    
==============================
dataset: Steady
model  : ShallowConvNet
seed   : 2028
gpu    : 3
数据比例-----训练集:验证集:测试集 = (1224, 1, 64, 1000):(306, 1, 64, 1000):(740, 1, 64, 1000)
=====================data are prepared===============
累计用时22.2448s!
--------------------开始训练!--------------------
Epoch:10	Train_acc:0.7829	Val_acc:0.6503	Train_loss:0.460778	Val_loss:0.673244
  Train_F1:0.7824, BCA:0.8163, EER:0.1466 | Val_F1:0.6486, BCA:0.6794, EER:0.2407
Epoch:20	Train_acc:0.9243	Val_acc:0.7255	Train_loss:0.227450	Val_loss:0.607089
  Train_F1:0.9244, BCA:0.9374, EER:0.0501 | Val_F1:0.7276, BCA:0.7554, EER:0.1894
Epoch:30	Train_acc:0.9589	Val_acc:0.7418	Train_loss:0.150339	Val_loss:0.691737
  Train_F1:0.9589, BCA:0.9652, EER:0.0293 | Val_F1:0.7453, BCA:0.7515, EER:0.1658
Epoch:40	Train_acc:0.9745	Val_acc:0.8203	Train_loss:0.087596	Val_loss:0.657945
  Train_F1:0.9745, BCA:0.9776, EER:0.0189 | Val_F1:0.8199, BCA:0.8417, EER:0.1278
Epoch:50	Train_acc:0.9737	Val_acc:0.8203	Train_loss:0.079605	Val_loss:0.654620
  Train_F1:0.9737, BCA:0.9783, EER:0.0150 | Val_F1:0.8212, BCA:0.8267, EER:0.1162
Epoch:60	Train_acc:0.9745	Val_acc:0.8137	Train_loss:0.083648	Val_loss:0.684861
  Train_F1:0.9745, BCA:0.9767, EER:0.0176 | Val_F1:0.8138, BCA:0.8376, EER:0.1327
Epoch:70	Train_acc:0.9975	Val_acc:0.8235	Train_loss:0.020641	Val_loss:0.719478
  Train_F1:0.9975, BCA:0.9980, EER:0.0014 | Val_F1:0.8249, BCA:0.8344, EER:0.1253
Epoch:80	Train_acc:0.9975	Val_acc:0.7941	Train_loss:0.013039	Val_loss:0.731810
  Train_F1:0.9975, BCA:0.9979, EER:0.0023 | Val_F1:0.7937, BCA:0.8110, EER:0.1195
Epoch:90	Train_acc:0.9910	Val_acc:0.8301	Train_loss:0.021567	Val_loss:0.801570
  Train_F1:0.9909, BCA:0.9924, EER:0.0058 | Val_F1:0.8304, BCA:0.8488, EER:0.1209
Epoch:100	Train_acc:0.9951	Val_acc:0.8170	Train_loss:0.011874	Val_loss:0.806795
  Train_F1:0.9951, BCA:0.9946, EER:0.0022 | Val_F1:0.8156, BCA:0.8448, EER:0.1160
Epoch:110	Train_acc:0.9975	Val_acc:0.8203	Train_loss:0.010050	Val_loss:0.603045
  Train_F1:0.9975, BCA:0.9980, EER:0.0018 | Val_F1:0.8205, BCA:0.8388, EER:0.0981
Early stopping triggered at epoch 113.
--------------------训练完成!--------------------
总训练轮数-113, 早停轮数-82
验证集最佳准确率为85.62%
验证集平均准确率为77.61%
=====================model are trained===============
累计用时7637.6858s!
测试集平均指标为  Acc:57.70%;  F1:58.36%;  BCA:59.25%; EER:29.91%;
=====================test are done===================
训练集:验证集:测试集=1224:306:740
SEED       Acc        F1         BCA        EER       
2024       0.5770     0.5740     0.6129     0.2967    
2025       0.5743     0.5789     0.5941     0.3083    
2026       0.5595     0.5374     0.5921     0.3155    
2027       0.5689     0.5760     0.5897     0.3075    
2028       0.5770     0.5836     0.5925     0.2991    
Avg        0.5714     0.5700     0.5963     0.3054    
Std        0.0066     0.0166     0.0084     0.0068    
--------------------------------------------------
ShallowConvNet(
  (block1): Sequential(
    (0): Conv2d(1, 40, kernel_size=(1, 13), stride=(1, 1))
    (1): Conv2d(40, 40, kernel_size=(64, 1), stride=(1, 1))
    (2): BatchNorm2d(40, eps=1e-05, momentum=0.1, affine=True, track_running_stats=True)
    (3): ELU(alpha=1.0)
    (4): AvgPool2d(kernel_size=(1, 35), stride=(1, 7), padding=0)
    (5): ELU(alpha=1.0)
    (6): Dropout(p=0.5, inplace=False)
  )
  (clf): Classifier(
    (flatten): Flatten(start_dim=1, end_dim=-1)
    (fc1): Linear(in_features=5480, out_features=50, bias=True)
    (relu): ReLU()
    (fc2): Linear(in_features=50, out_features=3, bias=True)
    (clf): Sequential(
      (0): Flatten(start_dim=1, end_dim=-1)
      (1): Linear(in_features=5480, out_features=50, bias=True)
      (2): ReLU()
      (3): Linear(in_features=50, out_features=3, bias=True)
    )
  )
)
