==============================
dataset: Steady
model  : MSNet
seed   : 2024
gpu    : 6
数据比例-----训练集:验证集:测试集 = (1224, 1, 64, 1000):(306, 1, 64, 1000):(740, 1, 64, 1000)
=====================data are prepared===============
累计用时25.4521s!
--------------------开始训练!--------------------
Epoch:10	Train_acc:0.8298	Val_acc:0.7778	Train_loss:0.409323	Val_loss:0.503143
  Train_F1:0.8298, BCA:0.8535, EER:0.1136 | Val_F1:0.7801, BCA:0.7765, EER:0.1355
Epoch:20	Train_acc:0.9926	Val_acc:0.7810	Train_loss:0.082093	Val_loss:0.557621
  Train_F1:0.9926, BCA:0.9940, EER:0.0055 | Val_F1:0.7742, BCA:0.8011, EER:0.1143
Epoch:30	Train_acc:1.0000	Val_acc:0.8431	Train_loss:0.034684	Val_loss:0.511519
  Train_F1:1.0000, BCA:1.0000, EER:0.0000 | Val_F1:0.8437, BCA:0.8456, EER:0.1356
Epoch:40	Train_acc:1.0000	Val_acc:0.8333	Train_loss:0.002315	Val_loss:0.466735
  Train_F1:1.0000, BCA:1.0000, EER:0.0000 | Val_F1:0.8337, BCA:0.8470, EER:0.1267
Epoch:50	Train_acc:1.0000	Val_acc:0.8399	Train_loss:0.001102	Val_loss:0.474397
  Train_F1:1.0000, BCA:1.0000, EER:0.0000 | Val_F1:0.8403, BCA:0.8525, EER:0.1163
Early stopping triggered at epoch 60.
--------------------训练完成!--------------------
总训练轮数-60, 早停轮数-29
验证集最佳准确率为85.95%
验证集平均准确率为80.03%
=====================model are trained===============
累计用时4882.4477s!
测试集平均指标为  Acc:67.70%;  F1:68.09%;  BCA:70.52%; EER:22.88%;
=====================test are done===================
训练集:验证集:测试集=1224:306:740
SEED       Acc        F1         BCA        EER       
2024       0.6770     0.6809     0.7052     0.2288    
2025       0.0000     0.0000     0.0000     0.0000    
2026       0.0000     0.0000     0.0000     0.0000    
2027       0.0000     0.0000     0.0000     0.0000    
2028       0.0000     0.0000     0.0000     0.0000    
Avg        0.6770     0.6809     0.7052     0.2288    
Std        0.0000     0.0000     0.0000     0.0000    
==============================
dataset: Steady
model  : MSNet
seed   : 2025
gpu    : 6
数据比例-----训练集:验证集:测试集 = (1224, 1, 64, 1000):(306, 1, 64, 1000):(740, 1, 64, 1000)
=====================data are prepared===============
累计用时27.3211s!
--------------------开始训练!--------------------
Epoch:10	Train_acc:0.8479	Val_acc:0.8203	Train_loss:0.427644	Val_loss:0.490276
  Train_F1:0.8484, BCA:0.8651, EER:0.1064 | Val_F1:0.8189, BCA:0.8503, EER:0.1311
Epoch:20	Train_acc:0.9597	Val_acc:0.8072	Train_loss:0.177807	Val_loss:0.438077
  Train_F1:0.9597, BCA:0.9618, EER:0.0279 | Val_F1:0.8013, BCA:0.8287, EER:0.1300
Epoch:30	Train_acc:1.0000	Val_acc:0.8399	Train_loss:0.005939	Val_loss:0.372492
  Train_F1:1.0000, BCA:1.0000, EER:0.0000 | Val_F1:0.8398, BCA:0.8581, EER:0.1123
Epoch:40	Train_acc:1.0000	Val_acc:0.8464	Train_loss:0.001960	Val_loss:0.384519
  Train_F1:1.0000, BCA:1.0000, EER:0.0000 | Val_F1:0.8464, BCA:0.8640, EER:0.1073
Early stopping triggered at epoch 48.
--------------------训练完成!--------------------
总训练轮数-48, 早停轮数-17
验证集最佳准确率为85.95%
验证集平均准确率为79.57%
=====================model are trained===============
累计用时3943.4026s!
测试集平均指标为  Acc:67.16%;  F1:67.65%;  BCA:68.17%; EER:23.12%;
=====================test are done===================
训练集:验证集:测试集=1224:306:740
SEED       Acc        F1         BCA        EER       
2024       0.6770     0.6809     0.7052     0.2288    
2025       0.6716     0.6765     0.6817     0.2312    
2026       0.0000     0.0000     0.0000     0.0000    
2027       0.0000     0.0000     0.0000     0.0000    
2028       0.0000     0.0000     0.0000     0.0000    
Avg        0.6743     0.6787     0.6935     0.2300    
Std        0.0027     0.0022     0.0117     0.0012    
==============================
dataset: Steady
model  : MSNet
seed   : 2026
gpu    : 6
数据比例-----训练集:验证集:测试集 = (1224, 1, 64, 1000):(306, 1, 64, 1000):(740, 1, 64, 1000)
=====================data are prepared===============
累计用时23.7215s!
--------------------开始训练!--------------------
Epoch:10	Train_acc:0.8643	Val_acc:0.7288	Train_loss:0.395939	Val_loss:0.547940
  Train_F1:0.8641, BCA:0.8832, EER:0.0958 | Val_F1:0.7199, BCA:0.7560, EER:0.1618
Epoch:20	Train_acc:0.9712	Val_acc:0.8039	Train_loss:0.155273	Val_loss:0.446600
  Train_F1:0.9712, BCA:0.9761, EER:0.0178 | Val_F1:0.8044, BCA:0.8194, EER:0.1436
Epoch:30	Train_acc:1.0000	Val_acc:0.8137	Train_loss:0.012912	Val_loss:0.452723
  Train_F1:1.0000, BCA:1.0000, EER:0.0000 | Val_F1:0.8140, BCA:0.8295, EER:0.1289
Epoch:40	Train_acc:1.0000	Val_acc:0.8333	Train_loss:0.002588	Val_loss:0.471213
  Train_F1:1.0000, BCA:1.0000, EER:0.0000 | Val_F1:0.8339, BCA:0.8479, EER:0.1337
Epoch:50	Train_acc:1.0000	Val_acc:0.8268	Train_loss:0.001425	Val_loss:0.470547
  Train_F1:1.0000, BCA:1.0000, EER:0.0000 | Val_F1:0.8274, BCA:0.8425, EER:0.1380
Early stopping triggered at epoch 55.
--------------------训练完成!--------------------
总训练轮数-55, 早停轮数-24
验证集最佳准确率为83.99%
验证集平均准确率为77.46%
=====================model are trained===============
累计用时4162.4052s!
测试集平均指标为  Acc:68.11%;  F1:68.47%;  BCA:70.35%; EER:22.86%;
=====================test are done===================
训练集:验证集:测试集=1224:306:740
SEED       Acc        F1         BCA        EER       
2024       0.6770     0.6809     0.7052     0.2288    
2025       0.6716     0.6765     0.6817     0.2312    
2026       0.6811     0.6847     0.7035     0.2286    
2027       0.0000     0.0000     0.0000     0.0000    
2028       0.0000     0.0000     0.0000     0.0000    
Avg        0.6766     0.6807     0.6968     0.2295    
Std        0.0039     0.0034     0.0107     0.0012    
==============================
dataset: Steady
model  : MSNet
seed   : 2027
gpu    : 6
数据比例-----训练集:验证集:测试集 = (1224, 1, 64, 1000):(306, 1, 64, 1000):(740, 1, 64, 1000)
=====================data are prepared===============
累计用时20.1583s!
--------------------开始训练!--------------------
Epoch:10	Train_acc:0.8347	Val_acc:0.6961	Train_loss:0.422767	Val_loss:0.567308
  Train_F1:0.8351, BCA:0.8585, EER:0.1100 | Val_F1:0.6664, BCA:0.7528, EER:0.1508
Epoch:20	Train_acc:0.9910	Val_acc:0.7974	Train_loss:0.094482	Val_loss:0.485087
  Train_F1:0.9910, BCA:0.9925, EER:0.0055 | Val_F1:0.7970, BCA:0.8250, EER:0.1327
Epoch:30	Train_acc:1.0000	Val_acc:0.8039	Train_loss:0.005486	Val_loss:0.490605
  Train_F1:1.0000, BCA:1.0000, EER:0.0000 | Val_F1:0.8035, BCA:0.8356, EER:0.1336
Epoch:40	Train_acc:1.0000	Val_acc:0.7974	Train_loss:0.002177	Val_loss:0.489763
  Train_F1:1.0000, BCA:1.0000, EER:0.0000 | Val_F1:0.7978, BCA:0.8266, EER:0.1304
Epoch:50	Train_acc:1.0000	Val_acc:0.7974	Train_loss:0.001152	Val_loss:0.498494
  Train_F1:1.0000, BCA:1.0000, EER:0.0000 | Val_F1:0.7977, BCA:0.8267, EER:0.1244
Early stopping triggered at epoch 54.
--------------------训练完成!--------------------
总训练轮数-54, 早停轮数-23
验证集最佳准确率为81.70%
验证集平均准确率为76.09%
=====================model are trained===============
累计用时4066.3720s!
测试集平均指标为  Acc:65.41%;  F1:65.82%;  BCA:68.13%; EER:24.45%;
=====================test are done===================
训练集:验证集:测试集=1224:306:740
SEED       Acc        F1         BCA        EER       
2024       0.6770     0.6809     0.7052     0.2288    
2025       0.6716     0.6765     0.6817     0.2312    
2026       0.6811     0.6847     0.7035     0.2286    
2027       0.6541     0.6582     0.6813     0.2445    
2028       0.0000     0.0000     0.0000     0.0000    
Avg        0.6709     0.6751     0.6929     0.2333    
Std        0.0103     0.0102     0.0114     0.0066    
==============================
dataset: Steady
model  : MSNet
seed   : 2028
gpu    : 6
数据比例-----训练集:验证集:测试集 = (1224, 1, 64, 1000):(306, 1, 64, 1000):(740, 1, 64, 1000)
=====================data are prepared===============
累计用时23.6446s!
--------------------开始训练!--------------------
Epoch:10	Train_acc:0.8635	Val_acc:0.7124	Train_loss:0.387217	Val_loss:0.553211
  Train_F1:0.8636, BCA:0.8842, EER:0.0901 | Val_F1:0.7059, BCA:0.7328, EER:0.1667
Epoch:20	Train_acc:0.9564	Val_acc:0.7810	Train_loss:0.164584	Val_loss:0.466040
  Train_F1:0.9564, BCA:0.9632, EER:0.0309 | Val_F1:0.7815, BCA:0.7975, EER:0.1440
Epoch:30	Train_acc:1.0000	Val_acc:0.7843	Train_loss:0.010949	Val_loss:0.497172
  Train_F1:1.0000, BCA:1.0000, EER:0.0000 | Val_F1:0.7854, BCA:0.8011, EER:0.1410
Epoch:40	Train_acc:1.0000	Val_acc:0.7974	Train_loss:0.003317	Val_loss:0.526842
  Train_F1:1.0000, BCA:1.0000, EER:0.0000 | Val_F1:0.7985, BCA:0.8086, EER:0.1368
Epoch:50	Train_acc:1.0000	Val_acc:0.7974	Train_loss:0.001588	Val_loss:0.539381
  Train_F1:1.0000, BCA:1.0000, EER:0.0000 | Val_F1:0.7984, BCA:0.8115, EER:0.1369
Early stopping triggered at epoch 53.
--------------------训练完成!--------------------
总训练轮数-53, 早停轮数-22
验证集最佳准确率为80.72%
验证集平均准确率为75.78%
=====================model are trained===============
累计用时3899.4920s!
测试集平均指标为  Acc:66.49%;  F1:66.83%;  BCA:67.75%; EER:22.86%;
=====================test are done===================
训练集:验证集:测试集=1224:306:740
SEED       Acc        F1         BCA        EER       
2024       0.6770     0.6809     0.7052     0.2288    
2025       0.6716     0.6765     0.6817     0.2312    
2026       0.6811     0.6847     0.7035     0.2286    
2027       0.6541     0.6582     0.6813     0.2445    
2028       0.6649     0.6683     0.6775     0.2286    
Avg        0.6697     0.6737     0.6898     0.2324    
Std        0.0095     0.0095     0.0120     0.0062    
--------------------------------------------------
MSNet(
  (parallel_conv): ModuleList(
    (0): Conv1d(64, 64, kernel_size=(7,), stride=(1,), bias=False)
    (1): Conv1d(64, 64, kernel_size=(15,), stride=(1,), bias=False)
    (2): Conv1d(64, 64, kernel_size=(31,), stride=(1,), bias=False)
    (3): Conv1d(64, 64, kernel_size=(63,), stride=(1,), bias=False)
    (4): Conv1d(64, 64, kernel_size=(127,), stride=(1,), bias=False)
  )
  (convblock): Sequential(
    (0): BatchNorm1d(64, eps=1e-05, momentum=0.1, affine=True, track_running_stats=True)
    (1): ReLU()
    (2): Conv1d(64, 64, kernel_size=(5,), stride=(2,), padding=(2,), bias=False)
    (3): BatchNorm1d(64, eps=1e-05, momentum=0.1, affine=True, track_running_stats=True)
    (4): ReLU()
  )
  (temporalLayer): LogVarLayer()
  (fc): Sequential(
    (0): Linear(in_features=320, out_features=3, bias=True)
    (1): LogSoftmax(dim=1)
  )
)
