==============================
dataset: Transient
model  : MSNet
seed   : 2024
gpu    : 5
数据比例-----训练集:验证集:测试集 = (2872, 1, 64, 1000):(718, 1, 64, 1000):(1791, 1, 64, 1000)
=====================data are prepared===============
累计用时27.9626s!
--------------------开始训练!--------------------
Epoch:10	Train_acc:0.5053	Val_acc:0.3900	Train_loss:0.982323	Val_loss:1.118646
  Train_F1:0.5049, BCA:0.5052, EER:0.3582 | Val_F1:0.3495, BCA:0.3900, EER:0.4325
Epoch:20	Train_acc:0.6829	Val_acc:0.4248	Train_loss:0.733353	Val_loss:1.110557
  Train_F1:0.6818, BCA:0.6826, EER:0.2253 | Val_F1:0.4218, BCA:0.4251, EER:0.4154
Epoch:30	Train_acc:0.9332	Val_acc:0.4401	Train_loss:0.254606	Val_loss:1.407061
  Train_F1:0.9331, BCA:0.9332, EER:0.0471 | Val_F1:0.4374, BCA:0.4403, EER:0.4185
Epoch:40	Train_acc:1.0000	Val_acc:0.3955	Train_loss:0.031189	Val_loss:1.778590
  Train_F1:1.0000, BCA:1.0000, EER:0.0000 | Val_F1:0.3952, BCA:0.3957, EER:0.4433
Epoch:50	Train_acc:1.0000	Val_acc:0.4053	Train_loss:0.005286	Val_loss:1.911990
  Train_F1:1.0000, BCA:1.0000, EER:0.0000 | Val_F1:0.4043, BCA:0.4051, EER:0.4436
Epoch:60	Train_acc:1.0000	Val_acc:0.4164	Train_loss:0.002795	Val_loss:2.000792
  Train_F1:1.0000, BCA:1.0000, EER:0.0000 | Val_F1:0.4162, BCA:0.4163, EER:0.4401
Early stopping triggered at epoch 61.
--------------------训练完成!--------------------
总训练轮数-61, 早停轮数-30
验证集最佳准确率为44.01%
验证集平均准确率为40.33%
=====================model are trained===============
累计用时12483.9202s!
测试集平均指标为  Acc:33.45%;  F1:33.35%;  BCA:33.44%; EER:48.95%;
=====================test are done===================
训练集:验证集:测试集=2872:718:1791
SEED       Acc        F1         BCA        EER       
2024       0.3345     0.3335     0.3344     0.4895    
2025       0.0000     0.0000     0.0000     0.0000    
2026       0.0000     0.0000     0.0000     0.0000    
2027       0.0000     0.0000     0.0000     0.0000    
2028       0.0000     0.0000     0.0000     0.0000    
Avg        0.3345     0.3335     0.3344     0.4895    
Std        0.0000     0.0000     0.0000     0.0000    
==============================
dataset: Transient
model  : MSNet
seed   : 2025
gpu    : 5
数据比例-----训练集:验证集:测试集 = (2872, 1, 64, 1000):(718, 1, 64, 1000):(1791, 1, 64, 1000)
=====================data are prepared===============
累计用时72.5384s!
--------------------开始训练!--------------------
Epoch:10	Train_acc:0.5323	Val_acc:0.3816	Train_loss:0.966608	Val_loss:1.099591
  Train_F1:0.5324, BCA:0.5323, EER:0.3450 | Val_F1:0.3775, BCA:0.3814, EER:0.4447
Epoch:20	Train_acc:0.7276	Val_acc:0.3774	Train_loss:0.662169	Val_loss:1.283935
  Train_F1:0.7268, BCA:0.7274, EER:0.1977 | Val_F1:0.3581, BCA:0.3780, EER:0.4464
Epoch:30	Train_acc:0.9194	Val_acc:0.4345	Train_loss:0.282176	Val_loss:1.560265
  Train_F1:0.9194, BCA:0.9194, EER:0.0581 | Val_F1:0.4245, BCA:0.4342, EER:0.4321
Epoch:40	Train_acc:0.9996	Val_acc:0.4095	Train_loss:0.022629	Val_loss:1.840060
  Train_F1:0.9996, BCA:0.9996, EER:0.0000 | Val_F1:0.4082, BCA:0.4097, EER:0.4255
Epoch:50	Train_acc:1.0000	Val_acc:0.4178	Train_loss:0.005479	Val_loss:2.012157
  Train_F1:1.0000, BCA:1.0000, EER:0.0000 | Val_F1:0.4182, BCA:0.4178, EER:0.4307
Epoch:60	Train_acc:1.0000	Val_acc:0.4276	Train_loss:0.002652	Val_loss:2.137179
  Train_F1:1.0000, BCA:1.0000, EER:0.0000 | Val_F1:0.4276, BCA:0.4275, EER:0.4356
Epoch:70	Train_acc:1.0000	Val_acc:0.4276	Train_loss:0.001593	Val_loss:2.219744
  Train_F1:1.0000, BCA:1.0000, EER:0.0000 | Val_F1:0.4278, BCA:0.4275, EER:0.4328
Early stopping triggered at epoch 73.
--------------------训练完成!--------------------
总训练轮数-73, 早停轮数-42
验证集最佳准确率为43.73%
验证集平均准确率为40.90%
=====================model are trained===============
累计用时13650.3188s!
测试集平均指标为  Acc:34.95%;  F1:34.88%;  BCA:34.95%; EER:48.93%;
=====================test are done===================
训练集:验证集:测试集=2872:718:1791
SEED       Acc        F1         BCA        EER       
2024       0.3345     0.3335     0.3344     0.4895    
2025       0.3495     0.3488     0.3495     0.4893    
2026       0.0000     0.0000     0.0000     0.0000    
2027       0.0000     0.0000     0.0000     0.0000    
2028       0.0000     0.0000     0.0000     0.0000    
Avg        0.3420     0.3411     0.3419     0.4894    
Std        0.0075     0.0077     0.0075     0.0001    
==============================
dataset: Transient
model  : MSNet
seed   : 2026
gpu    : 5
数据比例-----训练集:验证集:测试集 = (2872, 1, 64, 1000):(718, 1, 64, 1000):(1791, 1, 64, 1000)
=====================data are prepared===============
累计用时103.5357s!
--------------------开始训练!--------------------
Epoch:10	Train_acc:0.5039	Val_acc:0.3552	Train_loss:0.999417	Val_loss:1.146144
  Train_F1:0.5035, BCA:0.5038, EER:0.3692 | Val_F1:0.2916, BCA:0.3546, EER:0.4673
Epoch:20	Train_acc:0.6800	Val_acc:0.4262	Train_loss:0.728564	Val_loss:1.193351
  Train_F1:0.6800, BCA:0.6801, EER:0.2269 | Val_F1:0.3854, BCA:0.4266, EER:0.4241
Epoch:30	Train_acc:0.9403	Val_acc:0.4373	Train_loss:0.267006	Val_loss:1.418355
  Train_F1:0.9403, BCA:0.9403, EER:0.0444 | Val_F1:0.4322, BCA:0.4373, EER:0.4373
Epoch:40	Train_acc:0.9975	Val_acc:0.4123	Train_loss:0.063863	Val_loss:1.579425
  Train_F1:0.9975, BCA:0.9975, EER:0.0020 | Val_F1:0.4114, BCA:0.4122, EER:0.4328
Epoch:50	Train_acc:1.0000	Val_acc:0.4150	Train_loss:0.006467	Val_loss:1.795451
  Train_F1:1.0000, BCA:1.0000, EER:0.0000 | Val_F1:0.4151, BCA:0.4151, EER:0.4231
Early stopping triggered at epoch 55.
--------------------训练完成!--------------------
总训练轮数-55, 早停轮数-24
验证集最佳准确率为45.13%
验证集平均准确率为40.60%
=====================model are trained===============
累计用时9998.0626s!
测试集平均指标为  Acc:36.40%;  F1:36.32%;  BCA:36.40%; EER:46.85%;
=====================test are done===================
训练集:验证集:测试集=2872:718:1791
SEED       Acc        F1         BCA        EER       
2024       0.3345     0.3335     0.3344     0.4895    
2025       0.3495     0.3488     0.3495     0.4893    
2026       0.3640     0.3632     0.3640     0.4685    
2027       0.0000     0.0000     0.0000     0.0000    
2028       0.0000     0.0000     0.0000     0.0000    
Avg        0.3493     0.3485     0.3493     0.4824    
Std        0.0121     0.0121     0.0121     0.0099    
==============================
dataset: Transient
model  : MSNet
seed   : 2027
gpu    : 5
数据比例-----训练集:验证集:测试集 = (2872, 1, 64, 1000):(718, 1, 64, 1000):(1791, 1, 64, 1000)
=====================data are prepared===============
累计用时65.2881s!
--------------------开始训练!--------------------
Epoch:10	Train_acc:0.4798	Val_acc:0.3733	Train_loss:1.007970	Val_loss:1.151182
  Train_F1:0.4788, BCA:0.4799, EER:0.3782 | Val_F1:0.3311, BCA:0.3729, EER:0.4520
Epoch:20	Train_acc:0.7333	Val_acc:0.3691	Train_loss:0.652535	Val_loss:1.389785
  Train_F1:0.7320, BCA:0.7332, EER:0.1896 | Val_F1:0.3233, BCA:0.3692, EER:0.4600
Epoch:30	Train_acc:0.9453	Val_acc:0.3942	Train_loss:0.232982	Val_loss:1.492753
  Train_F1:0.9453, BCA:0.9453, EER:0.0394 | Val_F1:0.3898, BCA:0.3940, EER:0.4373
Epoch:40	Train_acc:1.0000	Val_acc:0.4081	Train_loss:0.027084	Val_loss:1.919299
  Train_F1:1.0000, BCA:1.0000, EER:0.0000 | Val_F1:0.4044, BCA:0.4079, EER:0.4408
Epoch:50	Train_acc:1.0000	Val_acc:0.4123	Train_loss:0.005011	Val_loss:2.095698
  Train_F1:1.0000, BCA:1.0000, EER:0.0000 | Val_F1:0.4116, BCA:0.4122, EER:0.4366
Epoch:60	Train_acc:1.0000	Val_acc:0.4220	Train_loss:0.002469	Val_loss:2.194485
  Train_F1:1.0000, BCA:1.0000, EER:0.0000 | Val_F1:0.4220, BCA:0.4220, EER:0.4359
Epoch:70	Train_acc:1.0000	Val_acc:0.4206	Train_loss:0.001503	Val_loss:2.279541
  Train_F1:1.0000, BCA:1.0000, EER:0.0000 | Val_F1:0.4205, BCA:0.4206, EER:0.4321
Early stopping triggered at epoch 76.
--------------------训练完成!--------------------
总训练轮数-76, 早停轮数-45
验证集最佳准确率为43.04%
验证集平均准确率为40.37%
=====================model are trained===============
累计用时14258.4939s!
测试集平均指标为  Acc:33.61%;  F1:33.19%;  BCA:33.61%; EER:50.00%;
=====================test are done===================
训练集:验证集:测试集=2872:718:1791
SEED       Acc        F1         BCA        EER       
2024       0.3345     0.3335     0.3344     0.4895    
2025       0.3495     0.3488     0.3495     0.4893    
2026       0.3640     0.3632     0.3640     0.4685    
2027       0.3361     0.3319     0.3361     0.5000    
2028       0.0000     0.0000     0.0000     0.0000    
Avg        0.3460     0.3443     0.3460     0.4868    
Std        0.0119     0.0127     0.0119     0.0114    
==============================
dataset: Transient
model  : MSNet
seed   : 2028
gpu    : 5
数据比例-----训练集:验证集:测试集 = (2872, 1, 64, 1000):(718, 1, 64, 1000):(1791, 1, 64, 1000)
=====================data are prepared===============
累计用时83.5192s!
--------------------开始训练!--------------------
Epoch:10	Train_acc:0.5348	Val_acc:0.4109	Train_loss:0.958006	Val_loss:1.090255
  Train_F1:0.5322, BCA:0.5348, EER:0.3384 | Val_F1:0.3950, BCA:0.4103, EER:0.4360
Epoch:20	Train_acc:0.7049	Val_acc:0.4359	Train_loss:0.703487	Val_loss:1.142393
  Train_F1:0.7029, BCA:0.7048, EER:0.2157 | Val_F1:0.4066, BCA:0.4353, EER:0.4126
Epoch:30	Train_acc:0.9247	Val_acc:0.4234	Train_loss:0.296578	Val_loss:1.395708
  Train_F1:0.9246, BCA:0.9247, EER:0.0570 | Val_F1:0.4180, BCA:0.4232, EER:0.4140
Epoch:40	Train_acc:0.9986	Val_acc:0.4471	Train_loss:0.057837	Val_loss:1.643791
  Train_F1:0.9986, BCA:0.9986, EER:0.0011 | Val_F1:0.4465, BCA:0.4473, EER:0.4067
Epoch:50	Train_acc:1.0000	Val_acc:0.4318	Train_loss:0.008020	Val_loss:1.833449
  Train_F1:1.0000, BCA:1.0000, EER:0.0000 | Val_F1:0.4319, BCA:0.4318, EER:0.4158
Epoch:60	Train_acc:1.0000	Val_acc:0.4359	Train_loss:0.003826	Val_loss:1.926991
  Train_F1:1.0000, BCA:1.0000, EER:0.0000 | Val_F1:0.4367, BCA:0.4360, EER:0.4227
Early stopping triggered at epoch 64.
--------------------训练完成!--------------------
总训练轮数-64, 早停轮数-33
验证集最佳准确率为44.71%
验证集平均准确率为41.79%
=====================model are trained===============
累计用时11591.0504s!
测试集平均指标为  Acc:35.85%;  F1:35.76%;  BCA:35.85%; EER:48.38%;
=====================test are done===================
训练集:验证集:测试集=2872:718:1791
SEED       Acc        F1         BCA        EER       
2024       0.3345     0.3335     0.3344     0.4895    
2025       0.3495     0.3488     0.3495     0.4893    
2026       0.3640     0.3632     0.3640     0.4685    
2027       0.3361     0.3319     0.3361     0.5000    
2028       0.3585     0.3576     0.3585     0.4838    
Avg        0.3485     0.3470     0.3485     0.4862    
Std        0.0118     0.0126     0.0118     0.0103    
--------------------------------------------------
MSNet(
  (parallel_conv): ModuleList(
    (0): Conv1d(64, 64, kernel_size=(7,), stride=(1,), bias=False)
    (1): Conv1d(64, 64, kernel_size=(15,), stride=(1,), bias=False)
    (2): Conv1d(64, 64, kernel_size=(31,), stride=(1,), bias=False)
    (3): Conv1d(64, 64, kernel_size=(63,), stride=(1,), bias=False)
    (4): Conv1d(64, 64, kernel_size=(127,), stride=(1,), bias=False)
  )
  (convblock): Sequential(
    (0): BatchNorm1d(64, eps=1e-05, momentum=0.1, affine=True, track_running_stats=True)
    (1): ReLU()
    (2): Conv1d(64, 64, kernel_size=(5,), stride=(2,), padding=(2,), bias=False)
    (3): BatchNorm1d(64, eps=1e-05, momentum=0.1, affine=True, track_running_stats=True)
    (4): ReLU()
  )
  (temporalLayer): LogVarLayer()
  (fc): Sequential(
    (0): Linear(in_features=320, out_features=3, bias=True)
    (1): LogSoftmax(dim=1)
  )
)
