==============================
dataset: Transient
model  : BrainprintNet
seed   : 2024
gpu    : 5
数据比例-----训练集:验证集:测试集 = (2872, 1, 64, 1000):(718, 1, 64, 1000):(1791, 1, 64, 1000)
=====================data are prepared===============
累计用时41.3397s!
--------------------开始训练!--------------------
Epoch:10	Train_acc:0.6197	Val_acc:0.3760	Train_loss:0.884214	Val_loss:1.111590
  Train_F1:0.6190, BCA:0.6197, EER:0.2762 | Val_F1:0.3543, BCA:0.3760, EER:0.4516
Epoch:20	Train_acc:0.8622	Val_acc:0.4304	Train_loss:0.539424	Val_loss:1.123297
  Train_F1:0.8622, BCA:0.8622, EER:0.1032 | Val_F1:0.4269, BCA:0.4301, EER:0.4133
Epoch:30	Train_acc:0.9847	Val_acc:0.4220	Train_loss:0.254570	Val_loss:1.241631
  Train_F1:0.9847, BCA:0.9847, EER:0.0129 | Val_F1:0.4157, BCA:0.4220, EER:0.4133
Epoch:40	Train_acc:0.9989	Val_acc:0.4401	Train_loss:0.118722	Val_loss:1.284016
  Train_F1:0.9989, BCA:0.9989, EER:0.0009 | Val_F1:0.4415, BCA:0.4401, EER:0.4036
Epoch:50	Train_acc:1.0000	Val_acc:0.4540	Train_loss:0.051978	Val_loss:1.352634
  Train_F1:1.0000, BCA:1.0000, EER:0.0000 | Val_F1:0.4543, BCA:0.4539, EER:0.4043
Epoch:60	Train_acc:1.0000	Val_acc:0.4568	Train_loss:0.029900	Val_loss:1.438887
  Train_F1:1.0000, BCA:1.0000, EER:0.0000 | Val_F1:0.4555, BCA:0.4566, EER:0.4067
Early stopping triggered at epoch 65.
--------------------训练完成!--------------------
总训练轮数-65, 早停轮数-34
验证集最佳准确率为47.08%
验证集平均准确率为43.23%
=====================model are trained===============
累计用时24666.2866s!
测试集平均指标为  Acc:36.29%;  F1:36.29%;  BCA:36.29%; EER:47.07%;
=====================test are done===================
训练集:验证集:测试集=2872:718:1791
SEED       Acc        F1         BCA        EER       
2024       0.3629     0.3629     0.3629     0.4707    
2025       0.0000     0.0000     0.0000     0.0000    
2026       0.0000     0.0000     0.0000     0.0000    
2027       0.0000     0.0000     0.0000     0.0000    
2028       0.0000     0.0000     0.0000     0.0000    
Avg        0.3629     0.3629     0.3629     0.4707    
Std        0.0000     0.0000     0.0000     0.0000    
==============================
dataset: Transient
model  : BrainprintNet
seed   : 2025
gpu    : 5
数据比例-----训练集:验证集:测试集 = (2872, 1, 64, 1000):(718, 1, 64, 1000):(1791, 1, 64, 1000)
=====================data are prepared===============
累计用时120.3045s!
--------------------开始训练!--------------------
Epoch:10	Train_acc:0.5916	Val_acc:0.4220	Train_loss:0.904578	Val_loss:1.091311
  Train_F1:0.5892, BCA:0.5916, EER:0.2937 | Val_F1:0.4022, BCA:0.4217, EER:0.4307
Epoch:20	Train_acc:0.8533	Val_acc:0.4652	Train_loss:0.579572	Val_loss:1.077921
  Train_F1:0.8529, BCA:0.8533, EER:0.1060 | Val_F1:0.4498, BCA:0.4648, EER:0.3917
Epoch:30	Train_acc:0.9563	Val_acc:0.4735	Train_loss:0.337742	Val_loss:1.107005
  Train_F1:0.9563, BCA:0.9562, EER:0.0335 | Val_F1:0.4746, BCA:0.4736, EER:0.3795
Epoch:40	Train_acc:0.9954	Val_acc:0.4708	Train_loss:0.164098	Val_loss:1.225166
  Train_F1:0.9954, BCA:0.9954, EER:0.0030 | Val_F1:0.4648, BCA:0.4704, EER:0.3701
Epoch:50	Train_acc:1.0000	Val_acc:0.4958	Train_loss:0.077606	Val_loss:1.229808
  Train_F1:1.0000, BCA:1.0000, EER:0.0000 | Val_F1:0.4904, BCA:0.4954, EER:0.3729
Epoch:60	Train_acc:1.0000	Val_acc:0.5084	Train_loss:0.039456	Val_loss:1.278470
  Train_F1:1.0000, BCA:1.0000, EER:0.0000 | Val_F1:0.5094, BCA:0.5083, EER:0.3837
Epoch:70	Train_acc:1.0000	Val_acc:0.5125	Train_loss:0.023704	Val_loss:1.321716
  Train_F1:1.0000, BCA:1.0000, EER:0.0000 | Val_F1:0.5088, BCA:0.5122, EER:0.3688
Epoch:80	Train_acc:1.0000	Val_acc:0.5139	Train_loss:0.015223	Val_loss:1.382056
  Train_F1:1.0000, BCA:1.0000, EER:0.0000 | Val_F1:0.5071, BCA:0.5135, EER:0.3782
Epoch:90	Train_acc:1.0000	Val_acc:0.5014	Train_loss:0.010594	Val_loss:1.403771
  Train_F1:1.0000, BCA:1.0000, EER:0.0000 | Val_F1:0.4992, BCA:0.5011, EER:0.3747
Early stopping triggered at epoch 95.
--------------------训练完成!--------------------
总训练轮数-95, 早停轮数-64
验证集最佳准确率为52.09%
验证集平均准确率为47.66%
=====================model are trained===============
累计用时34514.9824s!
测试集平均指标为  Acc:40.48%;  F1:40.05%;  BCA:40.47%; EER:43.78%;
=====================test are done===================
训练集:验证集:测试集=2872:718:1791
SEED       Acc        F1         BCA        EER       
2024       0.3629     0.3629     0.3629     0.4707    
2025       0.4048     0.4005     0.4047     0.4378    
2026       0.0000     0.0000     0.0000     0.0000    
2027       0.0000     0.0000     0.0000     0.0000    
2028       0.0000     0.0000     0.0000     0.0000    
Avg        0.3839     0.3817     0.3838     0.4542    
Std        0.0209     0.0188     0.0209     0.0165    
==============================
dataset: Transient
model  : BrainprintNet
seed   : 2026
gpu    : 5
数据比例-----训练集:验证集:测试集 = (2872, 1, 64, 1000):(718, 1, 64, 1000):(1791, 1, 64, 1000)
=====================data are prepared===============
累计用时118.6199s!
--------------------开始训练!--------------------
Epoch:10	Train_acc:0.5866	Val_acc:0.3928	Train_loss:0.909322	Val_loss:1.131593
  Train_F1:0.5864, BCA:0.5868, EER:0.3001 | Val_F1:0.3340, BCA:0.3929, EER:0.4485
Epoch:20	Train_acc:0.8363	Val_acc:0.4039	Train_loss:0.569987	Val_loss:1.163543
  Train_F1:0.8361, BCA:0.8364, EER:0.1186 | Val_F1:0.3970, BCA:0.4041, EER:0.4366
Epoch:30	Train_acc:0.9609	Val_acc:0.4318	Train_loss:0.312741	Val_loss:1.210607
  Train_F1:0.9610, BCA:0.9609, EER:0.0293 | Val_F1:0.4285, BCA:0.4319, EER:0.4255
Epoch:40	Train_acc:0.9982	Val_acc:0.4471	Train_loss:0.150205	Val_loss:1.294250
  Train_F1:0.9982, BCA:0.9982, EER:0.0017 | Val_F1:0.4451, BCA:0.4471, EER:0.4175
Epoch:50	Train_acc:1.0000	Val_acc:0.4471	Train_loss:0.078453	Val_loss:1.372160
  Train_F1:1.0000, BCA:1.0000, EER:0.0000 | Val_F1:0.4431, BCA:0.4472, EER:0.4147
Epoch:60	Train_acc:1.0000	Val_acc:0.4499	Train_loss:0.046397	Val_loss:1.414514
  Train_F1:1.0000, BCA:1.0000, EER:0.0000 | Val_F1:0.4489, BCA:0.4499, EER:0.4081
Early stopping triggered at epoch 67.
--------------------训练完成!--------------------
总训练轮数-67, 早停轮数-36
验证集最佳准确率为45.96%
验证集平均准确率为42.77%
=====================model are trained===============
累计用时17253.8525s!
测试集平均指标为  Acc:36.52%;  F1:36.25%;  BCA:36.51%; EER:46.58%;
=====================test are done===================
训练集:验证集:测试集=2872:718:1791
SEED       Acc        F1         BCA        EER       
2024       0.3629     0.3629     0.3629     0.4707    
2025       0.4048     0.4005     0.4047     0.4378    
2026       0.3652     0.3625     0.3651     0.4658    
2027       0.0000     0.0000     0.0000     0.0000    
2028       0.0000     0.0000     0.0000     0.0000    
Avg        0.3776     0.3753     0.3776     0.4581    
Std        0.0192     0.0178     0.0192     0.0145    
==============================
dataset: Transient
model  : BrainprintNet
seed   : 2027
gpu    : 5
数据比例-----训练集:验证集:测试集 = (2872, 1, 64, 1000):(718, 1, 64, 1000):(1791, 1, 64, 1000)
=====================data are prepared===============
累计用时28.6890s!
--------------------开始训练!--------------------
Epoch:10	Train_acc:0.5593	Val_acc:0.3774	Train_loss:0.944557	Val_loss:1.113148
  Train_F1:0.5588, BCA:0.5592, EER:0.3213 | Val_F1:0.3115, BCA:0.3779, EER:0.4370
Epoch:20	Train_acc:0.7308	Val_acc:0.4471	Train_loss:0.702058	Val_loss:1.092638
  Train_F1:0.7302, BCA:0.7306, EER:0.1952 | Val_F1:0.3834, BCA:0.4469, EER:0.4004
Epoch:30	Train_acc:0.9556	Val_acc:0.4485	Train_loss:0.358406	Val_loss:1.107520
  Train_F1:0.9556, BCA:0.9556, EER:0.0338 | Val_F1:0.4460, BCA:0.4483, EER:0.4004
Epoch:40	Train_acc:0.9922	Val_acc:0.4638	Train_loss:0.180482	Val_loss:1.142432
  Train_F1:0.9922, BCA:0.9922, EER:0.0056 | Val_F1:0.4633, BCA:0.4637, EER:0.3830
Epoch:50	Train_acc:0.9996	Val_acc:0.4666	Train_loss:0.084898	Val_loss:1.190044
  Train_F1:0.9996, BCA:0.9996, EER:0.0000 | Val_F1:0.4654, BCA:0.4666, EER:0.3896
Epoch:60	Train_acc:1.0000	Val_acc:0.4875	Train_loss:0.047948	Val_loss:1.272202
  Train_F1:1.0000, BCA:1.0000, EER:0.0000 | Val_F1:0.4871, BCA:0.4875, EER:0.3921
Early stopping triggered at epoch 63.
--------------------训练完成!--------------------
总训练轮数-63, 早停轮数-32
验证集最佳准确率为49.16%
验证集平均准确率为44.00%
=====================model are trained===============
累计用时15836.0081s!
测试集平均指标为  Acc:39.81%;  F1:39.72%;  BCA:39.81%; EER:45.07%;
=====================test are done===================
训练集:验证集:测试集=2872:718:1791
SEED       Acc        F1         BCA        EER       
2024       0.3629     0.3629     0.3629     0.4707    
2025       0.4048     0.4005     0.4047     0.4378    
2026       0.3652     0.3625     0.3651     0.4658    
2027       0.3981     0.3972     0.3981     0.4507    
2028       0.0000     0.0000     0.0000     0.0000    
Avg        0.3827     0.3808     0.3827     0.4562    
Std        0.0189     0.0181     0.0189     0.0130    
==============================
dataset: Transient
model  : BrainprintNet
seed   : 2028
gpu    : 5
数据比例-----训练集:验证集:测试集 = (2872, 1, 64, 1000):(718, 1, 64, 1000):(1791, 1, 64, 1000)
=====================data are prepared===============
累计用时33.8206s!
--------------------开始训练!--------------------
Epoch:10	Train_acc:0.5412	Val_acc:0.4401	Train_loss:0.965506	Val_loss:1.101203
  Train_F1:0.5401, BCA:0.5410, EER:0.3321 | Val_F1:0.3816, BCA:0.4391, EER:0.4262
Epoch:20	Train_acc:0.8306	Val_acc:0.4415	Train_loss:0.618932	Val_loss:1.148437
  Train_F1:0.8304, BCA:0.8306, EER:0.1254 | Val_F1:0.4023, BCA:0.4423, EER:0.4029
Epoch:30	Train_acc:0.9648	Val_acc:0.4610	Train_loss:0.312927	Val_loss:1.127526
  Train_F1:0.9648, BCA:0.9648, EER:0.0264 | Val_F1:0.4614, BCA:0.4612, EER:0.3855
Epoch:40	Train_acc:0.9989	Val_acc:0.4568	Train_loss:0.130044	Val_loss:1.191679
  Train_F1:0.9989, BCA:0.9989, EER:0.0004 | Val_F1:0.4473, BCA:0.4564, EER:0.3924
Epoch:50	Train_acc:1.0000	Val_acc:0.4610	Train_loss:0.054652	Val_loss:1.264336
  Train_F1:1.0000, BCA:1.0000, EER:0.0000 | Val_F1:0.4538, BCA:0.4606, EER:0.3970
Early stopping triggered at epoch 59.
--------------------训练完成!--------------------
总训练轮数-59, 早停轮数-28
验证集最佳准确率为47.77%
验证集平均准确率为43.69%
=====================model are trained===============
累计用时14818.8119s!
测试集平均指标为  Acc:39.08%;  F1:39.09%;  BCA:39.08%; EER:45.00%;
=====================test are done===================
训练集:验证集:测试集=2872:718:1791
SEED       Acc        F1         BCA        EER       
2024       0.3629     0.3629     0.3629     0.4707    
2025       0.4048     0.4005     0.4047     0.4378    
2026       0.3652     0.3625     0.3651     0.4658    
2027       0.3981     0.3972     0.3981     0.4507    
2028       0.3908     0.3909     0.3908     0.4500    
Avg        0.3844     0.3828     0.3843     0.4550    
Std        0.0172     0.0167     0.0172     0.0119    
--------------------------------------------------
BrainprintNet(
  (parallel_conv): ModuleList(
    (0): Conv2d(12, 12, kernel_size=(1, 7), stride=(1, 1), groups=12, bias=False)
    (1): Conv2d(12, 12, kernel_size=(1, 15), stride=(1, 1), groups=12, bias=False)
    (2): Conv2d(12, 12, kernel_size=(1, 31), stride=(1, 1), groups=12, bias=False)
    (3): Conv2d(12, 12, kernel_size=(1, 63), stride=(1, 1), groups=12, bias=False)
    (4): Conv2d(12, 12, kernel_size=(1, 127), stride=(1, 1), groups=12, bias=False)
  )
  (convblock): Sequential(
    (0): BatchNorm2d(12, eps=1e-05, momentum=0.1, affine=True, track_running_stats=True)
    (1): ReLU()
    (2): Conv2d(12, 96, kernel_size=(64, 1), stride=(1, 1), bias=False)
  )
  (temporalLayer): LogVarLayer()
  (fc): Sequential(
    (0): Linear(in_features=480, out_features=3, bias=True)
    (1): LogSoftmax(dim=1)
  )
)
