==============================
dataset: Transient
model  : ShallowConvNet
seed   : 2024
gpu    : 6
数据比例-----训练集:验证集:测试集 = (2872, 1, 64, 1000):(718, 1, 64, 1000):(1791, 1, 64, 1000)
=====================data are prepared===============
累计用时26.6301s!
--------------------开始训练!--------------------
Epoch:10	Train_acc:0.8594	Val_acc:0.6616	Train_loss:0.382712	Val_loss:0.769075
  Train_F1:0.8592, BCA:0.8594, EER:0.1025 | Val_F1:0.6603, BCA:0.6617, EER:0.2413
Epoch:20	Train_acc:0.9581	Val_acc:0.7159	Train_loss:0.146247	Val_loss:0.843566
  Train_F1:0.9581, BCA:0.9581, EER:0.0313 | Val_F1:0.7160, BCA:0.7158, EER:0.2176
Epoch:30	Train_acc:0.9837	Val_acc:0.7103	Train_loss:0.064591	Val_loss:0.990271
  Train_F1:0.9837, BCA:0.9837, EER:0.0126 | Val_F1:0.7106, BCA:0.7103, EER:0.2131
Epoch:40	Train_acc:0.9822	Val_acc:0.7187	Train_loss:0.052452	Val_loss:1.055399
  Train_F1:0.9822, BCA:0.9822, EER:0.0116 | Val_F1:0.7183, BCA:0.7188, EER:0.2016
Epoch:50	Train_acc:0.9925	Val_acc:0.7159	Train_loss:0.033139	Val_loss:1.103912
  Train_F1:0.9925, BCA:0.9925, EER:0.0051 | Val_F1:0.7149, BCA:0.7158, EER:0.2159
Epoch:60	Train_acc:0.9890	Val_acc:0.7006	Train_loss:0.037399	Val_loss:1.213173
  Train_F1:0.9890, BCA:0.9890, EER:0.0081 | Val_F1:0.7010, BCA:0.7006, EER:0.2211
Epoch:70	Train_acc:0.9890	Val_acc:0.6978	Train_loss:0.038416	Val_loss:1.260538
  Train_F1:0.9890, BCA:0.9890, EER:0.0077 | Val_F1:0.6950, BCA:0.6975, EER:0.2096
Early stopping triggered at epoch 71.
--------------------训练完成!--------------------
总训练轮数-71, 早停轮数-40
验证集最佳准确率为71.87%
验证集平均准确率为68.87%
=====================model are trained===============
累计用时14219.6627s!
测试集平均指标为  Acc:63.48%;  F1:63.22%;  BCA:63.49%; EER:25.94%;
=====================test are done===================
训练集:验证集:测试集=2872:718:1791
SEED       Acc        F1         BCA        EER       
2024       0.6348     0.6322     0.6349     0.2594    
2025       0.0000     0.0000     0.0000     0.0000    
2026       0.0000     0.0000     0.0000     0.0000    
2027       0.0000     0.0000     0.0000     0.0000    
2028       0.0000     0.0000     0.0000     0.0000    
Avg        0.6348     0.6322     0.6349     0.2594    
Std        0.0000     0.0000     0.0000     0.0000    
==============================
dataset: Transient
model  : ShallowConvNet
seed   : 2025
gpu    : 6
数据比例-----训练集:验证集:测试集 = (2872, 1, 64, 1000):(718, 1, 64, 1000):(1791, 1, 64, 1000)
=====================data are prepared===============
累计用时138.6150s!
--------------------开始训练!--------------------
Epoch:10	Train_acc:0.8068	Val_acc:0.6741	Train_loss:0.507287	Val_loss:0.796930
  Train_F1:0.8063, BCA:0.8067, EER:0.1358 | Val_F1:0.6731, BCA:0.6741, EER:0.2424
Epoch:20	Train_acc:0.9549	Val_acc:0.6922	Train_loss:0.155888	Val_loss:0.867407
  Train_F1:0.9549, BCA:0.9549, EER:0.0320 | Val_F1:0.6908, BCA:0.6921, EER:0.2197
Epoch:30	Train_acc:0.9744	Val_acc:0.6908	Train_loss:0.084932	Val_loss:1.038836
  Train_F1:0.9744, BCA:0.9744, EER:0.0178 | Val_F1:0.6897, BCA:0.6907, EER:0.2208
Epoch:40	Train_acc:0.9844	Val_acc:0.6894	Train_loss:0.050544	Val_loss:1.195262
  Train_F1:0.9844, BCA:0.9844, EER:0.0117 | Val_F1:0.6875, BCA:0.6893, EER:0.2232
Epoch:50	Train_acc:0.9893	Val_acc:0.6908	Train_loss:0.034197	Val_loss:1.324007
  Train_F1:0.9893, BCA:0.9894, EER:0.0068 | Val_F1:0.6904, BCA:0.6907, EER:0.2347
Epoch:60	Train_acc:0.9893	Val_acc:0.6713	Train_loss:0.033258	Val_loss:1.401946
  Train_F1:0.9893, BCA:0.9893, EER:0.0073 | Val_F1:0.6686, BCA:0.6711, EER:0.2249
Epoch:70	Train_acc:0.9869	Val_acc:0.6797	Train_loss:0.039943	Val_loss:1.356563
  Train_F1:0.9869, BCA:0.9869, EER:0.0092 | Val_F1:0.6785, BCA:0.6796, EER:0.2270
Epoch:80	Train_acc:0.9886	Val_acc:0.6741	Train_loss:0.032728	Val_loss:1.430519
  Train_F1:0.9886, BCA:0.9886, EER:0.0076 | Val_F1:0.6728, BCA:0.6741, EER:0.2410
Epoch:90	Train_acc:0.9933	Val_acc:0.6699	Train_loss:0.025555	Val_loss:1.592621
  Train_F1:0.9933, BCA:0.9932, EER:0.0052 | Val_F1:0.6659, BCA:0.6699, EER:0.2267
Early stopping triggered at epoch 98.
--------------------训练完成!--------------------
总训练轮数-98, 早停轮数-67
验证集最佳准确率为70.33%
验证集平均准确率为67.36%
=====================model are trained===============
累计用时17269.3294s!
测试集平均指标为  Acc:64.99%;  F1:64.88%;  BCA:64.99%; EER:25.70%;
=====================test are done===================
训练集:验证集:测试集=2872:718:1791
SEED       Acc        F1         BCA        EER       
2024       0.6348     0.6322     0.6349     0.2594    
2025       0.6499     0.6488     0.6499     0.2570    
2026       0.0000     0.0000     0.0000     0.0000    
2027       0.0000     0.0000     0.0000     0.0000    
2028       0.0000     0.0000     0.0000     0.0000    
Avg        0.6424     0.6405     0.6424     0.2582    
Std        0.0075     0.0083     0.0075     0.0012    
==============================
dataset: Transient
model  : ShallowConvNet
seed   : 2026
gpu    : 6
数据比例-----训练集:验证集:测试集 = (2872, 1, 64, 1000):(718, 1, 64, 1000):(1791, 1, 64, 1000)
=====================data are prepared===============
累计用时50.8109s!
--------------------开始训练!--------------------
Epoch:10	Train_acc:0.8207	Val_acc:0.6783	Train_loss:0.463103	Val_loss:0.844812
  Train_F1:0.8200, BCA:0.8206, EER:0.1257 | Val_F1:0.6725, BCA:0.6785, EER:0.2270
Epoch:20	Train_acc:0.9545	Val_acc:0.7061	Train_loss:0.134520	Val_loss:0.877958
  Train_F1:0.9545, BCA:0.9545, EER:0.0314 | Val_F1:0.7058, BCA:0.7062, EER:0.2110
Epoch:30	Train_acc:0.9783	Val_acc:0.6992	Train_loss:0.067219	Val_loss:1.082168
  Train_F1:0.9783, BCA:0.9783, EER:0.0149 | Val_F1:0.6930, BCA:0.6994, EER:0.1953
Epoch:40	Train_acc:0.9897	Val_acc:0.7075	Train_loss:0.037976	Val_loss:1.180594
  Train_F1:0.9897, BCA:0.9897, EER:0.0075 | Val_F1:0.7051, BCA:0.7076, EER:0.2075
Epoch:50	Train_acc:0.9929	Val_acc:0.7201	Train_loss:0.030648	Val_loss:1.259032
  Train_F1:0.9929, BCA:0.9929, EER:0.0052 | Val_F1:0.7177, BCA:0.7202, EER:0.2093
Epoch:60	Train_acc:0.9826	Val_acc:0.7089	Train_loss:0.058148	Val_loss:1.424918
  Train_F1:0.9826, BCA:0.9826, EER:0.0131 | Val_F1:0.7035, BCA:0.7091, EER:0.1995
Early stopping triggered at epoch 68.
--------------------训练完成!--------------------
总训练轮数-68, 早停轮数-37
验证集最佳准确率为72.42%
验证集平均准确率为68.62%
=====================model are trained===============
累计用时12357.5417s!
测试集平均指标为  Acc:64.99%;  F1:64.93%;  BCA:64.99%; EER:24.97%;
=====================test are done===================
训练集:验证集:测试集=2872:718:1791
SEED       Acc        F1         BCA        EER       
2024       0.6348     0.6322     0.6349     0.2594    
2025       0.6499     0.6488     0.6499     0.2570    
2026       0.6499     0.6493     0.6499     0.2497    
2027       0.0000     0.0000     0.0000     0.0000    
2028       0.0000     0.0000     0.0000     0.0000    
Avg        0.6449     0.6434     0.6449     0.2554    
Std        0.0071     0.0079     0.0071     0.0041    
==============================
dataset: Transient
model  : ShallowConvNet
seed   : 2027
gpu    : 6
数据比例-----训练集:验证集:测试集 = (2872, 1, 64, 1000):(718, 1, 64, 1000):(1791, 1, 64, 1000)
=====================data are prepared===============
累计用时109.8878s!
--------------------开始训练!--------------------
Epoch:10	Train_acc:0.8423	Val_acc:0.6797	Train_loss:0.408437	Val_loss:0.816775
  Train_F1:0.8420, BCA:0.8422, EER:0.1103 | Val_F1:0.6793, BCA:0.6796, EER:0.2357
Epoch:20	Train_acc:0.9627	Val_acc:0.6922	Train_loss:0.122324	Val_loss:0.919658
  Train_F1:0.9627, BCA:0.9627, EER:0.0265 | Val_F1:0.6913, BCA:0.6922, EER:0.2208
Epoch:30	Train_acc:0.9805	Val_acc:0.6950	Train_loss:0.063978	Val_loss:1.073404
  Train_F1:0.9805, BCA:0.9805, EER:0.0138 | Val_F1:0.6944, BCA:0.6951, EER:0.2183
Epoch:40	Train_acc:0.9890	Val_acc:0.6964	Train_loss:0.040682	Val_loss:1.110606
  Train_F1:0.9890, BCA:0.9890, EER:0.0080 | Val_F1:0.6947, BCA:0.6964, EER:0.2169
Early stopping triggered at epoch 45.
--------------------训练完成!--------------------
总训练轮数-45, 早停轮数-14
验证集最佳准确率为71.59%
验证集平均准确率为67.85%
=====================model are trained===============
累计用时8290.9094s!
测试集平均指标为  Acc:63.43%;  F1:63.22%;  BCA:63.43%; EER:26.17%;
=====================test are done===================
训练集:验证集:测试集=2872:718:1791
SEED       Acc        F1         BCA        EER       
2024       0.6348     0.6322     0.6349     0.2594    
2025       0.6499     0.6488     0.6499     0.2570    
2026       0.6499     0.6493     0.6499     0.2497    
2027       0.6343     0.6322     0.6343     0.2617    
2028       0.0000     0.0000     0.0000     0.0000    
Avg        0.6422     0.6406     0.6423     0.2569    
Std        0.0077     0.0084     0.0077     0.0045    
==============================
dataset: Transient
model  : ShallowConvNet
seed   : 2028
gpu    : 6
数据比例-----训练集:验证集:测试集 = (2872, 1, 64, 1000):(718, 1, 64, 1000):(1791, 1, 64, 1000)
=====================data are prepared===============
累计用时100.8770s!
--------------------开始训练!--------------------
Epoch:10	Train_acc:0.7841	Val_acc:0.6657	Train_loss:0.545497	Val_loss:0.779446
  Train_F1:0.7833, BCA:0.7841, EER:0.1598 | Val_F1:0.6630, BCA:0.6653, EER:0.2486
Epoch:20	Train_acc:0.9453	Val_acc:0.7006	Train_loss:0.176393	Val_loss:0.817599
  Train_F1:0.9452, BCA:0.9453, EER:0.0411 | Val_F1:0.7004, BCA:0.7005, EER:0.2162
Epoch:30	Train_acc:0.9656	Val_acc:0.6908	Train_loss:0.091587	Val_loss:0.978174
  Train_F1:0.9655, BCA:0.9656, EER:0.0237 | Val_F1:0.6904, BCA:0.6909, EER:0.2107
Epoch:40	Train_acc:0.9851	Val_acc:0.7187	Train_loss:0.045892	Val_loss:1.083837
  Train_F1:0.9851, BCA:0.9851, EER:0.0098 | Val_F1:0.7181, BCA:0.7186, EER:0.2058
Epoch:50	Train_acc:0.9862	Val_acc:0.7131	Train_loss:0.042182	Val_loss:1.151739
  Train_F1:0.9861, BCA:0.9861, EER:0.0102 | Val_F1:0.7123, BCA:0.7130, EER:0.2058
Epoch:60	Train_acc:0.9947	Val_acc:0.7047	Train_loss:0.019541	Val_loss:1.261490
  Train_F1:0.9947, BCA:0.9947, EER:0.0039 | Val_F1:0.7027, BCA:0.7047, EER:0.1995
Early stopping triggered at epoch 64.
--------------------训练完成!--------------------
总训练轮数-64, 早停轮数-33
验证集最佳准确率为72.84%
验证集平均准确率为69.04%
=====================model are trained===============
累计用时11239.3531s!
测试集平均指标为  Acc:65.44%;  F1:65.44%;  BCA:65.44%; EER:25.50%;
=====================test are done===================
训练集:验证集:测试集=2872:718:1791
SEED       Acc        F1         BCA        EER       
2024       0.6348     0.6322     0.6349     0.2594    
2025       0.6499     0.6488     0.6499     0.2570    
2026       0.6499     0.6493     0.6499     0.2497    
2027       0.6343     0.6322     0.6343     0.2617    
2028       0.6544     0.6544     0.6544     0.2550    
Avg        0.6447     0.6434     0.6447     0.2566    
Std        0.0084     0.0094     0.0084     0.0041    
--------------------------------------------------
ShallowConvNet(
  (block1): Sequential(
    (0): Conv2d(1, 40, kernel_size=(1, 13), stride=(1, 1))
    (1): Conv2d(40, 40, kernel_size=(64, 1), stride=(1, 1))
    (2): BatchNorm2d(40, eps=1e-05, momentum=0.1, affine=True, track_running_stats=True)
    (3): ELU(alpha=1.0)
    (4): AvgPool2d(kernel_size=(1, 35), stride=(1, 7), padding=0)
    (5): ELU(alpha=1.0)
    (6): Dropout(p=0.5, inplace=False)
  )
  (clf): Classifier(
    (flatten): Flatten(start_dim=1, end_dim=-1)
    (fc1): Linear(in_features=5480, out_features=50, bias=True)
    (relu): ReLU()
    (fc2): Linear(in_features=50, out_features=3, bias=True)
    (clf): Sequential(
      (0): Flatten(start_dim=1, end_dim=-1)
      (1): Linear(in_features=5480, out_features=50, bias=True)
      (2): ReLU()
      (3): Linear(in_features=50, out_features=3, bias=True)
    )
  )
)
