==============================
dataset: Transient
model  : EEGNet
seed   : 2024
gpu    : 6
数据比例-----训练集:验证集:测试集 = (2872, 1, 64, 1000):(718, 1, 64, 1000):(1791, 1, 64, 1000)
=====================data are prepared===============
累计用时29.2142s!
--------------------开始训练!--------------------
Epoch:10	Train_acc:0.5554	Val_acc:0.5613	Train_loss:0.894572	Val_loss:0.896138
  Train_F1:0.5464, BCA:0.5551, EER:0.3211 | Val_F1:0.5408, BCA:0.5607, EER:0.3190
Epoch:20	Train_acc:0.6165	Val_acc:0.5864	Train_loss:0.810344	Val_loss:0.824526
  Train_F1:0.6109, BCA:0.6162, EER:0.2727 | Val_F1:0.5768, BCA:0.5859, EER:0.2866
Epoch:30	Train_acc:0.6768	Val_acc:0.6323	Train_loss:0.717435	Val_loss:0.762422
  Train_F1:0.6744, BCA:0.6766, EER:0.2291 | Val_F1:0.6266, BCA:0.6319, EER:0.2567
Epoch:40	Train_acc:0.7109	Val_acc:0.6560	Train_loss:0.668460	Val_loss:0.745210
  Train_F1:0.7095, BCA:0.7111, EER:0.2086 | Val_F1:0.6537, BCA:0.6557, EER:0.2427
Epoch:50	Train_acc:0.7251	Val_acc:0.6783	Train_loss:0.624032	Val_loss:0.704372
  Train_F1:0.7235, BCA:0.7250, EER:0.1913 | Val_F1:0.6753, BCA:0.6779, EER:0.2284
Epoch:60	Train_acc:0.7578	Val_acc:0.7006	Train_loss:0.581948	Val_loss:0.696021
  Train_F1:0.7573, BCA:0.7577, EER:0.1769 | Val_F1:0.6978, BCA:0.7003, EER:0.2229
Epoch:70	Train_acc:0.7717	Val_acc:0.7061	Train_loss:0.547501	Val_loss:0.681655
  Train_F1:0.7713, BCA:0.7717, EER:0.1584 | Val_F1:0.7038, BCA:0.7059, EER:0.2110
Epoch:80	Train_acc:0.7940	Val_acc:0.6992	Train_loss:0.504365	Val_loss:0.687095
  Train_F1:0.7933, BCA:0.7938, EER:0.1496 | Val_F1:0.6973, BCA:0.6989, EER:0.2156
Epoch:90	Train_acc:0.7955	Val_acc:0.6936	Train_loss:0.493751	Val_loss:0.692295
  Train_F1:0.7952, BCA:0.7955, EER:0.1414 | Val_F1:0.6922, BCA:0.6935, EER:0.2229
Early stopping triggered at epoch 100.
--------------------训练完成!--------------------
总训练轮数-100, 早停轮数-69
验证集最佳准确率为71.31%
验证集平均准确率为64.73%
=====================model are trained===============
累计用时19631.2113s!
测试集平均指标为  Acc:63.09%;  F1:62.86%;  BCA:63.09%; EER:26.84%;
=====================test are done===================
训练集:验证集:测试集=2872:718:1791
SEED       Acc        F1         BCA        EER       
2024       0.6309     0.6286     0.6309     0.2684    
2025       0.0000     0.0000     0.0000     0.0000    
2026       0.0000     0.0000     0.0000     0.0000    
2027       0.0000     0.0000     0.0000     0.0000    
2028       0.0000     0.0000     0.0000     0.0000    
Avg        0.6309     0.6286     0.6309     0.2684    
Std        0.0000     0.0000     0.0000     0.0000    
==============================
dataset: Transient
model  : EEGNet
seed   : 2025
gpu    : 6
数据比例-----训练集:验证集:测试集 = (2872, 1, 64, 1000):(718, 1, 64, 1000):(1791, 1, 64, 1000)
=====================data are prepared===============
累计用时64.6282s!
--------------------开始训练!--------------------
Epoch:10	Train_acc:0.5575	Val_acc:0.5376	Train_loss:0.886176	Val_loss:0.911875
  Train_F1:0.5476, BCA:0.5573, EER:0.3155 | Val_F1:0.5029, BCA:0.5367, EER:0.3315
Epoch:20	Train_acc:0.6257	Val_acc:0.5655	Train_loss:0.802273	Val_loss:0.885152
  Train_F1:0.6221, BCA:0.6252, EER:0.2654 | Val_F1:0.5460, BCA:0.5647, EER:0.3072
Epoch:30	Train_acc:0.6864	Val_acc:0.6031	Train_loss:0.725799	Val_loss:0.842920
  Train_F1:0.6846, BCA:0.6861, EER:0.2329 | Val_F1:0.5866, BCA:0.6023, EER:0.2890
Epoch:40	Train_acc:0.7106	Val_acc:0.6407	Train_loss:0.648701	Val_loss:0.769347
  Train_F1:0.7092, BCA:0.7106, EER:0.2050 | Val_F1:0.6386, BCA:0.6404, EER:0.2563
Epoch:50	Train_acc:0.7472	Val_acc:0.6602	Train_loss:0.595047	Val_loss:0.757212
  Train_F1:0.7462, BCA:0.7470, EER:0.1805 | Val_F1:0.6560, BCA:0.6598, EER:0.2452
Epoch:60	Train_acc:0.7646	Val_acc:0.6407	Train_loss:0.546811	Val_loss:0.749260
  Train_F1:0.7644, BCA:0.7647, EER:0.1641 | Val_F1:0.6373, BCA:0.6403, EER:0.2560
Epoch:70	Train_acc:0.7869	Val_acc:0.6504	Train_loss:0.516175	Val_loss:0.764090
  Train_F1:0.7865, BCA:0.7868, EER:0.1504 | Val_F1:0.6467, BCA:0.6502, EER:0.2476
Epoch:80	Train_acc:0.8072	Val_acc:0.6588	Train_loss:0.482911	Val_loss:0.743604
  Train_F1:0.8070, BCA:0.8071, EER:0.1375 | Val_F1:0.6584, BCA:0.6586, EER:0.2361
Epoch:90	Train_acc:0.8161	Val_acc:0.6518	Train_loss:0.450502	Val_loss:0.744679
  Train_F1:0.8158, BCA:0.8161, EER:0.1297 | Val_F1:0.6502, BCA:0.6517, EER:0.2344
Epoch:100	Train_acc:0.8299	Val_acc:0.6490	Train_loss:0.428912	Val_loss:0.746751
  Train_F1:0.8299, BCA:0.8299, EER:0.1198 | Val_F1:0.6459, BCA:0.6489, EER:0.2305
Early stopping triggered at epoch 108.
--------------------训练完成!--------------------
总训练轮数-108, 早停轮数-77
验证集最佳准确率为68.52%
验证集平均准确率为62.23%
=====================model are trained===============
累计用时18833.8597s!
测试集平均指标为  Acc:61.31%;  F1:61.16%;  BCA:61.30%; EER:28.52%;
=====================test are done===================
训练集:验证集:测试集=2872:718:1791
SEED       Acc        F1         BCA        EER       
2024       0.6309     0.6286     0.6309     0.2684    
2025       0.6131     0.6116     0.6130     0.2852    
2026       0.0000     0.0000     0.0000     0.0000    
2027       0.0000     0.0000     0.0000     0.0000    
2028       0.0000     0.0000     0.0000     0.0000    
Avg        0.6220     0.6201     0.6220     0.2768    
Std        0.0089     0.0085     0.0089     0.0084    
==============================
dataset: Transient
model  : EEGNet
seed   : 2026
gpu    : 6
数据比例-----训练集:验证集:测试集 = (2872, 1, 64, 1000):(718, 1, 64, 1000):(1791, 1, 64, 1000)
=====================data are prepared===============
累计用时104.9024s!
--------------------开始训练!--------------------
Epoch:10	Train_acc:0.5682	Val_acc:0.5738	Train_loss:0.878835	Val_loss:0.905001
  Train_F1:0.5613, BCA:0.5679, EER:0.3107 | Val_F1:0.5452, BCA:0.5738, EER:0.2977
Epoch:20	Train_acc:0.6442	Val_acc:0.6323	Train_loss:0.769150	Val_loss:0.846057
  Train_F1:0.6387, BCA:0.6439, EER:0.2512 | Val_F1:0.6280, BCA:0.6323, EER:0.2646
Epoch:30	Train_acc:0.6776	Val_acc:0.6476	Train_loss:0.704285	Val_loss:0.828505
  Train_F1:0.6746, BCA:0.6775, EER:0.2301 | Val_F1:0.6427, BCA:0.6477, EER:0.2497
Epoch:40	Train_acc:0.7170	Val_acc:0.6811	Train_loss:0.650415	Val_loss:0.765388
  Train_F1:0.7154, BCA:0.7168, EER:0.2021 | Val_F1:0.6797, BCA:0.6812, EER:0.2225
Epoch:50	Train_acc:0.7507	Val_acc:0.7173	Train_loss:0.583720	Val_loss:0.745812
  Train_F1:0.7502, BCA:0.7505, EER:0.1781 | Val_F1:0.7151, BCA:0.7173, EER:0.2100
Epoch:60	Train_acc:0.7713	Val_acc:0.7159	Train_loss:0.540434	Val_loss:0.747659
  Train_F1:0.7709, BCA:0.7713, EER:0.1631 | Val_F1:0.7126, BCA:0.7159, EER:0.2107
Epoch:70	Train_acc:0.7884	Val_acc:0.7033	Train_loss:0.524534	Val_loss:0.742779
  Train_F1:0.7877, BCA:0.7882, EER:0.1546 | Val_F1:0.7016, BCA:0.7034, EER:0.2093
Epoch:80	Train_acc:0.7908	Val_acc:0.6880	Train_loss:0.487688	Val_loss:0.761000
  Train_F1:0.7902, BCA:0.7907, EER:0.1501 | Val_F1:0.6866, BCA:0.6881, EER:0.2162
Epoch:90	Train_acc:0.8192	Val_acc:0.7033	Train_loss:0.444930	Val_loss:0.767759
  Train_F1:0.8189, BCA:0.8193, EER:0.1281 | Val_F1:0.7012, BCA:0.7033, EER:0.2162
Early stopping triggered at epoch 94.
--------------------训练完成!--------------------
总训练轮数-94, 早停轮数-63
验证集最佳准确率为72.28%
验证集平均准确率为65.97%
=====================model are trained===============
累计用时16969.9232s!
测试集平均指标为  Acc:64.21%;  F1:63.97%;  BCA:64.21%; EER:25.63%;
=====================test are done===================
训练集:验证集:测试集=2872:718:1791
SEED       Acc        F1         BCA        EER       
2024       0.6309     0.6286     0.6309     0.2684    
2025       0.6131     0.6116     0.6130     0.2852    
2026       0.6421     0.6397     0.6421     0.2563    
2027       0.0000     0.0000     0.0000     0.0000    
2028       0.0000     0.0000     0.0000     0.0000    
Avg        0.6287     0.6266     0.6287     0.2700    
Std        0.0120     0.0115     0.0120     0.0118    
==============================
dataset: Transient
model  : EEGNet
seed   : 2027
gpu    : 6
数据比例-----训练集:验证集:测试集 = (2872, 1, 64, 1000):(718, 1, 64, 1000):(1791, 1, 64, 1000)
=====================data are prepared===============
累计用时59.1455s!
--------------------开始训练!--------------------
Epoch:10	Train_acc:0.5639	Val_acc:0.5836	Train_loss:0.888404	Val_loss:0.903475
  Train_F1:0.5491, BCA:0.5629, EER:0.3121 | Val_F1:0.5783, BCA:0.5837, EER:0.3047
Epoch:20	Train_acc:0.6506	Val_acc:0.6574	Train_loss:0.768424	Val_loss:0.817477
  Train_F1:0.6469, BCA:0.6500, EER:0.2486 | Val_F1:0.6555, BCA:0.6574, EER:0.2559
Epoch:30	Train_acc:0.6932	Val_acc:0.6602	Train_loss:0.691815	Val_loss:0.773295
  Train_F1:0.6917, BCA:0.6929, EER:0.2157 | Val_F1:0.6602, BCA:0.6602, EER:0.2462
Epoch:40	Train_acc:0.7212	Val_acc:0.6908	Train_loss:0.644838	Val_loss:0.750920
  Train_F1:0.7201, BCA:0.7212, EER:0.1986 | Val_F1:0.6886, BCA:0.6909, EER:0.2288
Epoch:50	Train_acc:0.7482	Val_acc:0.7006	Train_loss:0.593015	Val_loss:0.731725
  Train_F1:0.7473, BCA:0.7483, EER:0.1788 | Val_F1:0.7001, BCA:0.7006, EER:0.2228
Epoch:60	Train_acc:0.7670	Val_acc:0.7047	Train_loss:0.561050	Val_loss:0.723312
  Train_F1:0.7667, BCA:0.7669, EER:0.1667 | Val_F1:0.7037, BCA:0.7048, EER:0.2068
Epoch:70	Train_acc:0.7812	Val_acc:0.6992	Train_loss:0.515201	Val_loss:0.720413
  Train_F1:0.7809, BCA:0.7812, EER:0.1521 | Val_F1:0.6977, BCA:0.6992, EER:0.2068
Early stopping triggered at epoch 80.
--------------------训练完成!--------------------
总训练轮数-80, 早停轮数-49
验证集最佳准确率为71.17%
验证集平均准确率为65.83%
=====================model are trained===============
累计用时13329.5753s!
测试集平均指标为  Acc:66.55%;  F1:66.44%;  BCA:66.56%; EER:23.74%;
=====================test are done===================
训练集:验证集:测试集=2872:718:1791
SEED       Acc        F1         BCA        EER       
2024       0.6309     0.6286     0.6309     0.2684    
2025       0.6131     0.6116     0.6130     0.2852    
2026       0.6421     0.6397     0.6421     0.2563    
2027       0.6655     0.6644     0.6656     0.2374    
2028       0.0000     0.0000     0.0000     0.0000    
Avg        0.6379     0.6361     0.6379     0.2618    
Std        0.0190     0.0192     0.0190     0.0174    
==============================
dataset: Transient
model  : EEGNet
seed   : 2028
gpu    : 6
数据比例-----训练集:验证集:测试集 = (2872, 1, 64, 1000):(718, 1, 64, 1000):(1791, 1, 64, 1000)
=====================data are prepared===============
累计用时52.0815s!
--------------------开始训练!--------------------
Epoch:10	Train_acc:0.5692	Val_acc:0.5961	Train_loss:0.889730	Val_loss:0.868109
  Train_F1:0.5533, BCA:0.5685, EER:0.3121 | Val_F1:0.5827, BCA:0.5954, EER:0.2988
Epoch:20	Train_acc:0.6534	Val_acc:0.6476	Train_loss:0.773955	Val_loss:0.790471
  Train_F1:0.6510, BCA:0.6531, EER:0.2524 | Val_F1:0.6396, BCA:0.6472, EER:0.2507
Epoch:30	Train_acc:0.6839	Val_acc:0.6978	Train_loss:0.699970	Val_loss:0.720700
  Train_F1:0.6828, BCA:0.6842, EER:0.2209 | Val_F1:0.6931, BCA:0.6974, EER:0.2180
Epoch:40	Train_acc:0.7273	Val_acc:0.7270	Train_loss:0.625004	Val_loss:0.682476
  Train_F1:0.7265, BCA:0.7270, EER:0.1927 | Val_F1:0.7247, BCA:0.7267, EER:0.2023
Epoch:50	Train_acc:0.7433	Val_acc:0.7437	Train_loss:0.591474	Val_loss:0.642624
  Train_F1:0.7433, BCA:0.7432, EER:0.1815 | Val_F1:0.7421, BCA:0.7435, EER:0.1793
Epoch:60	Train_acc:0.7827	Val_acc:0.7409	Train_loss:0.541114	Val_loss:0.630027
  Train_F1:0.7825, BCA:0.7827, EER:0.1605 | Val_F1:0.7401, BCA:0.7408, EER:0.1901
Epoch:70	Train_acc:0.7816	Val_acc:0.7604	Train_loss:0.518712	Val_loss:0.609598
  Train_F1:0.7815, BCA:0.7815, EER:0.1525 | Val_F1:0.7596, BCA:0.7603, EER:0.1832
Epoch:80	Train_acc:0.7951	Val_acc:0.7535	Train_loss:0.496619	Val_loss:0.607372
  Train_F1:0.7950, BCA:0.7953, EER:0.1482 | Val_F1:0.7525, BCA:0.7533, EER:0.1828
Epoch:90	Train_acc:0.8164	Val_acc:0.7535	Train_loss:0.461822	Val_loss:0.587359
  Train_F1:0.8162, BCA:0.8165, EER:0.1323 | Val_F1:0.7528, BCA:0.7533, EER:0.1720
Epoch:100	Train_acc:0.8178	Val_acc:0.7535	Train_loss:0.449051	Val_loss:0.592348
  Train_F1:0.8178, BCA:0.8179, EER:0.1306 | Val_F1:0.7522, BCA:0.7533, EER:0.1755
Early stopping triggered at epoch 105.
--------------------训练完成!--------------------
总训练轮数-105, 早停轮数-74
验证集最佳准确率为77.02%
验证集平均准确率为70.50%
=====================model are trained===============
累计用时9259.7566s!
测试集平均指标为  Acc:65.55%;  F1:65.45%;  BCA:65.55%; EER:25.08%;
=====================test are done===================
训练集:验证集:测试集=2872:718:1791
SEED       Acc        F1         BCA        EER       
2024       0.6309     0.6286     0.6309     0.2684    
2025       0.6131     0.6116     0.6130     0.2852    
2026       0.6421     0.6397     0.6421     0.2563    
2027       0.6655     0.6644     0.6656     0.2374    
2028       0.6555     0.6545     0.6555     0.2508    
Avg        0.6414     0.6398     0.6414     0.2596    
Std        0.0184     0.0187     0.0184     0.0162    
--------------------------------------------------
EEGNet(
  (block1): Sequential(
    (0): ZeroPad2d((31, 32, 0, 0))
    (1): Conv2d(1, 8, kernel_size=(1, 64), stride=(1, 1), bias=False)
    (2): BatchNorm2d(8, eps=1e-05, momentum=0.1, affine=True, track_running_stats=True)
  )
  (block2): Sequential(
    (0): Conv2d(8, 16, kernel_size=(64, 1), stride=(1, 1), groups=8, bias=False)
    (1): BatchNorm2d(16, eps=1e-05, momentum=0.1, affine=True, track_running_stats=True)
    (2): ELU(alpha=1.0)
    (3): AvgPool2d(kernel_size=(1, 4), stride=(1, 4), padding=0)
    (4): Dropout(p=0.5, inplace=False)
  )
  (block3): Sequential(
    (0): ZeroPad2d((7, 8, 0, 0))
    (1): Conv2d(16, 16, kernel_size=(1, 16), stride=(1, 1), groups=16, bias=False)
    (2): BatchNorm2d(16, eps=1e-05, momentum=0.1, affine=True, track_running_stats=True)
    (3): Conv2d(16, 16, kernel_size=(1, 1), stride=(1, 1), bias=False)
    (4): BatchNorm2d(16, eps=1e-05, momentum=0.1, affine=True, track_running_stats=True)
    (5): ELU(alpha=1.0)
    (6): AvgPool2d(kernel_size=(1, 8), stride=(1, 8), padding=0)
    (7): Dropout(p=0.5, inplace=False)
  )
  (clf): Classifier(
    (flatten): Flatten(start_dim=1, end_dim=-1)
    (fc1): Linear(in_features=496, out_features=50, bias=True)
    (relu): ReLU()
    (fc2): Linear(in_features=50, out_features=3, bias=True)
    (clf): Sequential(
      (0): Flatten(start_dim=1, end_dim=-1)
      (1): Linear(in_features=496, out_features=50, bias=True)
      (2): ReLU()
      (3): Linear(in_features=50, out_features=3, bias=True)
    )
  )
)
